{"C:\\Hacktiv8 Bootcamp\\Phase3\\Final Project\\fsjs-t1-final-server\\services\\server1\\app.js": {"path":"C:\\Hacktiv8 Bootcamp\\Phase3\\Final Project\\fsjs-t1-final-server\\services\\server1\\app.js","statementMap":{"0":{"start":{"line":1,"column":0},"end":{"line":3,"column":1}},"1":{"start":{"line":2,"column":2},"end":{"line":2,"column":29}},"2":{"start":{"line":5,"column":16},"end":{"line":5,"column":34}},"3":{"start":{"line":6,"column":12},"end":{"line":6,"column":21}},"4":{"start":{"line":7,"column":13},"end":{"line":7,"column":28}},"5":{"start":{"line":8,"column":13},"end":{"line":8,"column":37}},"6":{"start":{"line":9,"column":19},"end":{"line":9,"column":54}},"7":{"start":{"line":10,"column":21},"end":{"line":10,"column":58}},"8":{"start":{"line":11,"column":23},"end":{"line":11,"column":62}},"9":{"start":{"line":12,"column":15},"end":{"line":12,"column":42}},"10":{"start":{"line":16,"column":0},"end":{"line":16,"column":16}},"11":{"start":{"line":17,"column":0},"end":{"line":17,"column":24}},"12":{"start":{"line":18,"column":0},"end":{"line":18,"column":48}},"13":{"start":{"line":20,"column":0},"end":{"line":22,"column":2}},"14":{"start":{"line":21,"column":2},"end":{"line":21,"column":26}},"15":{"start":{"line":25,"column":0},"end":{"line":25,"column":67}},"16":{"start":{"line":26,"column":0},"end":{"line":26,"column":36}},"17":{"start":{"line":30,"column":0},"end":{"line":30,"column":48}},"18":{"start":{"line":31,"column":0},"end":{"line":31,"column":69}},"19":{"start":{"line":33,"column":0},"end":{"line":33,"column":69}},"20":{"start":{"line":34,"column":0},"end":{"line":34,"column":48}},"21":{"start":{"line":35,"column":0},"end":{"line":35,"column":49}},"22":{"start":{"line":36,"column":0},"end":{"line":36,"column":72}},"23":{"start":{"line":37,"column":0},"end":{"line":37,"column":53}},"24":{"start":{"line":39,"column":0},"end":{"line":39,"column":21}},"25":{"start":{"line":44,"column":0},"end":{"line":44,"column":20}}},"fnMap":{"0":{"name":"(anonymous_0)","decl":{"start":{"line":20,"column":13},"end":{"line":20,"column":14}},"loc":{"start":{"line":20,"column":27},"end":{"line":22,"column":1}},"line":20}},"branchMap":{"0":{"loc":{"start":{"line":1,"column":0},"end":{"line":3,"column":1}},"type":"if","locations":[{"start":{"line":1,"column":0},"end":{"line":3,"column":1}},{"start":{},"end":{}}],"line":1},"1":{"loc":{"start":{"line":8,"column":13},"end":{"line":8,"column":37}},"type":"binary-expr","locations":[{"start":{"line":8,"column":13},"end":{"line":8,"column":29}},{"start":{"line":8,"column":33},"end":{"line":8,"column":37}}],"line":8}},"s":{"0":1,"1":1,"2":1,"3":1,"4":1,"5":1,"6":1,"7":1,"8":1,"9":1,"10":1,"11":1,"12":1,"13":1,"14":0,"15":1,"16":1,"17":1,"18":1,"19":1,"20":1,"21":1,"22":1,"23":1,"24":1,"25":1},"f":{"0":0},"b":{"0":[1,0],"1":[1,1]},"_coverageSchema":"1a1c01bbd47fc00a2c39e90264f33305004495a9","hash":"28dacf5716ab3243ef4ff5cb99dd7293cdf7a4f6"}
,"C:\\Hacktiv8 Bootcamp\\Phase3\\Final Project\\fsjs-t1-final-server\\services\\server1\\controllers\\controller.js": {"path":"C:\\Hacktiv8 Bootcamp\\Phase3\\Final Project\\fsjs-t1-final-server\\services\\server1\\controllers\\controller.js","statementMap":{"0":{"start":{"line":1,"column":22},"end":{"line":1,"column":48}},"1":{"start":{"line":2,"column":15},"end":{"line":2,"column":32}},"2":{"start":{"line":3,"column":24},"end":{"line":3,"column":53}},"3":{"start":{"line":4,"column":15},"end":{"line":4,"column":35}},"4":{"start":{"line":5,"column":19},"end":{"line":5,"column":52}},"5":{"start":{"line":6,"column":21},"end":{"line":6,"column":55}},"6":{"start":{"line":7,"column":19},"end":{"line":7,"column":49}},"7":{"start":{"line":12,"column":4},"end":{"line":43,"column":5}},"8":{"start":{"line":13,"column":6},"end":{"line":13,"column":42}},"9":{"start":{"line":16,"column":8},"end":{"line":16,"column":16}},"10":{"start":{"line":17,"column":6},"end":{"line":17,"column":39}},"11":{"start":{"line":22,"column":19},"end":{"line":22,"column":23}},"12":{"start":{"line":23,"column":6},"end":{"line":26,"column":7}},"13":{"start":{"line":24,"column":19},"end":{"line":24,"column":45}},"14":{"start":{"line":25,"column":8},"end":{"line":25,"column":26}},"15":{"start":{"line":28,"column":20},"end":{"line":37,"column":8}},"16":{"start":{"line":39,"column":6},"end":{"line":39,"column":59}},"17":{"start":{"line":41,"column":6},"end":{"line":41,"column":23}},"18":{"start":{"line":42,"column":6},"end":{"line":42,"column":16}},"19":{"start":{"line":48,"column":4},"end":{"line":79,"column":5}},"20":{"start":{"line":50,"column":32},"end":{"line":50,"column":40}},"21":{"start":{"line":51,"column":6},"end":{"line":53,"column":7}},"22":{"start":{"line":52,"column":8},"end":{"line":52,"column":40}},"23":{"start":{"line":54,"column":6},"end":{"line":56,"column":7}},"24":{"start":{"line":55,"column":8},"end":{"line":55,"column":43}},"25":{"start":{"line":58,"column":19},"end":{"line":58,"column":66}},"26":{"start":{"line":59,"column":6},"end":{"line":62,"column":7}},"27":{"start":{"line":61,"column":8},"end":{"line":61,"column":44}},"28":{"start":{"line":64,"column":6},"end":{"line":75,"column":7}},"29":{"start":{"line":65,"column":29},"end":{"line":65,"column":75}},"30":{"start":{"line":67,"column":8},"end":{"line":72,"column":11}},"31":{"start":{"line":74,"column":8},"end":{"line":74,"column":44}},"32":{"start":{"line":77,"column":6},"end":{"line":77,"column":23}},"33":{"start":{"line":78,"column":6},"end":{"line":78,"column":16}},"34":{"start":{"line":83,"column":4},"end":{"line":118,"column":5}},"35":{"start":{"line":84,"column":23},"end":{"line":84,"column":33}},"36":{"start":{"line":86,"column":8},"end":{"line":86,"column":16}},"37":{"start":{"line":88,"column":18},"end":{"line":88,"column":45}},"38":{"start":{"line":89,"column":6},"end":{"line":91,"column":7}},"39":{"start":{"line":90,"column":8},"end":{"line":90,"column":35}},"40":{"start":{"line":94,"column":19},"end":{"line":94,"column":23}},"41":{"start":{"line":95,"column":6},"end":{"line":98,"column":7}},"42":{"start":{"line":96,"column":19},"end":{"line":96,"column":45}},"43":{"start":{"line":97,"column":8},"end":{"line":97,"column":26}},"44":{"start":{"line":100,"column":20},"end":{"line":113,"column":7}},"45":{"start":{"line":114,"column":6},"end":{"line":114,"column":73}},"46":{"start":{"line":116,"column":6},"end":{"line":116,"column":23}},"47":{"start":{"line":117,"column":6},"end":{"line":117,"column":16}},"48":{"start":{"line":122,"column":4},"end":{"line":135,"column":5}},"49":{"start":{"line":124,"column":23},"end":{"line":124,"column":33}},"50":{"start":{"line":125,"column":17},"end":{"line":125,"column":44}},"51":{"start":{"line":126,"column":6},"end":{"line":128,"column":7}},"52":{"start":{"line":127,"column":8},"end":{"line":127,"column":35}},"53":{"start":{"line":129,"column":6},"end":{"line":129,"column":32}},"54":{"start":{"line":131,"column":6},"end":{"line":131,"column":33}},"55":{"start":{"line":133,"column":6},"end":{"line":133,"column":23}},"56":{"start":{"line":134,"column":6},"end":{"line":134,"column":16}},"57":{"start":{"line":140,"column":4},"end":{"line":165,"column":5}},"58":{"start":{"line":141,"column":6},"end":{"line":144,"column":7}},"59":{"start":{"line":142,"column":8},"end":{"line":142,"column":54}},"60":{"start":{"line":147,"column":17},"end":{"line":147,"column":43}},"61":{"start":{"line":148,"column":19},"end":{"line":148,"column":27}},"62":{"start":{"line":151,"column":18},"end":{"line":160,"column":8}},"63":{"start":{"line":161,"column":6},"end":{"line":161,"column":32}},"64":{"start":{"line":163,"column":6},"end":{"line":163,"column":23}},"65":{"start":{"line":164,"column":6},"end":{"line":164,"column":16}},"66":{"start":{"line":169,"column":4},"end":{"line":180,"column":5}},"67":{"start":{"line":170,"column":6},"end":{"line":170,"column":30}},"68":{"start":{"line":171,"column":18},"end":{"line":175,"column":8}},"69":{"start":{"line":176,"column":6},"end":{"line":176,"column":32}},"70":{"start":{"line":178,"column":6},"end":{"line":178,"column":23}},"71":{"start":{"line":179,"column":6},"end":{"line":179,"column":16}},"72":{"start":{"line":184,"column":4},"end":{"line":198,"column":5}},"73":{"start":{"line":185,"column":18},"end":{"line":190,"column":8}},"74":{"start":{"line":191,"column":6},"end":{"line":193,"column":7}},"75":{"start":{"line":192,"column":8},"end":{"line":192,"column":35}},"76":{"start":{"line":194,"column":6},"end":{"line":194,"column":32}},"77":{"start":{"line":197,"column":6},"end":{"line":197,"column":16}},"78":{"start":{"line":202,"column":4},"end":{"line":231,"column":5}},"79":{"start":{"line":203,"column":19},"end":{"line":203,"column":34}},"80":{"start":{"line":204,"column":6},"end":{"line":208,"column":7}},"81":{"start":{"line":205,"column":19},"end":{"line":205,"column":45}},"82":{"start":{"line":207,"column":21},"end":{"line":207,"column":29}},"83":{"start":{"line":210,"column":25},"end":{"line":225,"column":7}},"84":{"start":{"line":227,"column":6},"end":{"line":227,"column":80}},"85":{"start":{"line":230,"column":6},"end":{"line":230,"column":16}},"86":{"start":{"line":235,"column":4},"end":{"line":251,"column":5}},"87":{"start":{"line":236,"column":18},"end":{"line":236,"column":51}},"88":{"start":{"line":237,"column":6},"end":{"line":239,"column":7}},"89":{"start":{"line":238,"column":8},"end":{"line":238,"column":35}},"90":{"start":{"line":241,"column":6},"end":{"line":245,"column":9}},"91":{"start":{"line":247,"column":6},"end":{"line":247,"column":61}},"92":{"start":{"line":249,"column":6},"end":{"line":249,"column":23}},"93":{"start":{"line":250,"column":6},"end":{"line":250,"column":16}},"94":{"start":{"line":255,"column":0},"end":{"line":255,"column":28}}},"fnMap":{"0":{"name":"(anonymous_0)","decl":{"start":{"line":11,"column":2},"end":{"line":11,"column":3}},"loc":{"start":{"line":11,"column":40},"end":{"line":44,"column":3}},"line":11},"1":{"name":"(anonymous_1)","decl":{"start":{"line":46,"column":2},"end":{"line":46,"column":3}},"loc":{"start":{"line":46,"column":37},"end":{"line":80,"column":3}},"line":46},"2":{"name":"(anonymous_2)","decl":{"start":{"line":82,"column":2},"end":{"line":82,"column":3}},"loc":{"start":{"line":82,"column":39},"end":{"line":119,"column":3}},"line":82},"3":{"name":"(anonymous_3)","decl":{"start":{"line":121,"column":2},"end":{"line":121,"column":3}},"loc":{"start":{"line":121,"column":43},"end":{"line":136,"column":3}},"line":121},"4":{"name":"(anonymous_4)","decl":{"start":{"line":139,"column":2},"end":{"line":139,"column":3}},"loc":{"start":{"line":139,"column":38},"end":{"line":166,"column":3}},"line":139},"5":{"name":"(anonymous_5)","decl":{"start":{"line":168,"column":2},"end":{"line":168,"column":3}},"loc":{"start":{"line":168,"column":43},"end":{"line":181,"column":3}},"line":168},"6":{"name":"(anonymous_6)","decl":{"start":{"line":183,"column":2},"end":{"line":183,"column":3}},"loc":{"start":{"line":183,"column":40},"end":{"line":199,"column":3}},"line":183},"7":{"name":"(anonymous_7)","decl":{"start":{"line":201,"column":2},"end":{"line":201,"column":3}},"loc":{"start":{"line":201,"column":38},"end":{"line":232,"column":3}},"line":201},"8":{"name":"(anonymous_8)","decl":{"start":{"line":234,"column":2},"end":{"line":234,"column":3}},"loc":{"start":{"line":234,"column":41},"end":{"line":252,"column":3}},"line":234}},"branchMap":{"0":{"loc":{"start":{"line":23,"column":6},"end":{"line":26,"column":7}},"type":"if","locations":[{"start":{"line":23,"column":6},"end":{"line":26,"column":7}},{"start":{},"end":{}}],"line":23},"1":{"loc":{"start":{"line":51,"column":6},"end":{"line":53,"column":7}},"type":"if","locations":[{"start":{"line":51,"column":6},"end":{"line":53,"column":7}},{"start":{},"end":{}}],"line":51},"2":{"loc":{"start":{"line":54,"column":6},"end":{"line":56,"column":7}},"type":"if","locations":[{"start":{"line":54,"column":6},"end":{"line":56,"column":7}},{"start":{},"end":{}}],"line":54},"3":{"loc":{"start":{"line":59,"column":6},"end":{"line":62,"column":7}},"type":"if","locations":[{"start":{"line":59,"column":6},"end":{"line":62,"column":7}},{"start":{},"end":{}}],"line":59},"4":{"loc":{"start":{"line":64,"column":6},"end":{"line":75,"column":7}},"type":"if","locations":[{"start":{"line":64,"column":6},"end":{"line":75,"column":7}},{"start":{"line":73,"column":13},"end":{"line":75,"column":7}}],"line":64},"5":{"loc":{"start":{"line":89,"column":6},"end":{"line":91,"column":7}},"type":"if","locations":[{"start":{"line":89,"column":6},"end":{"line":91,"column":7}},{"start":{},"end":{}}],"line":89},"6":{"loc":{"start":{"line":95,"column":6},"end":{"line":98,"column":7}},"type":"if","locations":[{"start":{"line":95,"column":6},"end":{"line":98,"column":7}},{"start":{},"end":{}}],"line":95},"7":{"loc":{"start":{"line":126,"column":6},"end":{"line":128,"column":7}},"type":"if","locations":[{"start":{"line":126,"column":6},"end":{"line":128,"column":7}},{"start":{},"end":{}}],"line":126},"8":{"loc":{"start":{"line":141,"column":6},"end":{"line":144,"column":7}},"type":"if","locations":[{"start":{"line":141,"column":6},"end":{"line":144,"column":7}},{"start":{},"end":{}}],"line":141},"9":{"loc":{"start":{"line":191,"column":6},"end":{"line":193,"column":7}},"type":"if","locations":[{"start":{"line":191,"column":6},"end":{"line":193,"column":7}},{"start":{},"end":{}}],"line":191},"10":{"loc":{"start":{"line":204,"column":6},"end":{"line":208,"column":7}},"type":"if","locations":[{"start":{"line":204,"column":6},"end":{"line":208,"column":7}},{"start":{},"end":{}}],"line":204},"11":{"loc":{"start":{"line":237,"column":6},"end":{"line":239,"column":7}},"type":"if","locations":[{"start":{"line":237,"column":6},"end":{"line":239,"column":7}},{"start":{},"end":{}}],"line":237}},"s":{"0":1,"1":1,"2":1,"3":1,"4":1,"5":1,"6":1,"7":9,"8":9,"9":9,"10":9,"11":9,"12":9,"13":0,"14":0,"15":9,"16":1,"17":8,"18":8,"19":0,"20":0,"21":0,"22":0,"23":0,"24":0,"25":0,"26":0,"27":0,"28":0,"29":0,"30":0,"31":0,"32":0,"33":0,"34":0,"35":0,"36":0,"37":0,"38":0,"39":0,"40":0,"41":0,"42":0,"43":0,"44":0,"45":0,"46":0,"47":0,"48":0,"49":0,"50":0,"51":0,"52":0,"53":0,"54":0,"55":0,"56":0,"57":0,"58":0,"59":0,"60":0,"61":0,"62":0,"63":0,"64":0,"65":0,"66":0,"67":0,"68":0,"69":0,"70":0,"71":0,"72":0,"73":0,"74":0,"75":0,"76":0,"77":0,"78":0,"79":0,"80":0,"81":0,"82":0,"83":0,"84":0,"85":0,"86":0,"87":0,"88":0,"89":0,"90":0,"91":0,"92":0,"93":0,"94":1},"f":{"0":9,"1":0,"2":0,"3":0,"4":0,"5":0,"6":0,"7":0,"8":0},"b":{"0":[0,9],"1":[0,0],"2":[0,0],"3":[0,0],"4":[0,0],"5":[0,0],"6":[0,0],"7":[0,0],"8":[0,0],"9":[0,0],"10":[0,0],"11":[0,0]},"_coverageSchema":"1a1c01bbd47fc00a2c39e90264f33305004495a9","hash":"86c9568e80593849ae71b5ae88e48a2e03733b80"}
,"C:\\Hacktiv8 Bootcamp\\Phase3\\Final Project\\fsjs-t1-final-server\\services\\server1\\helpers\\dotSeparator.js": {"path":"C:\\Hacktiv8 Bootcamp\\Phase3\\Final Project\\fsjs-t1-final-server\\services\\server1\\helpers\\dotSeparator.js","statementMap":{"0":{"start":{"line":2,"column":4},"end":{"line":2,"column":31}},"1":{"start":{"line":3,"column":26},"end":{"line":3,"column":28}},"2":{"start":{"line":4,"column":4},"end":{"line":9,"column":5}},"3":{"start":{"line":4,"column":17},"end":{"line":4,"column":34}},"4":{"start":{"line":5,"column":6},"end":{"line":5,"column":59}},"5":{"start":{"line":6,"column":6},"end":{"line":8,"column":7}},"6":{"start":{"line":7,"column":8},"end":{"line":7,"column":48}},"7":{"start":{"line":10,"column":4},"end":{"line":10,"column":27}},"8":{"start":{"line":13,"column":2},"end":{"line":13,"column":32}}},"fnMap":{"0":{"name":"dotSeparator","decl":{"start":{"line":1,"column":9},"end":{"line":1,"column":21}},"loc":{"start":{"line":1,"column":30},"end":{"line":11,"column":3}},"line":1}},"branchMap":{"0":{"loc":{"start":{"line":6,"column":6},"end":{"line":8,"column":7}},"type":"if","locations":[{"start":{"line":6,"column":6},"end":{"line":8,"column":7}},{"start":{},"end":{}}],"line":6},"1":{"loc":{"start":{"line":6,"column":10},"end":{"line":6,"column":50}},"type":"binary-expr","locations":[{"start":{"line":6,"column":10},"end":{"line":6,"column":39}},{"start":{"line":6,"column":43},"end":{"line":6,"column":50}}],"line":6}},"s":{"0":0,"1":0,"2":0,"3":0,"4":0,"5":0,"6":0,"7":0,"8":1},"f":{"0":0},"b":{"0":[0,0],"1":[0,0]},"_coverageSchema":"1a1c01bbd47fc00a2c39e90264f33305004495a9","hash":"2478741d60efa48ca308bceb80a279ded9346afa"}
,"C:\\Hacktiv8 Bootcamp\\Phase3\\Final Project\\fsjs-t1-final-server\\services\\server1\\helpers\\imageKit.js": {"path":"C:\\Hacktiv8 Bootcamp\\Phase3\\Final Project\\fsjs-t1-final-server\\services\\server1\\helpers\\imageKit.js","statementMap":{"0":{"start":{"line":1,"column":15},"end":{"line":1,"column":35}},"1":{"start":{"line":2,"column":14},"end":{"line":2,"column":30}},"2":{"start":{"line":5,"column":15},"end":{"line":5,"column":29}},"3":{"start":{"line":6,"column":2},"end":{"line":6,"column":70}},"4":{"start":{"line":7,"column":2},"end":{"line":7,"column":46}},"5":{"start":{"line":10,"column":13},"end":{"line":10,"column":27}},"6":{"start":{"line":12,"column":19},"end":{"line":19,"column":4}},"7":{"start":{"line":21,"column":2},"end":{"line":21,"column":13}},"8":{"start":{"line":24,"column":0},"end":{"line":24,"column":27}}},"fnMap":{"0":{"name":"ImageCloud","decl":{"start":{"line":4,"column":15},"end":{"line":4,"column":25}},"loc":{"start":{"line":4,"column":33},"end":{"line":22,"column":1}},"line":4}},"branchMap":{},"s":{"0":1,"1":1,"2":0,"3":0,"4":0,"5":0,"6":0,"7":0,"8":1},"f":{"0":0},"b":{},"_coverageSchema":"1a1c01bbd47fc00a2c39e90264f33305004495a9","hash":"cc07f31c7c4522c9d7fc3bab8ffae24eea346e35"}
,"C:\\Hacktiv8 Bootcamp\\Phase3\\Final Project\\fsjs-t1-final-server\\services\\server1\\helpers\\multer.js": {"path":"C:\\Hacktiv8 Bootcamp\\Phase3\\Final Project\\fsjs-t1-final-server\\services\\server1\\helpers\\multer.js","statementMap":{"0":{"start":{"line":1,"column":15},"end":{"line":1,"column":32}},"1":{"start":{"line":2,"column":11},"end":{"line":2,"column":26}},"2":{"start":{"line":4,"column":16},"end":{"line":4,"column":38}},"3":{"start":{"line":5,"column":15},"end":{"line":15,"column":2}},"4":{"start":{"line":9,"column":14},"end":{"line":9,"column":45}},"5":{"start":{"line":10,"column":4},"end":{"line":12,"column":5}},"6":{"start":{"line":11,"column":6},"end":{"line":11,"column":29}},"7":{"start":{"line":13,"column":4},"end":{"line":13,"column":19}},"8":{"start":{"line":17,"column":0},"end":{"line":17,"column":24}}},"fnMap":{"0":{"name":"(anonymous_0)","decl":{"start":{"line":7,"column":14},"end":{"line":7,"column":15}},"loc":{"start":{"line":7,"column":39},"end":{"line":14,"column":3}},"line":7}},"branchMap":{"0":{"loc":{"start":{"line":10,"column":4},"end":{"line":12,"column":5}},"type":"if","locations":[{"start":{"line":10,"column":4},"end":{"line":12,"column":5}},{"start":{},"end":{}}],"line":10},"1":{"loc":{"start":{"line":10,"column":8},"end":{"line":10,"column":77}},"type":"binary-expr","locations":[{"start":{"line":10,"column":8},"end":{"line":10,"column":22}},{"start":{"line":10,"column":26},"end":{"line":10,"column":40}},{"start":{"line":10,"column":44},"end":{"line":10,"column":58}},{"start":{"line":10,"column":62},"end":{"line":10,"column":77}}],"line":10}},"s":{"0":1,"1":1,"2":1,"3":1,"4":0,"5":0,"6":0,"7":0,"8":1},"f":{"0":0},"b":{"0":[0,0],"1":[0,0,0,0]},"_coverageSchema":"1a1c01bbd47fc00a2c39e90264f33305004495a9","hash":"b4af5d633ea709482fe4060637bbb8935eb4657e"}
,"C:\\Hacktiv8 Bootcamp\\Phase3\\Final Project\\fsjs-t1-final-server\\services\\server1\\helpers\\timeConvert.js": {"path":"C:\\Hacktiv8 Bootcamp\\Phase3\\Final Project\\fsjs-t1-final-server\\services\\server1\\helpers\\timeConvert.js","statementMap":{"0":{"start":{"line":2,"column":17},"end":{"line":2,"column":21}},"1":{"start":{"line":3,"column":23},"end":{"line":8,"column":6}},"2":{"start":{"line":9,"column":23},"end":{"line":14,"column":6}},"3":{"start":{"line":15,"column":30},"end":{"line":15,"column":40}},"4":{"start":{"line":18,"column":4},"end":{"line":18,"column":28}},"5":{"start":{"line":21,"column":2},"end":{"line":21,"column":29}}},"fnMap":{"0":{"name":"timeSetter","decl":{"start":{"line":1,"column":9},"end":{"line":1,"column":19}},"loc":{"start":{"line":1,"column":26},"end":{"line":19,"column":3}},"line":1}},"branchMap":{},"s":{"0":0,"1":0,"2":0,"3":0,"4":0,"5":1},"f":{"0":0},"b":{},"_coverageSchema":"1a1c01bbd47fc00a2c39e90264f33305004495a9","hash":"373222e852fb959dd71260d9f217d0760dcfa3cd"}
,"C:\\Hacktiv8 Bootcamp\\Phase3\\Final Project\\fsjs-t1-final-server\\services\\server1\\library\\seedUser.js": {"path":"C:\\Hacktiv8 Bootcamp\\Phase3\\Final Project\\fsjs-t1-final-server\\services\\server1\\library\\seedUser.js","statementMap":{"0":{"start":{"line":1,"column":17},"end":{"line":1,"column":37}},"1":{"start":{"line":2,"column":11},"end":{"line":2,"column":31}},"2":{"start":{"line":3,"column":23},"end":{"line":3,"column":55}},"3":{"start":{"line":4,"column":15},"end":{"line":4,"column":32}},"4":{"start":{"line":7,"column":4},"end":{"line":20,"column":5}},"5":{"start":{"line":8,"column":4},"end":{"line":8,"column":103}},"6":{"start":{"line":11,"column":15},"end":{"line":11,"column":43}},"7":{"start":{"line":12,"column":4},"end":{"line":15,"column":6}},"8":{"start":{"line":13,"column":8},"end":{"line":14,"column":33}},"9":{"start":{"line":17,"column":4},"end":{"line":17,"column":31}},"10":{"start":{"line":19,"column":8},"end":{"line":19,"column":49}},"11":{"start":{"line":23,"column":0},"end":{"line":23,"column":35}}},"fnMap":{"0":{"name":"bulkInsertCustomer","decl":{"start":{"line":6,"column":15},"end":{"line":6,"column":33}},"loc":{"start":{"line":6,"column":36},"end":{"line":21,"column":1}},"line":6},"1":{"name":"(anonymous_1)","decl":{"start":{"line":12,"column":17},"end":{"line":12,"column":18}},"loc":{"start":{"line":12,"column":23},"end":{"line":15,"column":5}},"line":12}},"branchMap":{},"s":{"0":1,"1":1,"2":1,"3":1,"4":1,"5":1,"6":1,"7":1,"8":5,"9":1,"10":0,"11":1},"f":{"0":1,"1":5},"b":{},"_coverageSchema":"1a1c01bbd47fc00a2c39e90264f33305004495a9","hash":"ebf3b5c91c1da885987643ef5f1437bf658f5eb3"}
,"C:\\Hacktiv8 Bootcamp\\Phase3\\Final Project\\fsjs-t1-final-server\\services\\server1\\middlewares\\authentication.js": {"path":"C:\\Hacktiv8 Bootcamp\\Phase3\\Final Project\\fsjs-t1-final-server\\services\\server1\\middlewares\\authentication.js","statementMap":{"0":{"start":{"line":1,"column":16},"end":{"line":1,"column":34}},"1":{"start":{"line":2,"column":12},"end":{"line":2,"column":21}},"2":{"start":{"line":3,"column":17},"end":{"line":3,"column":43}},"3":{"start":{"line":4,"column":35},"end":{"line":4,"column":64}},"4":{"start":{"line":5,"column":0},"end":{"line":5,"column":47}},"5":{"start":{"line":6,"column":0},"end":{"line":6,"column":23}},"6":{"start":{"line":10,"column":4},"end":{"line":33,"column":7}},"7":{"start":{"line":11,"column":27},"end":{"line":11,"column":51}},"8":{"start":{"line":12,"column":8},"end":{"line":14,"column":9}},"9":{"start":{"line":13,"column":10},"end":{"line":13,"column":40}},"10":{"start":{"line":16,"column":22},"end":{"line":16,"column":47}},"11":{"start":{"line":19,"column":21},"end":{"line":19,"column":56}},"12":{"start":{"line":20,"column":8},"end":{"line":22,"column":9}},"13":{"start":{"line":21,"column":10},"end":{"line":21,"column":40}},"14":{"start":{"line":23,"column":8},"end":{"line":27,"column":9}},"15":{"start":{"line":29,"column":8},"end":{"line":29,"column":14}},"16":{"start":{"line":31,"column":8},"end":{"line":31,"column":24}},"17":{"start":{"line":32,"column":8},"end":{"line":32,"column":17}},"18":{"start":{"line":37,"column":0},"end":{"line":37,"column":31}}},"fnMap":{"0":{"name":"authentication","decl":{"start":{"line":9,"column":15},"end":{"line":9,"column":29}},"loc":{"start":{"line":9,"column":46},"end":{"line":34,"column":1}},"line":9}},"branchMap":{"0":{"loc":{"start":{"line":12,"column":8},"end":{"line":14,"column":9}},"type":"if","locations":[{"start":{"line":12,"column":8},"end":{"line":14,"column":9}},{"start":{},"end":{}}],"line":12},"1":{"loc":{"start":{"line":20,"column":8},"end":{"line":22,"column":9}},"type":"if","locations":[{"start":{"line":20,"column":8},"end":{"line":22,"column":9}},{"start":{},"end":{}}],"line":20}},"s":{"0":1,"1":1,"2":1,"3":1,"4":1,"5":1,"6":0,"7":0,"8":0,"9":0,"10":0,"11":0,"12":0,"13":0,"14":0,"15":0,"16":0,"17":0,"18":1},"f":{"0":0},"b":{"0":[0,0],"1":[0,0]},"_coverageSchema":"1a1c01bbd47fc00a2c39e90264f33305004495a9","hash":"8ef2108ec6e1199890e4385a909d54559a322492"}
,"C:\\Hacktiv8 Bootcamp\\Phase3\\Final Project\\fsjs-t1-final-server\\services\\server1\\middlewares\\errorHandler.js": {"path":"C:\\Hacktiv8 Bootcamp\\Phase3\\Final Project\\fsjs-t1-final-server\\services\\server1\\middlewares\\errorHandler.js","statementMap":{"0":{"start":{"line":1,"column":16},"end":{"line":1,"column":34}},"1":{"start":{"line":2,"column":12},"end":{"line":2,"column":21}},"2":{"start":{"line":3,"column":0},"end":{"line":3,"column":24}},"3":{"start":{"line":4,"column":0},"end":{"line":4,"column":48}},"4":{"start":{"line":7,"column":2},"end":{"line":25,"column":3}},"5":{"start":{"line":8,"column":4},"end":{"line":8,"column":60}},"6":{"start":{"line":9,"column":9},"end":{"line":25,"column":3}},"7":{"start":{"line":10,"column":4},"end":{"line":10,"column":61}},"8":{"start":{"line":11,"column":9},"end":{"line":25,"column":3}},"9":{"start":{"line":12,"column":4},"end":{"line":12,"column":55}},"10":{"start":{"line":13,"column":9},"end":{"line":25,"column":3}},"11":{"start":{"line":14,"column":4},"end":{"line":14,"column":61}},"12":{"start":{"line":15,"column":9},"end":{"line":25,"column":3}},"13":{"start":{"line":16,"column":4},"end":{"line":16,"column":65}},"14":{"start":{"line":17,"column":9},"end":{"line":25,"column":3}},"15":{"start":{"line":18,"column":4},"end":{"line":18,"column":59}},"16":{"start":{"line":19,"column":9},"end":{"line":25,"column":3}},"17":{"start":{"line":20,"column":4},"end":{"line":20,"column":62}},"18":{"start":{"line":21,"column":9},"end":{"line":25,"column":3}},"19":{"start":{"line":22,"column":4},"end":{"line":22,"column":55}},"20":{"start":{"line":24,"column":4},"end":{"line":24,"column":63}},"21":{"start":{"line":28,"column":0},"end":{"line":28,"column":30}}},"fnMap":{"0":{"name":"errorHandler","decl":{"start":{"line":6,"column":15},"end":{"line":6,"column":27}},"loc":{"start":{"line":6,"column":49},"end":{"line":26,"column":1}},"line":6}},"branchMap":{"0":{"loc":{"start":{"line":7,"column":2},"end":{"line":25,"column":3}},"type":"if","locations":[{"start":{"line":7,"column":2},"end":{"line":25,"column":3}},{"start":{"line":9,"column":9},"end":{"line":25,"column":3}}],"line":7},"1":{"loc":{"start":{"line":9,"column":9},"end":{"line":25,"column":3}},"type":"if","locations":[{"start":{"line":9,"column":9},"end":{"line":25,"column":3}},{"start":{"line":11,"column":9},"end":{"line":25,"column":3}}],"line":9},"2":{"loc":{"start":{"line":11,"column":9},"end":{"line":25,"column":3}},"type":"if","locations":[{"start":{"line":11,"column":9},"end":{"line":25,"column":3}},{"start":{"line":13,"column":9},"end":{"line":25,"column":3}}],"line":11},"3":{"loc":{"start":{"line":13,"column":9},"end":{"line":25,"column":3}},"type":"if","locations":[{"start":{"line":13,"column":9},"end":{"line":25,"column":3}},{"start":{"line":15,"column":9},"end":{"line":25,"column":3}}],"line":13},"4":{"loc":{"start":{"line":15,"column":9},"end":{"line":25,"column":3}},"type":"if","locations":[{"start":{"line":15,"column":9},"end":{"line":25,"column":3}},{"start":{"line":17,"column":9},"end":{"line":25,"column":3}}],"line":15},"5":{"loc":{"start":{"line":17,"column":9},"end":{"line":25,"column":3}},"type":"if","locations":[{"start":{"line":17,"column":9},"end":{"line":25,"column":3}},{"start":{"line":19,"column":9},"end":{"line":25,"column":3}}],"line":17},"6":{"loc":{"start":{"line":19,"column":9},"end":{"line":25,"column":3}},"type":"if","locations":[{"start":{"line":19,"column":9},"end":{"line":25,"column":3}},{"start":{"line":21,"column":9},"end":{"line":25,"column":3}}],"line":19},"7":{"loc":{"start":{"line":21,"column":9},"end":{"line":25,"column":3}},"type":"if","locations":[{"start":{"line":21,"column":9},"end":{"line":25,"column":3}},{"start":{"line":23,"column":9},"end":{"line":25,"column":3}}],"line":21}},"s":{"0":1,"1":1,"2":1,"3":1,"4":8,"5":0,"6":8,"7":7,"8":1,"9":0,"10":1,"11":1,"12":0,"13":0,"14":0,"15":0,"16":0,"17":0,"18":0,"19":0,"20":0,"21":1},"f":{"0":8},"b":{"0":[0,8],"1":[7,1],"2":[0,1],"3":[1,0],"4":[0,0],"5":[0,0],"6":[0,0],"7":[0,0]},"_coverageSchema":"1a1c01bbd47fc00a2c39e90264f33305004495a9","hash":"cabe718dc4d5b5d0ad6fea3cc589e7b3f977f7cd"}
,"C:\\Hacktiv8 Bootcamp\\Phase3\\Final Project\\fsjs-t1-final-server\\services\\server1\\middlewares\\jwt.js": {"path":"C:\\Hacktiv8 Bootcamp\\Phase3\\Final Project\\fsjs-t1-final-server\\services\\server1\\middlewares\\jwt.js","statementMap":{"0":{"start":{"line":1,"column":12},"end":{"line":1,"column":35}},"1":{"start":{"line":2,"column":15},"end":{"line":2,"column":33}},"2":{"start":{"line":5,"column":4},"end":{"line":5,"column":36}},"3":{"start":{"line":9,"column":4},"end":{"line":9,"column":36}},"4":{"start":{"line":12,"column":0},"end":{"line":12,"column":43}}},"fnMap":{"0":{"name":"createToken","decl":{"start":{"line":4,"column":9},"end":{"line":4,"column":20}},"loc":{"start":{"line":4,"column":31},"end":{"line":6,"column":1}},"line":4},"1":{"name":"decodeToken","decl":{"start":{"line":8,"column":9},"end":{"line":8,"column":20}},"loc":{"start":{"line":8,"column":29},"end":{"line":10,"column":1}},"line":8}},"branchMap":{},"s":{"0":1,"1":1,"2":0,"3":0,"4":1},"f":{"0":0,"1":0},"b":{},"_coverageSchema":"1a1c01bbd47fc00a2c39e90264f33305004495a9","hash":"f4976ac4b7984f9178e9d7b5bc5688a7debe632d"}
,"C:\\Hacktiv8 Bootcamp\\Phase3\\Final Project\\fsjs-t1-final-server\\services\\server1\\models\\index.js": {"path":"C:\\Hacktiv8 Bootcamp\\Phase3\\Final Project\\fsjs-t1-final-server\\services\\server1\\models\\index.js","statementMap":{"0":{"start":{"line":3,"column":11},"end":{"line":3,"column":24}},"1":{"start":{"line":4,"column":13},"end":{"line":4,"column":28}},"2":{"start":{"line":5,"column":18},"end":{"line":5,"column":38}},"3":{"start":{"line":6,"column":16},"end":{"line":6,"column":34}},"4":{"start":{"line":7,"column":17},"end":{"line":7,"column":42}},"5":{"start":{"line":8,"column":12},"end":{"line":8,"column":49}},"6":{"start":{"line":9,"column":15},"end":{"line":9,"column":65}},"7":{"start":{"line":10,"column":11},"end":{"line":10,"column":13}},"8":{"start":{"line":13,"column":0},"end":{"line":17,"column":1}},"9":{"start":{"line":14,"column":2},"end":{"line":14,"column":74}},"10":{"start":{"line":16,"column":2},"end":{"line":16,"column":87}},"11":{"start":{"line":19,"column":0},"end":{"line":32,"column":5}},"12":{"start":{"line":22,"column":4},"end":{"line":27,"column":6}},"13":{"start":{"line":30,"column":18},"end":{"line":30,"column":85}},"14":{"start":{"line":31,"column":4},"end":{"line":31,"column":27}},"15":{"start":{"line":34,"column":0},"end":{"line":38,"column":3}},"16":{"start":{"line":35,"column":2},"end":{"line":37,"column":3}},"17":{"start":{"line":36,"column":4},"end":{"line":36,"column":32}},"18":{"start":{"line":40,"column":0},"end":{"line":40,"column":25}},"19":{"start":{"line":41,"column":0},"end":{"line":41,"column":25}},"20":{"start":{"line":43,"column":0},"end":{"line":43,"column":20}}},"fnMap":{"0":{"name":"(anonymous_0)","decl":{"start":{"line":21,"column":10},"end":{"line":21,"column":11}},"loc":{"start":{"line":21,"column":18},"end":{"line":28,"column":3}},"line":21},"1":{"name":"(anonymous_1)","decl":{"start":{"line":29,"column":11},"end":{"line":29,"column":12}},"loc":{"start":{"line":29,"column":19},"end":{"line":32,"column":3}},"line":29},"2":{"name":"(anonymous_2)","decl":{"start":{"line":34,"column":24},"end":{"line":34,"column":25}},"loc":{"start":{"line":34,"column":37},"end":{"line":38,"column":1}},"line":34}},"branchMap":{"0":{"loc":{"start":{"line":8,"column":12},"end":{"line":8,"column":49}},"type":"binary-expr","locations":[{"start":{"line":8,"column":12},"end":{"line":8,"column":32}},{"start":{"line":8,"column":36},"end":{"line":8,"column":49}}],"line":8},"1":{"loc":{"start":{"line":13,"column":0},"end":{"line":17,"column":1}},"type":"if","locations":[{"start":{"line":13,"column":0},"end":{"line":17,"column":1}},{"start":{"line":15,"column":7},"end":{"line":17,"column":1}}],"line":13},"2":{"loc":{"start":{"line":23,"column":6},"end":{"line":26,"column":37}},"type":"binary-expr","locations":[{"start":{"line":23,"column":6},"end":{"line":23,"column":29}},{"start":{"line":24,"column":6},"end":{"line":24,"column":23}},{"start":{"line":25,"column":6},"end":{"line":25,"column":30}},{"start":{"line":26,"column":6},"end":{"line":26,"column":37}}],"line":23},"3":{"loc":{"start":{"line":35,"column":2},"end":{"line":37,"column":3}},"type":"if","locations":[{"start":{"line":35,"column":2},"end":{"line":37,"column":3}},{"start":{},"end":{}}],"line":35}},"s":{"0":1,"1":1,"2":1,"3":1,"4":1,"5":1,"6":1,"7":1,"8":1,"9":0,"10":1,"11":1,"12":3,"13":2,"14":2,"15":1,"16":2,"17":2,"18":1,"19":1,"20":1},"f":{"0":3,"1":2,"2":2},"b":{"0":[1,0],"1":[0,1],"2":[3,3,2,2],"3":[2,0]},"_coverageSchema":"1a1c01bbd47fc00a2c39e90264f33305004495a9","hash":"4c27b2f9ade572cc8ad02909ba6bd92dfe452883"}
,"C:\\Hacktiv8 Bootcamp\\Phase3\\Final Project\\fsjs-t1-final-server\\services\\server1\\models\\pet.js": {"path":"C:\\Hacktiv8 Bootcamp\\Phase3\\Final Project\\fsjs-t1-final-server\\services\\server1\\models\\pet.js","statementMap":{"0":{"start":{"line":2,"column":18},"end":{"line":2,"column":38}},"1":{"start":{"line":3,"column":0},"end":{"line":89,"column":2}},"2":{"start":{"line":12,"column":6},"end":{"line":12,"column":56}},"3":{"start":{"line":15,"column":2},"end":{"line":87,"column":4}},"4":{"start":{"line":88,"column":2},"end":{"line":88,"column":13}}},"fnMap":{"0":{"name":"(anonymous_0)","decl":{"start":{"line":3,"column":17},"end":{"line":3,"column":18}},"loc":{"start":{"line":3,"column":43},"end":{"line":89,"column":1}},"line":3},"1":{"name":"(anonymous_1)","decl":{"start":{"line":10,"column":4},"end":{"line":10,"column":5}},"loc":{"start":{"line":10,"column":29},"end":{"line":13,"column":5}},"line":10}},"branchMap":{},"s":{"0":1,"1":1,"2":1,"3":1,"4":1},"f":{"0":1,"1":1},"b":{},"_coverageSchema":"1a1c01bbd47fc00a2c39e90264f33305004495a9","hash":"0b0067fd659caa17686e94434ca1e7f6e9d1d16c"}
,"C:\\Hacktiv8 Bootcamp\\Phase3\\Final Project\\fsjs-t1-final-server\\services\\server1\\models\\user.js": {"path":"C:\\Hacktiv8 Bootcamp\\Phase3\\Final Project\\fsjs-t1-final-server\\services\\server1\\models\\user.js","statementMap":{"0":{"start":{"line":2,"column":15},"end":{"line":2,"column":32}},"1":{"start":{"line":3,"column":18},"end":{"line":3,"column":38}},"2":{"start":{"line":4,"column":0},"end":{"line":96,"column":2}},"3":{"start":{"line":13,"column":6},"end":{"line":13,"column":57}},"4":{"start":{"line":16,"column":2},"end":{"line":90,"column":4}},"5":{"start":{"line":91,"column":2},"end":{"line":94,"column":5}},"6":{"start":{"line":92,"column":27},"end":{"line":92,"column":61}},"7":{"start":{"line":93,"column":4},"end":{"line":93,"column":35}},"8":{"start":{"line":95,"column":2},"end":{"line":95,"column":14}}},"fnMap":{"0":{"name":"(anonymous_0)","decl":{"start":{"line":4,"column":17},"end":{"line":4,"column":18}},"loc":{"start":{"line":4,"column":43},"end":{"line":96,"column":1}},"line":4},"1":{"name":"(anonymous_1)","decl":{"start":{"line":11,"column":4},"end":{"line":11,"column":5}},"loc":{"start":{"line":11,"column":29},"end":{"line":14,"column":5}},"line":11},"2":{"name":"(anonymous_2)","decl":{"start":{"line":91,"column":20},"end":{"line":91,"column":21}},"loc":{"start":{"line":91,"column":45},"end":{"line":94,"column":3}},"line":91}},"branchMap":{},"s":{"0":1,"1":1,"2":1,"3":1,"4":1,"5":1,"6":2,"7":2,"8":1},"f":{"0":1,"1":1,"2":2},"b":{},"_coverageSchema":"1a1c01bbd47fc00a2c39e90264f33305004495a9","hash":"df1cdbafc9c6fb2cf60e75e57e3e00016f79d97a"}
}
