{"C:\\Hacktiv8 Bootcamp\\Phase3\\Final Project\\fsjs-t1-final-server\\services\\server1\\app.js": {"path":"C:\\Hacktiv8 Bootcamp\\Phase3\\Final Project\\fsjs-t1-final-server\\services\\server1\\app.js","statementMap":{"0":{"start":{"line":1,"column":0},"end":{"line":3,"column":1}},"1":{"start":{"line":2,"column":2},"end":{"line":2,"column":29}},"2":{"start":{"line":5,"column":16},"end":{"line":5,"column":34}},"3":{"start":{"line":6,"column":12},"end":{"line":6,"column":21}},"4":{"start":{"line":7,"column":13},"end":{"line":7,"column":28}},"5":{"start":{"line":8,"column":13},"end":{"line":8,"column":37}},"6":{"start":{"line":9,"column":19},"end":{"line":9,"column":54}},"7":{"start":{"line":10,"column":21},"end":{"line":10,"column":58}},"8":{"start":{"line":11,"column":23},"end":{"line":11,"column":62}},"9":{"start":{"line":12,"column":15},"end":{"line":12,"column":42}},"10":{"start":{"line":16,"column":0},"end":{"line":16,"column":16}},"11":{"start":{"line":17,"column":0},"end":{"line":17,"column":24}},"12":{"start":{"line":18,"column":0},"end":{"line":18,"column":48}},"13":{"start":{"line":20,"column":0},"end":{"line":20,"column":67}},"14":{"start":{"line":21,"column":0},"end":{"line":21,"column":36}},"15":{"start":{"line":24,"column":0},"end":{"line":24,"column":23}},"16":{"start":{"line":25,"column":0},"end":{"line":25,"column":48}},"17":{"start":{"line":26,"column":0},"end":{"line":26,"column":69}},"18":{"start":{"line":27,"column":0},"end":{"line":27,"column":69}},"19":{"start":{"line":28,"column":0},"end":{"line":28,"column":48}},"20":{"start":{"line":29,"column":0},"end":{"line":29,"column":40}},"21":{"start":{"line":30,"column":0},"end":{"line":30,"column":72}},"22":{"start":{"line":31,"column":0},"end":{"line":31,"column":53}},"23":{"start":{"line":33,"column":0},"end":{"line":33,"column":21}},"24":{"start":{"line":38,"column":0},"end":{"line":38,"column":20}}},"fnMap":{},"branchMap":{"0":{"loc":{"start":{"line":1,"column":0},"end":{"line":3,"column":1}},"type":"if","locations":[{"start":{"line":1,"column":0},"end":{"line":3,"column":1}},{"start":{},"end":{}}],"line":1},"1":{"loc":{"start":{"line":8,"column":13},"end":{"line":8,"column":37}},"type":"binary-expr","locations":[{"start":{"line":8,"column":13},"end":{"line":8,"column":29}},{"start":{"line":8,"column":33},"end":{"line":8,"column":37}}],"line":8}},"s":{"0":2,"1":2,"2":2,"3":2,"4":2,"5":2,"6":2,"7":2,"8":2,"9":2,"10":2,"11":2,"12":2,"13":2,"14":2,"15":2,"16":2,"17":2,"18":2,"19":2,"20":2,"21":2,"22":2,"23":2,"24":2},"f":{},"b":{"0":[2,0],"1":[2,2]},"_coverageSchema":"1a1c01bbd47fc00a2c39e90264f33305004495a9","hash":"770ce88da761944b1a22f34ccee0d841f18d1a4b"}
,"C:\\Hacktiv8 Bootcamp\\Phase3\\Final Project\\fsjs-t1-final-server\\services\\server1\\controllers\\controller.js": {"path":"C:\\Hacktiv8 Bootcamp\\Phase3\\Final Project\\fsjs-t1-final-server\\services\\server1\\controllers\\controller.js","statementMap":{"0":{"start":{"line":1,"column":22},"end":{"line":1,"column":48}},"1":{"start":{"line":2,"column":15},"end":{"line":2,"column":32}},"2":{"start":{"line":3,"column":24},"end":{"line":3,"column":53}},"3":{"start":{"line":4,"column":15},"end":{"line":4,"column":35}},"4":{"start":{"line":5,"column":19},"end":{"line":5,"column":52}},"5":{"start":{"line":6,"column":21},"end":{"line":6,"column":55}},"6":{"start":{"line":7,"column":19},"end":{"line":7,"column":49}},"7":{"start":{"line":12,"column":4},"end":{"line":43,"column":5}},"8":{"start":{"line":16,"column":8},"end":{"line":16,"column":16}},"9":{"start":{"line":22,"column":19},"end":{"line":22,"column":23}},"10":{"start":{"line":23,"column":6},"end":{"line":26,"column":7}},"11":{"start":{"line":24,"column":19},"end":{"line":24,"column":45}},"12":{"start":{"line":25,"column":8},"end":{"line":25,"column":26}},"13":{"start":{"line":28,"column":20},"end":{"line":37,"column":8}},"14":{"start":{"line":39,"column":6},"end":{"line":39,"column":59}},"15":{"start":{"line":42,"column":6},"end":{"line":42,"column":16}},"16":{"start":{"line":48,"column":4},"end":{"line":81,"column":5}},"17":{"start":{"line":49,"column":6},"end":{"line":49,"column":38}},"18":{"start":{"line":50,"column":32},"end":{"line":50,"column":40}},"19":{"start":{"line":51,"column":6},"end":{"line":53,"column":7}},"20":{"start":{"line":52,"column":8},"end":{"line":52,"column":40}},"21":{"start":{"line":54,"column":6},"end":{"line":56,"column":7}},"22":{"start":{"line":55,"column":8},"end":{"line":55,"column":43}},"23":{"start":{"line":58,"column":19},"end":{"line":60,"column":8}},"24":{"start":{"line":61,"column":6},"end":{"line":64,"column":7}},"25":{"start":{"line":63,"column":8},"end":{"line":63,"column":44}},"26":{"start":{"line":65,"column":6},"end":{"line":65,"column":24}},"27":{"start":{"line":66,"column":6},"end":{"line":77,"column":7}},"28":{"start":{"line":67,"column":29},"end":{"line":67,"column":75}},"29":{"start":{"line":69,"column":8},"end":{"line":74,"column":11}},"30":{"start":{"line":76,"column":8},"end":{"line":76,"column":44}},"31":{"start":{"line":79,"column":6},"end":{"line":79,"column":23}},"32":{"start":{"line":80,"column":6},"end":{"line":80,"column":16}},"33":{"start":{"line":85,"column":4},"end":{"line":120,"column":5}},"34":{"start":{"line":86,"column":23},"end":{"line":86,"column":33}},"35":{"start":{"line":88,"column":8},"end":{"line":88,"column":16}},"36":{"start":{"line":90,"column":18},"end":{"line":90,"column":45}},"37":{"start":{"line":91,"column":6},"end":{"line":93,"column":7}},"38":{"start":{"line":92,"column":8},"end":{"line":92,"column":35}},"39":{"start":{"line":96,"column":19},"end":{"line":96,"column":23}},"40":{"start":{"line":97,"column":6},"end":{"line":100,"column":7}},"41":{"start":{"line":98,"column":19},"end":{"line":98,"column":45}},"42":{"start":{"line":99,"column":8},"end":{"line":99,"column":26}},"43":{"start":{"line":102,"column":20},"end":{"line":115,"column":7}},"44":{"start":{"line":116,"column":6},"end":{"line":116,"column":73}},"45":{"start":{"line":118,"column":6},"end":{"line":118,"column":23}},"46":{"start":{"line":119,"column":6},"end":{"line":119,"column":16}},"47":{"start":{"line":124,"column":4},"end":{"line":137,"column":5}},"48":{"start":{"line":126,"column":23},"end":{"line":126,"column":33}},"49":{"start":{"line":127,"column":17},"end":{"line":127,"column":44}},"50":{"start":{"line":128,"column":6},"end":{"line":130,"column":7}},"51":{"start":{"line":129,"column":8},"end":{"line":129,"column":35}},"52":{"start":{"line":131,"column":6},"end":{"line":131,"column":32}},"53":{"start":{"line":133,"column":6},"end":{"line":133,"column":33}},"54":{"start":{"line":135,"column":6},"end":{"line":135,"column":23}},"55":{"start":{"line":136,"column":6},"end":{"line":136,"column":16}},"56":{"start":{"line":142,"column":4},"end":{"line":167,"column":5}},"57":{"start":{"line":143,"column":19},"end":{"line":143,"column":23}},"58":{"start":{"line":144,"column":6},"end":{"line":147,"column":7}},"59":{"start":{"line":145,"column":19},"end":{"line":145,"column":45}},"60":{"start":{"line":146,"column":21},"end":{"line":146,"column":29}},"61":{"start":{"line":153,"column":18},"end":{"line":162,"column":8}},"62":{"start":{"line":163,"column":6},"end":{"line":163,"column":32}},"63":{"start":{"line":165,"column":6},"end":{"line":165,"column":23}},"64":{"start":{"line":166,"column":6},"end":{"line":166,"column":16}},"65":{"start":{"line":171,"column":4},"end":{"line":182,"column":5}},"66":{"start":{"line":172,"column":6},"end":{"line":172,"column":30}},"67":{"start":{"line":173,"column":18},"end":{"line":177,"column":8}},"68":{"start":{"line":178,"column":6},"end":{"line":178,"column":32}},"69":{"start":{"line":180,"column":6},"end":{"line":180,"column":23}},"70":{"start":{"line":181,"column":6},"end":{"line":181,"column":16}},"71":{"start":{"line":186,"column":4},"end":{"line":200,"column":5}},"72":{"start":{"line":187,"column":18},"end":{"line":192,"column":8}},"73":{"start":{"line":193,"column":6},"end":{"line":195,"column":7}},"74":{"start":{"line":194,"column":8},"end":{"line":194,"column":35}},"75":{"start":{"line":196,"column":6},"end":{"line":196,"column":32}},"76":{"start":{"line":199,"column":6},"end":{"line":199,"column":16}},"77":{"start":{"line":204,"column":4},"end":{"line":233,"column":5}},"78":{"start":{"line":205,"column":19},"end":{"line":205,"column":34}},"79":{"start":{"line":206,"column":6},"end":{"line":210,"column":7}},"80":{"start":{"line":207,"column":19},"end":{"line":207,"column":45}},"81":{"start":{"line":209,"column":21},"end":{"line":209,"column":29}},"82":{"start":{"line":212,"column":25},"end":{"line":227,"column":7}},"83":{"start":{"line":229,"column":6},"end":{"line":229,"column":80}},"84":{"start":{"line":232,"column":6},"end":{"line":232,"column":16}},"85":{"start":{"line":237,"column":4},"end":{"line":253,"column":5}},"86":{"start":{"line":238,"column":18},"end":{"line":238,"column":51}},"87":{"start":{"line":239,"column":6},"end":{"line":241,"column":7}},"88":{"start":{"line":240,"column":8},"end":{"line":240,"column":35}},"89":{"start":{"line":243,"column":6},"end":{"line":247,"column":9}},"90":{"start":{"line":249,"column":6},"end":{"line":249,"column":61}},"91":{"start":{"line":251,"column":6},"end":{"line":251,"column":23}},"92":{"start":{"line":252,"column":6},"end":{"line":252,"column":16}},"93":{"start":{"line":257,"column":0},"end":{"line":257,"column":28}}},"fnMap":{"0":{"name":"(anonymous_0)","decl":{"start":{"line":11,"column":2},"end":{"line":11,"column":3}},"loc":{"start":{"line":11,"column":40},"end":{"line":44,"column":3}},"line":11},"1":{"name":"(anonymous_1)","decl":{"start":{"line":46,"column":2},"end":{"line":46,"column":3}},"loc":{"start":{"line":46,"column":37},"end":{"line":82,"column":3}},"line":46},"2":{"name":"(anonymous_2)","decl":{"start":{"line":84,"column":2},"end":{"line":84,"column":3}},"loc":{"start":{"line":84,"column":39},"end":{"line":121,"column":3}},"line":84},"3":{"name":"(anonymous_3)","decl":{"start":{"line":123,"column":2},"end":{"line":123,"column":3}},"loc":{"start":{"line":123,"column":43},"end":{"line":138,"column":3}},"line":123},"4":{"name":"(anonymous_4)","decl":{"start":{"line":141,"column":2},"end":{"line":141,"column":3}},"loc":{"start":{"line":141,"column":38},"end":{"line":168,"column":3}},"line":141},"5":{"name":"(anonymous_5)","decl":{"start":{"line":170,"column":2},"end":{"line":170,"column":3}},"loc":{"start":{"line":170,"column":43},"end":{"line":183,"column":3}},"line":170},"6":{"name":"(anonymous_6)","decl":{"start":{"line":185,"column":2},"end":{"line":185,"column":3}},"loc":{"start":{"line":185,"column":40},"end":{"line":201,"column":3}},"line":185},"7":{"name":"(anonymous_7)","decl":{"start":{"line":203,"column":2},"end":{"line":203,"column":3}},"loc":{"start":{"line":203,"column":38},"end":{"line":234,"column":3}},"line":203},"8":{"name":"(anonymous_8)","decl":{"start":{"line":236,"column":2},"end":{"line":236,"column":3}},"loc":{"start":{"line":236,"column":41},"end":{"line":254,"column":3}},"line":236}},"branchMap":{"0":{"loc":{"start":{"line":23,"column":6},"end":{"line":26,"column":7}},"type":"if","locations":[{"start":{"line":23,"column":6},"end":{"line":26,"column":7}},{"start":{},"end":{}}],"line":23},"1":{"loc":{"start":{"line":51,"column":6},"end":{"line":53,"column":7}},"type":"if","locations":[{"start":{"line":51,"column":6},"end":{"line":53,"column":7}},{"start":{},"end":{}}],"line":51},"2":{"loc":{"start":{"line":54,"column":6},"end":{"line":56,"column":7}},"type":"if","locations":[{"start":{"line":54,"column":6},"end":{"line":56,"column":7}},{"start":{},"end":{}}],"line":54},"3":{"loc":{"start":{"line":61,"column":6},"end":{"line":64,"column":7}},"type":"if","locations":[{"start":{"line":61,"column":6},"end":{"line":64,"column":7}},{"start":{},"end":{}}],"line":61},"4":{"loc":{"start":{"line":66,"column":6},"end":{"line":77,"column":7}},"type":"if","locations":[{"start":{"line":66,"column":6},"end":{"line":77,"column":7}},{"start":{"line":75,"column":13},"end":{"line":77,"column":7}}],"line":66},"5":{"loc":{"start":{"line":91,"column":6},"end":{"line":93,"column":7}},"type":"if","locations":[{"start":{"line":91,"column":6},"end":{"line":93,"column":7}},{"start":{},"end":{}}],"line":91},"6":{"loc":{"start":{"line":97,"column":6},"end":{"line":100,"column":7}},"type":"if","locations":[{"start":{"line":97,"column":6},"end":{"line":100,"column":7}},{"start":{},"end":{}}],"line":97},"7":{"loc":{"start":{"line":128,"column":6},"end":{"line":130,"column":7}},"type":"if","locations":[{"start":{"line":128,"column":6},"end":{"line":130,"column":7}},{"start":{},"end":{}}],"line":128},"8":{"loc":{"start":{"line":144,"column":6},"end":{"line":147,"column":7}},"type":"if","locations":[{"start":{"line":144,"column":6},"end":{"line":147,"column":7}},{"start":{},"end":{}}],"line":144},"9":{"loc":{"start":{"line":193,"column":6},"end":{"line":195,"column":7}},"type":"if","locations":[{"start":{"line":193,"column":6},"end":{"line":195,"column":7}},{"start":{},"end":{}}],"line":193},"10":{"loc":{"start":{"line":206,"column":6},"end":{"line":210,"column":7}},"type":"if","locations":[{"start":{"line":206,"column":6},"end":{"line":210,"column":7}},{"start":{},"end":{}}],"line":206},"11":{"loc":{"start":{"line":239,"column":6},"end":{"line":241,"column":7}},"type":"if","locations":[{"start":{"line":239,"column":6},"end":{"line":241,"column":7}},{"start":{},"end":{}}],"line":239}},"s":{"0":2,"1":2,"2":2,"3":2,"4":2,"5":2,"6":2,"7":10,"8":10,"9":10,"10":10,"11":0,"12":0,"13":10,"14":1,"15":9,"16":5,"17":5,"18":5,"19":5,"20":1,"21":4,"22":1,"23":3,"24":3,"25":2,"26":1,"27":1,"28":1,"29":1,"30":0,"31":4,"32":4,"33":4,"34":4,"35":4,"36":4,"37":4,"38":1,"39":3,"40":3,"41":0,"42":0,"43":3,"44":1,"45":3,"46":3,"47":2,"48":2,"49":2,"50":2,"51":1,"52":1,"53":1,"54":1,"55":1,"56":7,"57":7,"58":7,"59":0,"60":0,"61":7,"62":1,"63":6,"64":6,"65":1,"66":1,"67":1,"68":1,"69":0,"70":0,"71":0,"72":0,"73":0,"74":0,"75":0,"76":0,"77":0,"78":0,"79":0,"80":0,"81":0,"82":0,"83":0,"84":0,"85":0,"86":0,"87":0,"88":0,"89":0,"90":0,"91":0,"92":0,"93":2},"f":{"0":10,"1":5,"2":4,"3":2,"4":7,"5":1,"6":0,"7":0,"8":0},"b":{"0":[0,10],"1":[1,4],"2":[1,3],"3":[2,1],"4":[1,0],"5":[1,3],"6":[0,3],"7":[1,1],"8":[0,7],"9":[0,0],"10":[0,0],"11":[0,0]},"_coverageSchema":"1a1c01bbd47fc00a2c39e90264f33305004495a9","hash":"5007d6e4f090d65ac83c013bff58530fccc3cfd6"}
,"C:\\Hacktiv8 Bootcamp\\Phase3\\Final Project\\fsjs-t1-final-server\\services\\server1\\helpers\\dotSeparator.js": {"path":"C:\\Hacktiv8 Bootcamp\\Phase3\\Final Project\\fsjs-t1-final-server\\services\\server1\\helpers\\dotSeparator.js","statementMap":{"0":{"start":{"line":2,"column":4},"end":{"line":2,"column":31}},"1":{"start":{"line":3,"column":26},"end":{"line":3,"column":28}},"2":{"start":{"line":4,"column":4},"end":{"line":9,"column":5}},"3":{"start":{"line":4,"column":17},"end":{"line":4,"column":34}},"4":{"start":{"line":5,"column":6},"end":{"line":5,"column":59}},"5":{"start":{"line":6,"column":6},"end":{"line":8,"column":7}},"6":{"start":{"line":7,"column":8},"end":{"line":7,"column":48}},"7":{"start":{"line":10,"column":4},"end":{"line":10,"column":27}},"8":{"start":{"line":13,"column":2},"end":{"line":13,"column":32}}},"fnMap":{"0":{"name":"dotSeparator","decl":{"start":{"line":1,"column":9},"end":{"line":1,"column":21}},"loc":{"start":{"line":1,"column":30},"end":{"line":11,"column":3}},"line":1}},"branchMap":{"0":{"loc":{"start":{"line":6,"column":6},"end":{"line":8,"column":7}},"type":"if","locations":[{"start":{"line":6,"column":6},"end":{"line":8,"column":7}},{"start":{},"end":{}}],"line":6},"1":{"loc":{"start":{"line":6,"column":10},"end":{"line":6,"column":50}},"type":"binary-expr","locations":[{"start":{"line":6,"column":10},"end":{"line":6,"column":39}},{"start":{"line":6,"column":43},"end":{"line":6,"column":50}}],"line":6}},"s":{"0":0,"1":0,"2":0,"3":0,"4":0,"5":0,"6":0,"7":0,"8":2},"f":{"0":0},"b":{"0":[0,0],"1":[0,0]},"_coverageSchema":"1a1c01bbd47fc00a2c39e90264f33305004495a9","hash":"2478741d60efa48ca308bceb80a279ded9346afa"}
,"C:\\Hacktiv8 Bootcamp\\Phase3\\Final Project\\fsjs-t1-final-server\\services\\server1\\helpers\\imageKit.js": {"path":"C:\\Hacktiv8 Bootcamp\\Phase3\\Final Project\\fsjs-t1-final-server\\services\\server1\\helpers\\imageKit.js","statementMap":{"0":{"start":{"line":1,"column":15},"end":{"line":1,"column":35}},"1":{"start":{"line":2,"column":14},"end":{"line":2,"column":30}},"2":{"start":{"line":5,"column":15},"end":{"line":5,"column":29}},"3":{"start":{"line":6,"column":2},"end":{"line":6,"column":70}},"4":{"start":{"line":7,"column":2},"end":{"line":7,"column":46}},"5":{"start":{"line":10,"column":13},"end":{"line":10,"column":27}},"6":{"start":{"line":12,"column":19},"end":{"line":19,"column":4}},"7":{"start":{"line":21,"column":2},"end":{"line":21,"column":13}},"8":{"start":{"line":24,"column":0},"end":{"line":24,"column":27}}},"fnMap":{"0":{"name":"ImageCloud","decl":{"start":{"line":4,"column":15},"end":{"line":4,"column":25}},"loc":{"start":{"line":4,"column":33},"end":{"line":22,"column":1}},"line":4}},"branchMap":{},"s":{"0":2,"1":2,"2":0,"3":0,"4":0,"5":0,"6":0,"7":0,"8":2},"f":{"0":0},"b":{},"_coverageSchema":"1a1c01bbd47fc00a2c39e90264f33305004495a9","hash":"cc07f31c7c4522c9d7fc3bab8ffae24eea346e35"}
,"C:\\Hacktiv8 Bootcamp\\Phase3\\Final Project\\fsjs-t1-final-server\\services\\server1\\helpers\\multer.js": {"path":"C:\\Hacktiv8 Bootcamp\\Phase3\\Final Project\\fsjs-t1-final-server\\services\\server1\\helpers\\multer.js","statementMap":{"0":{"start":{"line":1,"column":15},"end":{"line":1,"column":32}},"1":{"start":{"line":2,"column":11},"end":{"line":2,"column":26}},"2":{"start":{"line":4,"column":16},"end":{"line":4,"column":38}},"3":{"start":{"line":5,"column":15},"end":{"line":15,"column":2}},"4":{"start":{"line":9,"column":14},"end":{"line":9,"column":45}},"5":{"start":{"line":10,"column":4},"end":{"line":12,"column":5}},"6":{"start":{"line":11,"column":6},"end":{"line":11,"column":29}},"7":{"start":{"line":13,"column":4},"end":{"line":13,"column":19}},"8":{"start":{"line":17,"column":0},"end":{"line":17,"column":24}}},"fnMap":{"0":{"name":"(anonymous_0)","decl":{"start":{"line":7,"column":14},"end":{"line":7,"column":15}},"loc":{"start":{"line":7,"column":39},"end":{"line":14,"column":3}},"line":7}},"branchMap":{"0":{"loc":{"start":{"line":10,"column":4},"end":{"line":12,"column":5}},"type":"if","locations":[{"start":{"line":10,"column":4},"end":{"line":12,"column":5}},{"start":{},"end":{}}],"line":10},"1":{"loc":{"start":{"line":10,"column":8},"end":{"line":10,"column":77}},"type":"binary-expr","locations":[{"start":{"line":10,"column":8},"end":{"line":10,"column":22}},{"start":{"line":10,"column":26},"end":{"line":10,"column":40}},{"start":{"line":10,"column":44},"end":{"line":10,"column":58}},{"start":{"line":10,"column":62},"end":{"line":10,"column":77}}],"line":10}},"s":{"0":2,"1":2,"2":2,"3":2,"4":0,"5":0,"6":0,"7":0,"8":2},"f":{"0":0},"b":{"0":[0,0],"1":[0,0,0,0]},"_coverageSchema":"1a1c01bbd47fc00a2c39e90264f33305004495a9","hash":"b4af5d633ea709482fe4060637bbb8935eb4657e"}
,"C:\\Hacktiv8 Bootcamp\\Phase3\\Final Project\\fsjs-t1-final-server\\services\\server1\\helpers\\timeConvert.js": {"path":"C:\\Hacktiv8 Bootcamp\\Phase3\\Final Project\\fsjs-t1-final-server\\services\\server1\\helpers\\timeConvert.js","statementMap":{"0":{"start":{"line":2,"column":17},"end":{"line":2,"column":21}},"1":{"start":{"line":3,"column":23},"end":{"line":8,"column":6}},"2":{"start":{"line":9,"column":23},"end":{"line":14,"column":6}},"3":{"start":{"line":15,"column":30},"end":{"line":15,"column":40}},"4":{"start":{"line":18,"column":4},"end":{"line":18,"column":28}},"5":{"start":{"line":21,"column":2},"end":{"line":21,"column":29}}},"fnMap":{"0":{"name":"timeSetter","decl":{"start":{"line":1,"column":9},"end":{"line":1,"column":19}},"loc":{"start":{"line":1,"column":26},"end":{"line":19,"column":3}},"line":1}},"branchMap":{},"s":{"0":0,"1":0,"2":0,"3":0,"4":0,"5":2},"f":{"0":0},"b":{},"_coverageSchema":"1a1c01bbd47fc00a2c39e90264f33305004495a9","hash":"373222e852fb959dd71260d9f217d0760dcfa3cd"}
,"C:\\Hacktiv8 Bootcamp\\Phase3\\Final Project\\fsjs-t1-final-server\\services\\server1\\library\\seedPet.js": {"path":"C:\\Hacktiv8 Bootcamp\\Phase3\\Final Project\\fsjs-t1-final-server\\services\\server1\\library\\seedPet.js","statementMap":{"0":{"start":{"line":1,"column":16},"end":{"line":1,"column":36}},"1":{"start":{"line":2,"column":11},"end":{"line":2,"column":31}},"2":{"start":{"line":3,"column":23},"end":{"line":3,"column":55}},"3":{"start":{"line":8,"column":4},"end":{"line":8,"column":102}},"4":{"start":{"line":11,"column":15},"end":{"line":11,"column":42}},"5":{"start":{"line":12,"column":4},"end":{"line":15,"column":6}},"6":{"start":{"line":13,"column":8},"end":{"line":14,"column":33}},"7":{"start":{"line":17,"column":4},"end":{"line":17,"column":30}},"8":{"start":{"line":23,"column":0},"end":{"line":23,"column":30}}},"fnMap":{"0":{"name":"bulkInsertPet","decl":{"start":{"line":6,"column":15},"end":{"line":6,"column":28}},"loc":{"start":{"line":6,"column":31},"end":{"line":21,"column":1}},"line":6},"1":{"name":"(anonymous_1)","decl":{"start":{"line":12,"column":17},"end":{"line":12,"column":18}},"loc":{"start":{"line":12,"column":23},"end":{"line":15,"column":5}},"line":12}},"branchMap":{},"s":{"0":1,"1":1,"2":1,"3":1,"4":1,"5":1,"6":3,"7":1,"8":1},"f":{"0":1,"1":3},"b":{},"_coverageSchema":"1a1c01bbd47fc00a2c39e90264f33305004495a9","hash":"f12eae1675a17af0b8a65ee45fda58d335933605"}
,"C:\\Hacktiv8 Bootcamp\\Phase3\\Final Project\\fsjs-t1-final-server\\services\\server1\\library\\seedUser.js": {"path":"C:\\Hacktiv8 Bootcamp\\Phase3\\Final Project\\fsjs-t1-final-server\\services\\server1\\library\\seedUser.js","statementMap":{"0":{"start":{"line":1,"column":17},"end":{"line":1,"column":37}},"1":{"start":{"line":2,"column":11},"end":{"line":2,"column":31}},"2":{"start":{"line":3,"column":23},"end":{"line":3,"column":55}},"3":{"start":{"line":4,"column":15},"end":{"line":4,"column":32}},"4":{"start":{"line":7,"column":4},"end":{"line":21,"column":5}},"5":{"start":{"line":8,"column":4},"end":{"line":8,"column":103}},"6":{"start":{"line":11,"column":15},"end":{"line":11,"column":43}},"7":{"start":{"line":12,"column":4},"end":{"line":16,"column":6}},"8":{"start":{"line":13,"column":8},"end":{"line":13,"column":54}},"9":{"start":{"line":14,"column":8},"end":{"line":15,"column":33}},"10":{"start":{"line":18,"column":4},"end":{"line":18,"column":31}},"11":{"start":{"line":20,"column":8},"end":{"line":20,"column":49}},"12":{"start":{"line":24,"column":0},"end":{"line":24,"column":31}}},"fnMap":{"0":{"name":"bulkInsertUser","decl":{"start":{"line":6,"column":15},"end":{"line":6,"column":29}},"loc":{"start":{"line":6,"column":32},"end":{"line":22,"column":1}},"line":6},"1":{"name":"(anonymous_1)","decl":{"start":{"line":12,"column":17},"end":{"line":12,"column":18}},"loc":{"start":{"line":12,"column":23},"end":{"line":16,"column":5}},"line":12}},"branchMap":{},"s":{"0":1,"1":1,"2":1,"3":1,"4":1,"5":1,"6":1,"7":1,"8":5,"9":5,"10":1,"11":0,"12":1},"f":{"0":1,"1":5},"b":{},"_coverageSchema":"1a1c01bbd47fc00a2c39e90264f33305004495a9","hash":"881ed611cc692b79173bedaf6be3463aafe81ae1"}
,"C:\\Hacktiv8 Bootcamp\\Phase3\\Final Project\\fsjs-t1-final-server\\services\\server1\\middlewares\\authentication.js": {"path":"C:\\Hacktiv8 Bootcamp\\Phase3\\Final Project\\fsjs-t1-final-server\\services\\server1\\middlewares\\authentication.js","statementMap":{"0":{"start":{"line":1,"column":16},"end":{"line":1,"column":34}},"1":{"start":{"line":2,"column":12},"end":{"line":2,"column":21}},"2":{"start":{"line":3,"column":17},"end":{"line":3,"column":43}},"3":{"start":{"line":4,"column":35},"end":{"line":4,"column":64}},"4":{"start":{"line":5,"column":0},"end":{"line":5,"column":47}},"5":{"start":{"line":6,"column":0},"end":{"line":6,"column":23}},"6":{"start":{"line":10,"column":4},"end":{"line":34,"column":7}},"7":{"start":{"line":11,"column":27},"end":{"line":11,"column":51}},"8":{"start":{"line":12,"column":8},"end":{"line":14,"column":9}},"9":{"start":{"line":13,"column":10},"end":{"line":13,"column":40}},"10":{"start":{"line":16,"column":22},"end":{"line":16,"column":47}},"11":{"start":{"line":19,"column":21},"end":{"line":19,"column":56}},"12":{"start":{"line":21,"column":8},"end":{"line":23,"column":9}},"13":{"start":{"line":22,"column":10},"end":{"line":22,"column":40}},"14":{"start":{"line":24,"column":8},"end":{"line":28,"column":9}},"15":{"start":{"line":30,"column":8},"end":{"line":30,"column":14}},"16":{"start":{"line":32,"column":8},"end":{"line":32,"column":24}},"17":{"start":{"line":33,"column":8},"end":{"line":33,"column":17}},"18":{"start":{"line":38,"column":0},"end":{"line":38,"column":31}}},"fnMap":{"0":{"name":"authentication","decl":{"start":{"line":9,"column":15},"end":{"line":9,"column":29}},"loc":{"start":{"line":9,"column":46},"end":{"line":35,"column":1}},"line":9}},"branchMap":{"0":{"loc":{"start":{"line":12,"column":8},"end":{"line":14,"column":9}},"type":"if","locations":[{"start":{"line":12,"column":8},"end":{"line":14,"column":9}},{"start":{},"end":{}}],"line":12},"1":{"loc":{"start":{"line":21,"column":8},"end":{"line":23,"column":9}},"type":"if","locations":[{"start":{"line":21,"column":8},"end":{"line":23,"column":9}},{"start":{},"end":{}}],"line":21}},"s":{"0":2,"1":2,"2":2,"3":2,"4":2,"5":2,"6":15,"7":15,"8":15,"9":1,"10":14,"11":14,"12":14,"13":0,"14":14,"15":14,"16":1,"17":1,"18":2},"f":{"0":15},"b":{"0":[1,14],"1":[0,14]},"_coverageSchema":"1a1c01bbd47fc00a2c39e90264f33305004495a9","hash":"6d1bfd55c4579dc8e715f845c4343b9e36ef89ac"}
,"C:\\Hacktiv8 Bootcamp\\Phase3\\Final Project\\fsjs-t1-final-server\\services\\server1\\middlewares\\errorHandler.js": {"path":"C:\\Hacktiv8 Bootcamp\\Phase3\\Final Project\\fsjs-t1-final-server\\services\\server1\\middlewares\\errorHandler.js","statementMap":{"0":{"start":{"line":1,"column":16},"end":{"line":1,"column":34}},"1":{"start":{"line":2,"column":12},"end":{"line":2,"column":21}},"2":{"start":{"line":3,"column":0},"end":{"line":3,"column":24}},"3":{"start":{"line":4,"column":0},"end":{"line":4,"column":48}},"4":{"start":{"line":7,"column":2},"end":{"line":27,"column":3}},"5":{"start":{"line":8,"column":4},"end":{"line":8,"column":60}},"6":{"start":{"line":9,"column":9},"end":{"line":27,"column":3}},"7":{"start":{"line":10,"column":4},"end":{"line":10,"column":61}},"8":{"start":{"line":11,"column":9},"end":{"line":27,"column":3}},"9":{"start":{"line":12,"column":4},"end":{"line":12,"column":55}},"10":{"start":{"line":13,"column":9},"end":{"line":27,"column":3}},"11":{"start":{"line":14,"column":4},"end":{"line":14,"column":61}},"12":{"start":{"line":15,"column":9},"end":{"line":27,"column":3}},"13":{"start":{"line":16,"column":4},"end":{"line":16,"column":65}},"14":{"start":{"line":17,"column":9},"end":{"line":27,"column":3}},"15":{"start":{"line":18,"column":4},"end":{"line":18,"column":59}},"16":{"start":{"line":19,"column":9},"end":{"line":27,"column":3}},"17":{"start":{"line":20,"column":4},"end":{"line":20,"column":62}},"18":{"start":{"line":21,"column":9},"end":{"line":27,"column":3}},"19":{"start":{"line":22,"column":4},"end":{"line":22,"column":55}},"20":{"start":{"line":23,"column":9},"end":{"line":27,"column":3}},"21":{"start":{"line":24,"column":4},"end":{"line":24,"column":64}},"22":{"start":{"line":26,"column":4},"end":{"line":26,"column":63}},"23":{"start":{"line":30,"column":0},"end":{"line":30,"column":30}}},"fnMap":{"0":{"name":"errorHandler","decl":{"start":{"line":6,"column":15},"end":{"line":6,"column":27}},"loc":{"start":{"line":6,"column":49},"end":{"line":28,"column":1}},"line":6}},"branchMap":{"0":{"loc":{"start":{"line":7,"column":2},"end":{"line":27,"column":3}},"type":"if","locations":[{"start":{"line":7,"column":2},"end":{"line":27,"column":3}},{"start":{"line":9,"column":9},"end":{"line":27,"column":3}}],"line":7},"1":{"loc":{"start":{"line":9,"column":9},"end":{"line":27,"column":3}},"type":"if","locations":[{"start":{"line":9,"column":9},"end":{"line":27,"column":3}},{"start":{"line":11,"column":9},"end":{"line":27,"column":3}}],"line":9},"2":{"loc":{"start":{"line":11,"column":9},"end":{"line":27,"column":3}},"type":"if","locations":[{"start":{"line":11,"column":9},"end":{"line":27,"column":3}},{"start":{"line":13,"column":9},"end":{"line":27,"column":3}}],"line":11},"3":{"loc":{"start":{"line":13,"column":9},"end":{"line":27,"column":3}},"type":"if","locations":[{"start":{"line":13,"column":9},"end":{"line":27,"column":3}},{"start":{"line":15,"column":9},"end":{"line":27,"column":3}}],"line":13},"4":{"loc":{"start":{"line":15,"column":9},"end":{"line":27,"column":3}},"type":"if","locations":[{"start":{"line":15,"column":9},"end":{"line":27,"column":3}},{"start":{"line":17,"column":9},"end":{"line":27,"column":3}}],"line":15},"5":{"loc":{"start":{"line":17,"column":9},"end":{"line":27,"column":3}},"type":"if","locations":[{"start":{"line":17,"column":9},"end":{"line":27,"column":3}},{"start":{"line":19,"column":9},"end":{"line":27,"column":3}}],"line":17},"6":{"loc":{"start":{"line":19,"column":9},"end":{"line":27,"column":3}},"type":"if","locations":[{"start":{"line":19,"column":9},"end":{"line":27,"column":3}},{"start":{"line":21,"column":9},"end":{"line":27,"column":3}}],"line":19},"7":{"loc":{"start":{"line":21,"column":9},"end":{"line":27,"column":3}},"type":"if","locations":[{"start":{"line":21,"column":9},"end":{"line":27,"column":3}},{"start":{"line":23,"column":9},"end":{"line":27,"column":3}}],"line":21},"8":{"loc":{"start":{"line":23,"column":9},"end":{"line":27,"column":3}},"type":"if","locations":[{"start":{"line":23,"column":9},"end":{"line":27,"column":3}},{"start":{"line":25,"column":9},"end":{"line":27,"column":3}}],"line":23}},"s":{"0":2,"1":2,"2":2,"3":2,"4":24,"5":2,"6":22,"7":14,"8":8,"9":0,"10":8,"11":3,"12":5,"13":2,"14":3,"15":1,"16":2,"17":1,"18":1,"19":1,"20":0,"21":0,"22":0,"23":2},"f":{"0":24},"b":{"0":[2,22],"1":[14,8],"2":[0,8],"3":[3,5],"4":[2,3],"5":[1,2],"6":[1,1],"7":[1,0],"8":[0,0]},"_coverageSchema":"1a1c01bbd47fc00a2c39e90264f33305004495a9","hash":"5dc629733cf9d4575fe2ae9852a223df9ce9e4ca"}
,"C:\\Hacktiv8 Bootcamp\\Phase3\\Final Project\\fsjs-t1-final-server\\services\\server1\\middlewares\\jwt.js": {"path":"C:\\Hacktiv8 Bootcamp\\Phase3\\Final Project\\fsjs-t1-final-server\\services\\server1\\middlewares\\jwt.js","statementMap":{"0":{"start":{"line":1,"column":12},"end":{"line":1,"column":35}},"1":{"start":{"line":2,"column":15},"end":{"line":2,"column":33}},"2":{"start":{"line":5,"column":4},"end":{"line":5,"column":36}},"3":{"start":{"line":9,"column":4},"end":{"line":9,"column":36}},"4":{"start":{"line":12,"column":0},"end":{"line":12,"column":43}}},"fnMap":{"0":{"name":"createToken","decl":{"start":{"line":4,"column":9},"end":{"line":4,"column":20}},"loc":{"start":{"line":4,"column":31},"end":{"line":6,"column":1}},"line":4},"1":{"name":"decodeToken","decl":{"start":{"line":8,"column":9},"end":{"line":8,"column":20}},"loc":{"start":{"line":8,"column":29},"end":{"line":10,"column":1}},"line":8}},"branchMap":{},"s":{"0":2,"1":2,"2":3,"3":14,"4":2},"f":{"0":3,"1":14},"b":{},"_coverageSchema":"1a1c01bbd47fc00a2c39e90264f33305004495a9","hash":"f4976ac4b7984f9178e9d7b5bc5688a7debe632d"}
,"C:\\Hacktiv8 Bootcamp\\Phase3\\Final Project\\fsjs-t1-final-server\\services\\server1\\models\\index.js": {"path":"C:\\Hacktiv8 Bootcamp\\Phase3\\Final Project\\fsjs-t1-final-server\\services\\server1\\models\\index.js","statementMap":{"0":{"start":{"line":3,"column":11},"end":{"line":3,"column":24}},"1":{"start":{"line":4,"column":13},"end":{"line":4,"column":28}},"2":{"start":{"line":5,"column":18},"end":{"line":5,"column":38}},"3":{"start":{"line":6,"column":16},"end":{"line":6,"column":34}},"4":{"start":{"line":7,"column":17},"end":{"line":7,"column":42}},"5":{"start":{"line":8,"column":12},"end":{"line":8,"column":49}},"6":{"start":{"line":9,"column":15},"end":{"line":9,"column":65}},"7":{"start":{"line":10,"column":11},"end":{"line":10,"column":13}},"8":{"start":{"line":13,"column":0},"end":{"line":17,"column":1}},"9":{"start":{"line":14,"column":2},"end":{"line":14,"column":74}},"10":{"start":{"line":16,"column":2},"end":{"line":16,"column":87}},"11":{"start":{"line":19,"column":0},"end":{"line":32,"column":5}},"12":{"start":{"line":22,"column":4},"end":{"line":27,"column":6}},"13":{"start":{"line":30,"column":18},"end":{"line":30,"column":85}},"14":{"start":{"line":31,"column":4},"end":{"line":31,"column":27}},"15":{"start":{"line":34,"column":0},"end":{"line":38,"column":3}},"16":{"start":{"line":35,"column":2},"end":{"line":37,"column":3}},"17":{"start":{"line":36,"column":4},"end":{"line":36,"column":32}},"18":{"start":{"line":40,"column":0},"end":{"line":40,"column":25}},"19":{"start":{"line":41,"column":0},"end":{"line":41,"column":25}},"20":{"start":{"line":43,"column":0},"end":{"line":43,"column":20}}},"fnMap":{"0":{"name":"(anonymous_0)","decl":{"start":{"line":21,"column":10},"end":{"line":21,"column":11}},"loc":{"start":{"line":21,"column":18},"end":{"line":28,"column":3}},"line":21},"1":{"name":"(anonymous_1)","decl":{"start":{"line":29,"column":11},"end":{"line":29,"column":12}},"loc":{"start":{"line":29,"column":19},"end":{"line":32,"column":3}},"line":29},"2":{"name":"(anonymous_2)","decl":{"start":{"line":34,"column":24},"end":{"line":34,"column":25}},"loc":{"start":{"line":34,"column":37},"end":{"line":38,"column":1}},"line":34}},"branchMap":{"0":{"loc":{"start":{"line":8,"column":12},"end":{"line":8,"column":49}},"type":"binary-expr","locations":[{"start":{"line":8,"column":12},"end":{"line":8,"column":32}},{"start":{"line":8,"column":36},"end":{"line":8,"column":49}}],"line":8},"1":{"loc":{"start":{"line":13,"column":0},"end":{"line":17,"column":1}},"type":"if","locations":[{"start":{"line":13,"column":0},"end":{"line":17,"column":1}},{"start":{"line":15,"column":7},"end":{"line":17,"column":1}}],"line":13},"2":{"loc":{"start":{"line":23,"column":6},"end":{"line":26,"column":37}},"type":"binary-expr","locations":[{"start":{"line":23,"column":6},"end":{"line":23,"column":29}},{"start":{"line":24,"column":6},"end":{"line":24,"column":23}},{"start":{"line":25,"column":6},"end":{"line":25,"column":30}},{"start":{"line":26,"column":6},"end":{"line":26,"column":37}}],"line":23},"3":{"loc":{"start":{"line":35,"column":2},"end":{"line":37,"column":3}},"type":"if","locations":[{"start":{"line":35,"column":2},"end":{"line":37,"column":3}},{"start":{},"end":{}}],"line":35}},"s":{"0":2,"1":2,"2":2,"3":2,"4":2,"5":2,"6":2,"7":2,"8":2,"9":0,"10":2,"11":2,"12":6,"13":4,"14":4,"15":2,"16":4,"17":4,"18":2,"19":2,"20":2},"f":{"0":6,"1":4,"2":4},"b":{"0":[2,0],"1":[0,2],"2":[6,6,4,4],"3":[4,0]},"_coverageSchema":"1a1c01bbd47fc00a2c39e90264f33305004495a9","hash":"4c27b2f9ade572cc8ad02909ba6bd92dfe452883"}
,"C:\\Hacktiv8 Bootcamp\\Phase3\\Final Project\\fsjs-t1-final-server\\services\\server1\\models\\pet.js": {"path":"C:\\Hacktiv8 Bootcamp\\Phase3\\Final Project\\fsjs-t1-final-server\\services\\server1\\models\\pet.js","statementMap":{"0":{"start":{"line":2,"column":18},"end":{"line":2,"column":38}},"1":{"start":{"line":3,"column":0},"end":{"line":81,"column":2}},"2":{"start":{"line":12,"column":6},"end":{"line":12,"column":56}},"3":{"start":{"line":15,"column":2},"end":{"line":79,"column":4}},"4":{"start":{"line":80,"column":2},"end":{"line":80,"column":13}}},"fnMap":{"0":{"name":"(anonymous_0)","decl":{"start":{"line":3,"column":17},"end":{"line":3,"column":18}},"loc":{"start":{"line":3,"column":43},"end":{"line":81,"column":1}},"line":3},"1":{"name":"(anonymous_1)","decl":{"start":{"line":10,"column":4},"end":{"line":10,"column":5}},"loc":{"start":{"line":10,"column":29},"end":{"line":13,"column":5}},"line":10}},"branchMap":{},"s":{"0":2,"1":2,"2":2,"3":2,"4":2},"f":{"0":2,"1":2},"b":{},"_coverageSchema":"1a1c01bbd47fc00a2c39e90264f33305004495a9","hash":"e3343c28c6db173d5479cf2d63d70a95a5117692"}
,"C:\\Hacktiv8 Bootcamp\\Phase3\\Final Project\\fsjs-t1-final-server\\services\\server1\\models\\user.js": {"path":"C:\\Hacktiv8 Bootcamp\\Phase3\\Final Project\\fsjs-t1-final-server\\services\\server1\\models\\user.js","statementMap":{"0":{"start":{"line":2,"column":15},"end":{"line":2,"column":32}},"1":{"start":{"line":3,"column":18},"end":{"line":3,"column":38}},"2":{"start":{"line":4,"column":0},"end":{"line":96,"column":2}},"3":{"start":{"line":13,"column":6},"end":{"line":13,"column":57}},"4":{"start":{"line":16,"column":2},"end":{"line":90,"column":4}},"5":{"start":{"line":91,"column":2},"end":{"line":94,"column":5}},"6":{"start":{"line":92,"column":27},"end":{"line":92,"column":61}},"7":{"start":{"line":93,"column":4},"end":{"line":93,"column":35}},"8":{"start":{"line":95,"column":2},"end":{"line":95,"column":14}}},"fnMap":{"0":{"name":"(anonymous_0)","decl":{"start":{"line":4,"column":17},"end":{"line":4,"column":18}},"loc":{"start":{"line":4,"column":43},"end":{"line":96,"column":1}},"line":4},"1":{"name":"(anonymous_1)","decl":{"start":{"line":11,"column":4},"end":{"line":11,"column":5}},"loc":{"start":{"line":11,"column":29},"end":{"line":14,"column":5}},"line":11},"2":{"name":"(anonymous_2)","decl":{"start":{"line":91,"column":20},"end":{"line":91,"column":21}},"loc":{"start":{"line":91,"column":45},"end":{"line":94,"column":3}},"line":91}},"branchMap":{},"s":{"0":2,"1":2,"2":2,"3":2,"4":2,"5":2,"6":3,"7":3,"8":2},"f":{"0":2,"1":2,"2":3},"b":{},"_coverageSchema":"1a1c01bbd47fc00a2c39e90264f33305004495a9","hash":"df1cdbafc9c6fb2cf60e75e57e3e00016f79d97a"}
}
