TN:
SF:app.js
FNF:0
FNH:0
DA:1,2
DA:2,2
DA:5,2
DA:6,2
DA:7,2
DA:8,2
DA:9,2
DA:10,2
DA:11,2
DA:12,2
DA:16,2
DA:17,2
DA:18,2
DA:20,2
DA:21,2
DA:24,2
DA:25,2
DA:26,2
DA:27,2
DA:28,2
DA:29,2
DA:30,2
DA:31,2
DA:33,2
DA:38,2
LF:25
LH:25
BRDA:1,0,0,2
BRDA:1,0,1,0
BRDA:8,1,0,2
BRDA:8,1,1,2
BRF:4
BRH:3
end_of_record
TN:
SF:controllers\controller.js
FN:11,(anonymous_0)
FN:46,(anonymous_1)
FN:84,(anonymous_2)
FN:123,(anonymous_3)
FN:141,(anonymous_4)
FN:170,(anonymous_5)
FN:185,(anonymous_6)
FN:203,(anonymous_7)
FN:236,(anonymous_8)
FNF:9
FNH:6
FNDA:10,(anonymous_0)
FNDA:5,(anonymous_1)
FNDA:4,(anonymous_2)
FNDA:2,(anonymous_3)
FNDA:7,(anonymous_4)
FNDA:1,(anonymous_5)
FNDA:0,(anonymous_6)
FNDA:0,(anonymous_7)
FNDA:0,(anonymous_8)
DA:1,2
DA:2,2
DA:3,2
DA:4,2
DA:5,2
DA:6,2
DA:7,2
DA:12,10
DA:16,10
DA:22,10
DA:23,10
DA:24,0
DA:25,0
DA:28,10
DA:39,1
DA:42,9
DA:48,5
DA:49,5
DA:50,5
DA:51,5
DA:52,1
DA:54,4
DA:55,1
DA:58,3
DA:61,3
DA:63,2
DA:65,1
DA:66,1
DA:67,1
DA:69,1
DA:76,0
DA:79,4
DA:80,4
DA:85,4
DA:86,4
DA:88,4
DA:90,4
DA:91,4
DA:92,1
DA:96,3
DA:97,3
DA:98,0
DA:99,0
DA:102,3
DA:116,1
DA:118,3
DA:119,3
DA:124,2
DA:126,2
DA:127,2
DA:128,2
DA:129,1
DA:131,1
DA:133,1
DA:135,1
DA:136,1
DA:142,7
DA:143,7
DA:144,7
DA:145,0
DA:146,0
DA:153,7
DA:163,1
DA:165,6
DA:166,6
DA:171,1
DA:172,1
DA:173,1
DA:178,1
DA:180,0
DA:181,0
DA:186,0
DA:187,0
DA:193,0
DA:194,0
DA:196,0
DA:199,0
DA:204,0
DA:205,0
DA:206,0
DA:207,0
DA:209,0
DA:212,0
DA:229,0
DA:232,0
DA:237,0
DA:238,0
DA:239,0
DA:240,0
DA:243,0
DA:249,0
DA:251,0
DA:252,0
DA:257,2
LF:94
LH:63
BRDA:23,0,0,0
BRDA:23,0,1,10
BRDA:51,1,0,1
BRDA:51,1,1,4
BRDA:54,2,0,1
BRDA:54,2,1,3
BRDA:61,3,0,2
BRDA:61,3,1,1
BRDA:66,4,0,1
BRDA:66,4,1,0
BRDA:91,5,0,1
BRDA:91,5,1,3
BRDA:97,6,0,0
BRDA:97,6,1,3
BRDA:128,7,0,1
BRDA:128,7,1,1
BRDA:144,8,0,0
BRDA:144,8,1,7
BRDA:193,9,0,0
BRDA:193,9,1,0
BRDA:206,10,0,0
BRDA:206,10,1,0
BRDA:239,11,0,0
BRDA:239,11,1,0
BRF:24
BRH:14
end_of_record
TN:
SF:helpers\dotSeparator.js
FN:1,dotSeparator
FNF:1
FNH:0
FNDA:0,dotSeparator
DA:2,0
DA:3,0
DA:4,0
DA:5,0
DA:6,0
DA:7,0
DA:10,0
DA:13,2
LF:8
LH:1
BRDA:6,0,0,0
BRDA:6,0,1,0
BRDA:6,1,0,0
BRDA:6,1,1,0
BRF:4
BRH:0
end_of_record
TN:
SF:helpers\imageKit.js
FN:4,ImageCloud
FNF:1
FNH:0
FNDA:0,ImageCloud
DA:1,2
DA:2,2
DA:5,0
DA:6,0
DA:7,0
DA:10,0
DA:12,0
DA:21,0
DA:24,2
LF:9
LH:3
BRF:0
BRH:0
end_of_record
TN:
SF:helpers\multer.js
FN:7,(anonymous_0)
FNF:1
FNH:0
FNDA:0,(anonymous_0)
DA:1,2
DA:2,2
DA:4,2
DA:5,2
DA:9,0
DA:10,0
DA:11,0
DA:13,0
DA:17,2
LF:9
LH:5
BRDA:10,0,0,0
BRDA:10,0,1,0
BRDA:10,1,0,0
BRDA:10,1,1,0
BRDA:10,1,2,0
BRDA:10,1,3,0
BRF:6
BRH:0
end_of_record
TN:
SF:helpers\timeConvert.js
FN:1,timeSetter
FNF:1
FNH:0
FNDA:0,timeSetter
DA:2,0
DA:3,0
DA:9,0
DA:15,0
DA:18,0
DA:21,2
LF:6
LH:1
BRF:0
BRH:0
end_of_record
TN:
SF:library\seedPet.js
FN:6,bulkInsertPet
FN:12,(anonymous_1)
FNF:2
FNH:2
FNDA:1,bulkInsertPet
FNDA:3,(anonymous_1)
DA:1,1
DA:2,1
DA:3,1
DA:7,1
DA:8,1
DA:10,1
DA:11,1
DA:12,1
DA:13,3
DA:16,1
DA:17,1
DA:19,0
DA:23,1
LF:13
LH:12
BRF:0
BRH:0
end_of_record
TN:
SF:library\seedUser.js
FN:6,bulkInsertUser
FN:12,(anonymous_1)
FNF:2
FNH:2
FNDA:1,bulkInsertUser
FNDA:5,(anonymous_1)
DA:1,1
DA:2,1
DA:3,1
DA:4,1
DA:7,1
DA:8,1
DA:11,1
DA:12,1
DA:13,5
DA:14,5
DA:18,1
DA:20,0
DA:24,1
LF:13
LH:12
BRF:0
BRH:0
end_of_record
TN:
SF:middlewares\authentication.js
FN:9,authentication
FNF:1
FNH:1
FNDA:14,authentication
DA:1,2
DA:2,2
DA:3,2
DA:4,2
DA:5,2
DA:6,2
DA:10,14
DA:11,14
DA:12,14
DA:13,0
DA:16,14
DA:19,14
DA:21,14
DA:22,0
DA:24,14
DA:30,14
DA:32,0
DA:33,0
DA:38,2
LF:19
LH:15
BRDA:12,0,0,0
BRDA:12,0,1,14
BRDA:21,1,0,0
BRDA:21,1,1,14
BRF:4
BRH:2
end_of_record
TN:
SF:middlewares\errorHandler.js
FN:6,errorHandler
FNF:1
FNH:1
FNDA:23,errorHandler
DA:1,2
DA:2,2
DA:3,2
DA:4,2
DA:7,23
DA:8,2
DA:9,21
DA:10,14
DA:11,7
DA:12,0
DA:13,7
DA:14,3
DA:15,4
DA:16,2
DA:17,2
DA:18,1
DA:19,1
DA:20,1
DA:21,0
DA:22,0
DA:23,0
DA:24,0
DA:26,0
DA:30,2
LF:24
LH:18
BRDA:7,0,0,2
BRDA:7,0,1,21
BRDA:9,1,0,14
BRDA:9,1,1,7
BRDA:11,2,0,0
BRDA:11,2,1,7
BRDA:13,3,0,3
BRDA:13,3,1,4
BRDA:15,4,0,2
BRDA:15,4,1,2
BRDA:17,5,0,1
BRDA:17,5,1,1
BRDA:19,6,0,1
BRDA:19,6,1,0
BRDA:21,7,0,0
BRDA:21,7,1,0
BRDA:23,8,0,0
BRDA:23,8,1,0
BRF:18
BRH:12
end_of_record
TN:
SF:middlewares\jwt.js
FN:4,createToken
FN:8,decodeToken
FNF:2
FNH:2
FNDA:3,createToken
FNDA:14,decodeToken
DA:1,2
DA:2,2
DA:5,3
DA:9,14
DA:12,2
LF:5
LH:5
BRF:0
BRH:0
end_of_record
TN:
SF:models\index.js
FN:21,(anonymous_0)
FN:29,(anonymous_1)
FN:34,(anonymous_2)
FNF:3
FNH:3
FNDA:6,(anonymous_0)
FNDA:4,(anonymous_1)
FNDA:4,(anonymous_2)
DA:3,2
DA:4,2
DA:5,2
DA:6,2
DA:7,2
DA:8,2
DA:9,2
DA:10,2
DA:13,2
DA:14,0
DA:16,2
DA:19,2
DA:22,6
DA:30,4
DA:31,4
DA:34,2
DA:35,4
DA:36,4
DA:40,2
DA:41,2
DA:43,2
LF:21
LH:20
BRDA:8,0,0,2
BRDA:8,0,1,0
BRDA:13,1,0,0
BRDA:13,1,1,2
BRDA:23,2,0,6
BRDA:23,2,1,6
BRDA:23,2,2,4
BRDA:23,2,3,4
BRDA:35,3,0,4
BRDA:35,3,1,0
BRF:10
BRH:7
end_of_record
TN:
SF:models\pet.js
FN:3,(anonymous_0)
FN:10,(anonymous_1)
FNF:2
FNH:2
FNDA:2,(anonymous_0)
FNDA:2,(anonymous_1)
DA:2,2
DA:3,2
DA:12,2
DA:15,2
DA:80,2
LF:5
LH:5
BRF:0
BRH:0
end_of_record
TN:
SF:models\user.js
FN:4,(anonymous_0)
FN:11,(anonymous_1)
FN:91,(anonymous_2)
FNF:3
FNH:3
FNDA:2,(anonymous_0)
FNDA:2,(anonymous_1)
FNDA:3,(anonymous_2)
DA:2,2
DA:3,2
DA:4,2
DA:13,2
DA:16,2
DA:91,2
DA:92,3
DA:93,3
DA:95,2
LF:9
LH:9
BRF:0
BRH:0
end_of_record
