{"C:\\Users\\devir\\Desktop\\challenge\\fsjs-t1-final-server\\services\\server2\\app.js": {"path":"C:\\Users\\devir\\Desktop\\challenge\\fsjs-t1-final-server\\services\\server2\\app.js","statementMap":{"0":{"start":{"line":1,"column":0},"end":{"line":3,"column":1}},"1":{"start":{"line":2,"column":2},"end":{"line":2,"column":29}},"2":{"start":{"line":5,"column":16},"end":{"line":5,"column":34}},"3":{"start":{"line":6,"column":12},"end":{"line":6,"column":21}},"4":{"start":{"line":7,"column":13},"end":{"line":7,"column":28}},"5":{"start":{"line":8,"column":13},"end":{"line":8,"column":37}},"6":{"start":{"line":10,"column":0},"end":{"line":10,"column":16}},"7":{"start":{"line":11,"column":0},"end":{"line":11,"column":24}},"8":{"start":{"line":12,"column":0},"end":{"line":12,"column":48}},"9":{"start":{"line":14,"column":33},"end":{"line":14,"column":52}},"10":{"start":{"line":15,"column":20},"end":{"line":15,"column":39}},"11":{"start":{"line":16,"column":19},"end":{"line":16,"column":48}},"12":{"start":{"line":17,"column":15},"end":{"line":17,"column":42}},"13":{"start":{"line":18,"column":19},"end":{"line":18,"column":54}},"14":{"start":{"line":19,"column":23},"end":{"line":19,"column":62}},"15":{"start":{"line":20,"column":21},"end":{"line":20,"column":58}},"16":{"start":{"line":26,"column":0},"end":{"line":26,"column":80}},"17":{"start":{"line":27,"column":0},"end":{"line":27,"column":47}},"18":{"start":{"line":28,"column":0},"end":{"line":28,"column":53}},"19":{"start":{"line":29,"column":0},"end":{"line":29,"column":54}},"20":{"start":{"line":30,"column":0},"end":{"line":30,"column":77}},"21":{"start":{"line":33,"column":0},"end":{"line":33,"column":54}},"22":{"start":{"line":34,"column":0},"end":{"line":34,"column":49}},"23":{"start":{"line":35,"column":0},"end":{"line":35,"column":86}},"24":{"start":{"line":37,"column":0},"end":{"line":37,"column":45}},"25":{"start":{"line":40,"column":0},"end":{"line":40,"column":71}},"26":{"start":{"line":41,"column":0},"end":{"line":41,"column":73}},"27":{"start":{"line":42,"column":0},"end":{"line":42,"column":68}},"28":{"start":{"line":43,"column":0},"end":{"line":43,"column":74}},"29":{"start":{"line":46,"column":0},"end":{"line":46,"column":23}},"30":{"start":{"line":49,"column":0},"end":{"line":49,"column":83}},"31":{"start":{"line":50,"column":0},"end":{"line":50,"column":57}},"32":{"start":{"line":51,"column":0},"end":{"line":51,"column":65}},"33":{"start":{"line":52,"column":0},"end":{"line":52,"column":87}},"34":{"start":{"line":53,"column":0},"end":{"line":53,"column":69}},"35":{"start":{"line":57,"column":0},"end":{"line":57,"column":79}},"36":{"start":{"line":58,"column":0},"end":{"line":58,"column":53}},"37":{"start":{"line":59,"column":0},"end":{"line":59,"column":58}},"38":{"start":{"line":60,"column":0},"end":{"line":60,"column":83}},"39":{"start":{"line":61,"column":0},"end":{"line":61,"column":63}},"40":{"start":{"line":64,"column":0},"end":{"line":64,"column":84}},"41":{"start":{"line":65,"column":0},"end":{"line":65,"column":58}},"42":{"start":{"line":66,"column":0},"end":{"line":66,"column":94}},"43":{"start":{"line":67,"column":0},"end":{"line":67,"column":71}},"44":{"start":{"line":72,"column":0},"end":{"line":72,"column":68}},"45":{"start":{"line":73,"column":0},"end":{"line":73,"column":66}},"46":{"start":{"line":74,"column":0},"end":{"line":74,"column":70}},"47":{"start":{"line":80,"column":0},"end":{"line":80,"column":21}},"48":{"start":{"line":86,"column":0},"end":{"line":86,"column":20}}},"fnMap":{},"branchMap":{"0":{"loc":{"start":{"line":1,"column":0},"end":{"line":3,"column":1}},"type":"if","locations":[{"start":{"line":1,"column":0},"end":{"line":3,"column":1}},{"start":{},"end":{}}],"line":1},"1":{"loc":{"start":{"line":8,"column":13},"end":{"line":8,"column":37}},"type":"binary-expr","locations":[{"start":{"line":8,"column":13},"end":{"line":8,"column":29}},{"start":{"line":8,"column":33},"end":{"line":8,"column":37}}],"line":8}},"s":{"0":2,"1":2,"2":2,"3":2,"4":2,"5":2,"6":2,"7":2,"8":2,"9":2,"10":2,"11":2,"12":2,"13":2,"14":2,"15":2,"16":2,"17":2,"18":2,"19":2,"20":2,"21":2,"22":2,"23":2,"24":2,"25":2,"26":2,"27":2,"28":2,"29":2,"30":2,"31":2,"32":2,"33":2,"34":2,"35":2,"36":2,"37":2,"38":2,"39":2,"40":2,"41":2,"42":2,"43":2,"44":2,"45":2,"46":2,"47":2,"48":2},"f":{},"b":{"0":[2,0],"1":[2,2]},"_coverageSchema":"1a1c01bbd47fc00a2c39e90264f33305004495a9","hash":"53acf34073a58c28f5872c828300f525d73d1a2b"}
,"C:\\Users\\devir\\Desktop\\challenge\\fsjs-t1-final-server\\services\\server2\\controllers\\controller.js": {"path":"C:\\Users\\devir\\Desktop\\challenge\\fsjs-t1-final-server\\services\\server2\\controllers\\controller.js","statementMap":{"0":{"start":{"line":10,"column":4},"end":{"line":10,"column":30}},"1":{"start":{"line":11,"column":33},"end":{"line":11,"column":53}},"2":{"start":{"line":12,"column":15},"end":{"line":12,"column":35}},"3":{"start":{"line":13,"column":19},"end":{"line":13,"column":49}},"4":{"start":{"line":14,"column":15},"end":{"line":14,"column":37}},"5":{"start":{"line":15,"column":19},"end":{"line":15,"column":41}},"6":{"start":{"line":21,"column":4},"end":{"line":47,"column":5}},"7":{"start":{"line":23,"column":8},"end":{"line":23,"column":16}},"8":{"start":{"line":25,"column":17},"end":{"line":25,"column":21}},"9":{"start":{"line":26,"column":6},"end":{"line":29,"column":7}},"10":{"start":{"line":27,"column":19},"end":{"line":27,"column":45}},"11":{"start":{"line":28,"column":8},"end":{"line":28,"column":24}},"12":{"start":{"line":32,"column":20},"end":{"line":42,"column":8}},"13":{"start":{"line":43,"column":6},"end":{"line":43,"column":36}},"14":{"start":{"line":45,"column":6},"end":{"line":45,"column":23}},"15":{"start":{"line":46,"column":6},"end":{"line":46,"column":16}},"16":{"start":{"line":51,"column":4},"end":{"line":86,"column":5}},"17":{"start":{"line":52,"column":64},"end":{"line":52,"column":72}},"18":{"start":{"line":53,"column":26},"end":{"line":53,"column":36}},"19":{"start":{"line":55,"column":17},"end":{"line":55,"column":50}},"20":{"start":{"line":56,"column":6},"end":{"line":58,"column":7}},"21":{"start":{"line":57,"column":8},"end":{"line":57,"column":35}},"22":{"start":{"line":60,"column":17},"end":{"line":60,"column":26}},"23":{"start":{"line":61,"column":6},"end":{"line":64,"column":7}},"24":{"start":{"line":62,"column":19},"end":{"line":62,"column":45}},"25":{"start":{"line":63,"column":9},"end":{"line":63,"column":25}},"26":{"start":{"line":67,"column":23},"end":{"line":81,"column":7}},"27":{"start":{"line":82,"column":6},"end":{"line":82,"column":56}},"28":{"start":{"line":84,"column":6},"end":{"line":84,"column":23}},"29":{"start":{"line":85,"column":6},"end":{"line":85,"column":16}},"30":{"start":{"line":90,"column":4},"end":{"line":119,"column":5}},"31":{"start":{"line":92,"column":42},"end":{"line":92,"column":51}},"32":{"start":{"line":94,"column":6},"end":{"line":94,"column":55}},"33":{"start":{"line":95,"column":18},"end":{"line":101,"column":7}},"34":{"start":{"line":103,"column":6},"end":{"line":105,"column":7}},"35":{"start":{"line":104,"column":8},"end":{"line":104,"column":57}},"36":{"start":{"line":106,"column":6},"end":{"line":110,"column":7}},"37":{"start":{"line":107,"column":8},"end":{"line":109,"column":10}},"38":{"start":{"line":112,"column":6},"end":{"line":112,"column":25}},"39":{"start":{"line":114,"column":18},"end":{"line":114,"column":46}},"40":{"start":{"line":115,"column":6},"end":{"line":115,"column":34}},"41":{"start":{"line":117,"column":6},"end":{"line":117,"column":23}},"42":{"start":{"line":118,"column":6},"end":{"line":118,"column":16}},"43":{"start":{"line":123,"column":4},"end":{"line":141,"column":5}},"44":{"start":{"line":124,"column":23},"end":{"line":124,"column":33}},"45":{"start":{"line":128,"column":6},"end":{"line":128,"column":39}},"46":{"start":{"line":129,"column":17},"end":{"line":132,"column":8}},"47":{"start":{"line":133,"column":6},"end":{"line":135,"column":7}},"48":{"start":{"line":134,"column":8},"end":{"line":134,"column":35}},"49":{"start":{"line":137,"column":6},"end":{"line":137,"column":33}},"50":{"start":{"line":139,"column":6},"end":{"line":139,"column":23}},"51":{"start":{"line":140,"column":6},"end":{"line":140,"column":16}},"52":{"start":{"line":145,"column":4},"end":{"line":185,"column":5}},"53":{"start":{"line":148,"column":23},"end":{"line":148,"column":41}},"54":{"start":{"line":149,"column":19},"end":{"line":149,"column":33}},"55":{"start":{"line":150,"column":18},"end":{"line":150,"column":31}},"56":{"start":{"line":152,"column":21},"end":{"line":178,"column":7}},"57":{"start":{"line":180,"column":6},"end":{"line":180,"column":26}},"58":{"start":{"line":181,"column":6},"end":{"line":181,"column":35}},"59":{"start":{"line":183,"column":6},"end":{"line":183,"column":38}},"60":{"start":{"line":184,"column":6},"end":{"line":184,"column":34}},"61":{"start":{"line":190,"column":4},"end":{"line":206,"column":5}},"62":{"start":{"line":191,"column":22},"end":{"line":191,"column":32}},"63":{"start":{"line":192,"column":19},"end":{"line":200,"column":8}},"64":{"start":{"line":202,"column":6},"end":{"line":202,"column":35}},"65":{"start":{"line":204,"column":6},"end":{"line":204,"column":23}},"66":{"start":{"line":205,"column":6},"end":{"line":205,"column":16}},"67":{"start":{"line":210,"column":4},"end":{"line":225,"column":5}},"68":{"start":{"line":211,"column":65},"end":{"line":211,"column":73}},"69":{"start":{"line":213,"column":22},"end":{"line":219,"column":8}},"70":{"start":{"line":221,"column":6},"end":{"line":221,"column":38}},"71":{"start":{"line":223,"column":6},"end":{"line":223,"column":23}},"72":{"start":{"line":224,"column":6},"end":{"line":224,"column":16}},"73":{"start":{"line":230,"column":4},"end":{"line":252,"column":5}},"74":{"start":{"line":231,"column":38},"end":{"line":231,"column":46}},"75":{"start":{"line":232,"column":32},"end":{"line":232,"column":42}},"76":{"start":{"line":234,"column":6},"end":{"line":234,"column":47}},"77":{"start":{"line":235,"column":21},"end":{"line":235,"column":25}},"78":{"start":{"line":236,"column":6},"end":{"line":239,"column":7}},"79":{"start":{"line":237,"column":19},"end":{"line":237,"column":45}},"80":{"start":{"line":238,"column":8},"end":{"line":238,"column":28}},"81":{"start":{"line":241,"column":19},"end":{"line":246,"column":8}},"82":{"start":{"line":247,"column":6},"end":{"line":247,"column":32}},"83":{"start":{"line":248,"column":6},"end":{"line":248,"column":35}},"84":{"start":{"line":250,"column":6},"end":{"line":250,"column":23}},"85":{"start":{"line":251,"column":6},"end":{"line":251,"column":16}},"86":{"start":{"line":257,"column":4},"end":{"line":297,"column":5}},"87":{"start":{"line":259,"column":47},"end":{"line":259,"column":55}},"88":{"start":{"line":260,"column":16},"end":{"line":262,"column":8}},"89":{"start":{"line":265,"column":20},"end":{"line":265,"column":53}},"90":{"start":{"line":270,"column":26},"end":{"line":270,"column":27}},"91":{"start":{"line":271,"column":16},"end":{"line":271,"column":31}},"92":{"start":{"line":273,"column":20},"end":{"line":285,"column":8}},"93":{"start":{"line":287,"column":6},"end":{"line":287,"column":58}},"94":{"start":{"line":293,"column":6},"end":{"line":293,"column":22}},"95":{"start":{"line":295,"column":6},"end":{"line":295,"column":23}},"96":{"start":{"line":296,"column":6},"end":{"line":296,"column":22}},"97":{"start":{"line":302,"column":4},"end":{"line":334,"column":5}},"98":{"start":{"line":303,"column":34},"end":{"line":303,"column":42}},"99":{"start":{"line":304,"column":36},"end":{"line":304,"column":46}},"100":{"start":{"line":307,"column":18},"end":{"line":315,"column":8}},"101":{"start":{"line":318,"column":6},"end":{"line":320,"column":7}},"102":{"start":{"line":319,"column":8},"end":{"line":319,"column":40}},"103":{"start":{"line":322,"column":21},"end":{"line":328,"column":8}},"104":{"start":{"line":330,"column":6},"end":{"line":330,"column":37}},"105":{"start":{"line":332,"column":6},"end":{"line":332,"column":23}},"106":{"start":{"line":333,"column":6},"end":{"line":333,"column":16}},"107":{"start":{"line":339,"column":4},"end":{"line":357,"column":5}},"108":{"start":{"line":340,"column":36},"end":{"line":340,"column":46}},"109":{"start":{"line":342,"column":18},"end":{"line":347,"column":8}},"110":{"start":{"line":349,"column":6},"end":{"line":351,"column":7}},"111":{"start":{"line":350,"column":8},"end":{"line":350,"column":35}},"112":{"start":{"line":353,"column":6},"end":{"line":353,"column":34}},"113":{"start":{"line":355,"column":6},"end":{"line":355,"column":23}},"114":{"start":{"line":356,"column":6},"end":{"line":356,"column":16}},"115":{"start":{"line":361,"column":4},"end":{"line":387,"column":5}},"116":{"start":{"line":362,"column":34},"end":{"line":362,"column":42}},"117":{"start":{"line":363,"column":33},"end":{"line":363,"column":43}},"118":{"start":{"line":365,"column":18},"end":{"line":365,"column":65}},"119":{"start":{"line":366,"column":6},"end":{"line":368,"column":7}},"120":{"start":{"line":367,"column":8},"end":{"line":367,"column":35}},"121":{"start":{"line":370,"column":24},"end":{"line":381,"column":7}},"122":{"start":{"line":383,"column":6},"end":{"line":383,"column":69}},"123":{"start":{"line":385,"column":6},"end":{"line":385,"column":23}},"124":{"start":{"line":386,"column":6},"end":{"line":386,"column":16}},"125":{"start":{"line":391,"column":4},"end":{"line":410,"column":5}},"126":{"start":{"line":392,"column":6},"end":{"line":392,"column":37}},"127":{"start":{"line":393,"column":33},"end":{"line":393,"column":43}},"128":{"start":{"line":394,"column":18},"end":{"line":394,"column":65}},"129":{"start":{"line":396,"column":6},"end":{"line":398,"column":7}},"130":{"start":{"line":397,"column":8},"end":{"line":397,"column":35}},"131":{"start":{"line":400,"column":6},"end":{"line":404,"column":9}},"132":{"start":{"line":406,"column":6},"end":{"line":406,"column":60}},"133":{"start":{"line":408,"column":6},"end":{"line":408,"column":23}},"134":{"start":{"line":409,"column":6},"end":{"line":409,"column":16}},"135":{"start":{"line":416,"column":4},"end":{"line":445,"column":5}},"136":{"start":{"line":419,"column":19},"end":{"line":419,"column":23}},"137":{"start":{"line":420,"column":6},"end":{"line":425,"column":7}},"138":{"start":{"line":421,"column":19},"end":{"line":421,"column":45}},"139":{"start":{"line":424,"column":21},"end":{"line":424,"column":29}},"140":{"start":{"line":433,"column":22},"end":{"line":440,"column":8}},"141":{"start":{"line":441,"column":6},"end":{"line":441,"column":38}},"142":{"start":{"line":444,"column":6},"end":{"line":444,"column":16}},"143":{"start":{"line":449,"column":4},"end":{"line":465,"column":5}},"144":{"start":{"line":450,"column":22},"end":{"line":450,"column":66}},"145":{"start":{"line":452,"column":6},"end":{"line":454,"column":7}},"146":{"start":{"line":453,"column":8},"end":{"line":453,"column":35}},"147":{"start":{"line":455,"column":21},"end":{"line":459,"column":8}},"148":{"start":{"line":461,"column":6},"end":{"line":461,"column":35}},"149":{"start":{"line":464,"column":6},"end":{"line":464,"column":16}},"150":{"start":{"line":469,"column":4},"end":{"line":487,"column":5}},"151":{"start":{"line":471,"column":22},"end":{"line":471,"column":66}},"152":{"start":{"line":473,"column":6},"end":{"line":475,"column":7}},"153":{"start":{"line":474,"column":8},"end":{"line":474,"column":35}},"154":{"start":{"line":476,"column":21},"end":{"line":481,"column":8}},"155":{"start":{"line":483,"column":6},"end":{"line":483,"column":35}},"156":{"start":{"line":486,"column":6},"end":{"line":486,"column":16}},"157":{"start":{"line":491,"column":4},"end":{"line":527,"column":5}},"158":{"start":{"line":492,"column":19},"end":{"line":492,"column":34}},"159":{"start":{"line":493,"column":6},"end":{"line":497,"column":7}},"160":{"start":{"line":494,"column":19},"end":{"line":494,"column":45}},"161":{"start":{"line":495,"column":8},"end":{"line":495,"column":38}},"162":{"start":{"line":496,"column":21},"end":{"line":496,"column":29}},"163":{"start":{"line":499,"column":26},"end":{"line":499,"column":68}},"164":{"start":{"line":500,"column":6},"end":{"line":502,"column":7}},"165":{"start":{"line":501,"column":8},"end":{"line":501,"column":35}},"166":{"start":{"line":504,"column":21},"end":{"line":519,"column":7}},"167":{"start":{"line":521,"column":6},"end":{"line":523,"column":70}},"168":{"start":{"line":525,"column":6},"end":{"line":525,"column":23}},"169":{"start":{"line":526,"column":6},"end":{"line":526,"column":16}},"170":{"start":{"line":531,"column":4},"end":{"line":548,"column":5}},"171":{"start":{"line":532,"column":21},"end":{"line":532,"column":63}},"172":{"start":{"line":533,"column":6},"end":{"line":535,"column":7}},"173":{"start":{"line":534,"column":8},"end":{"line":534,"column":35}},"174":{"start":{"line":537,"column":6},"end":{"line":542,"column":9}},"175":{"start":{"line":544,"column":6},"end":{"line":544,"column":61}},"176":{"start":{"line":547,"column":6},"end":{"line":547,"column":16}},"177":{"start":{"line":552,"column":4},"end":{"line":575,"column":5}},"178":{"start":{"line":557,"column":21},"end":{"line":557,"column":25}},"179":{"start":{"line":558,"column":6},"end":{"line":563,"column":7}},"180":{"start":{"line":559,"column":19},"end":{"line":559,"column":45}},"181":{"start":{"line":562,"column":8},"end":{"line":562,"column":28}},"182":{"start":{"line":565,"column":20},"end":{"line":570,"column":8}},"183":{"start":{"line":571,"column":6},"end":{"line":571,"column":36}},"184":{"start":{"line":574,"column":6},"end":{"line":574,"column":16}},"185":{"start":{"line":579,"column":4},"end":{"line":594,"column":5}},"186":{"start":{"line":580,"column":22},"end":{"line":580,"column":66}},"187":{"start":{"line":581,"column":6},"end":{"line":583,"column":7}},"188":{"start":{"line":582,"column":8},"end":{"line":582,"column":35}},"189":{"start":{"line":584,"column":19},"end":{"line":588,"column":8}},"190":{"start":{"line":590,"column":6},"end":{"line":590,"column":33}},"191":{"start":{"line":592,"column":6},"end":{"line":592,"column":23}},"192":{"start":{"line":593,"column":6},"end":{"line":593,"column":16}},"193":{"start":{"line":598,"column":4},"end":{"line":615,"column":5}},"194":{"start":{"line":599,"column":22},"end":{"line":599,"column":63}},"195":{"start":{"line":600,"column":6},"end":{"line":602,"column":7}},"196":{"start":{"line":601,"column":8},"end":{"line":601,"column":35}},"197":{"start":{"line":604,"column":19},"end":{"line":610,"column":8}},"198":{"start":{"line":611,"column":6},"end":{"line":611,"column":33}},"199":{"start":{"line":614,"column":6},"end":{"line":614,"column":16}},"200":{"start":{"line":619,"column":4},"end":{"line":652,"column":5}},"201":{"start":{"line":620,"column":21},"end":{"line":620,"column":38}},"202":{"start":{"line":621,"column":6},"end":{"line":625,"column":7}},"203":{"start":{"line":622,"column":19},"end":{"line":622,"column":45}},"204":{"start":{"line":623,"column":8},"end":{"line":623,"column":34}},"205":{"start":{"line":624,"column":23},"end":{"line":624,"column":31}},"206":{"start":{"line":627,"column":24},"end":{"line":627,"column":62}},"207":{"start":{"line":628,"column":6},"end":{"line":630,"column":7}},"208":{"start":{"line":629,"column":8},"end":{"line":629,"column":35}},"209":{"start":{"line":632,"column":19},"end":{"line":646,"column":7}},"210":{"start":{"line":648,"column":6},"end":{"line":648,"column":70}},"211":{"start":{"line":650,"column":6},"end":{"line":650,"column":23}},"212":{"start":{"line":651,"column":6},"end":{"line":651,"column":16}},"213":{"start":{"line":656,"column":4},"end":{"line":673,"column":5}},"214":{"start":{"line":657,"column":19},"end":{"line":657,"column":57}},"215":{"start":{"line":658,"column":6},"end":{"line":660,"column":7}},"216":{"start":{"line":659,"column":8},"end":{"line":659,"column":35}},"217":{"start":{"line":662,"column":6},"end":{"line":667,"column":9}},"218":{"start":{"line":669,"column":6},"end":{"line":669,"column":61}},"219":{"start":{"line":672,"column":6},"end":{"line":672,"column":16}},"220":{"start":{"line":677,"column":4},"end":{"line":704,"column":5}},"221":{"start":{"line":684,"column":24},"end":{"line":684,"column":28}},"222":{"start":{"line":685,"column":6},"end":{"line":690,"column":7}},"223":{"start":{"line":686,"column":19},"end":{"line":686,"column":45}},"224":{"start":{"line":689,"column":8},"end":{"line":689,"column":31}},"225":{"start":{"line":693,"column":23},"end":{"line":699,"column":8}},"226":{"start":{"line":700,"column":6},"end":{"line":700,"column":39}},"227":{"start":{"line":703,"column":6},"end":{"line":703,"column":16}},"228":{"start":{"line":707,"column":4},"end":{"line":723,"column":5}},"229":{"start":{"line":708,"column":22},"end":{"line":708,"column":66}},"230":{"start":{"line":710,"column":6},"end":{"line":712,"column":7}},"231":{"start":{"line":711,"column":8},"end":{"line":711,"column":35}},"232":{"start":{"line":713,"column":22},"end":{"line":717,"column":8}},"233":{"start":{"line":719,"column":6},"end":{"line":719,"column":36}},"234":{"start":{"line":722,"column":6},"end":{"line":722,"column":16}},"235":{"start":{"line":726,"column":4},"end":{"line":760,"column":5}},"236":{"start":{"line":727,"column":24},"end":{"line":727,"column":44}},"237":{"start":{"line":728,"column":6},"end":{"line":732,"column":7}},"238":{"start":{"line":729,"column":19},"end":{"line":729,"column":45}},"239":{"start":{"line":731,"column":26},"end":{"line":731,"column":34}},"240":{"start":{"line":734,"column":27},"end":{"line":734,"column":71}},"241":{"start":{"line":736,"column":6},"end":{"line":738,"column":7}},"242":{"start":{"line":737,"column":8},"end":{"line":737,"column":35}},"243":{"start":{"line":740,"column":22},"end":{"line":754,"column":7}},"244":{"start":{"line":756,"column":6},"end":{"line":756,"column":73}},"245":{"start":{"line":759,"column":6},"end":{"line":759,"column":16}},"246":{"start":{"line":763,"column":4},"end":{"line":780,"column":5}},"247":{"start":{"line":764,"column":22},"end":{"line":764,"column":66}},"248":{"start":{"line":765,"column":6},"end":{"line":767,"column":7}},"249":{"start":{"line":766,"column":8},"end":{"line":766,"column":35}},"250":{"start":{"line":769,"column":6},"end":{"line":774,"column":9}},"251":{"start":{"line":776,"column":6},"end":{"line":776,"column":61}},"252":{"start":{"line":779,"column":6},"end":{"line":779,"column":16}},"253":{"start":{"line":784,"column":4},"end":{"line":799,"column":5}},"254":{"start":{"line":785,"column":27},"end":{"line":787,"column":7}},"255":{"start":{"line":789,"column":24},"end":{"line":794,"column":8}},"256":{"start":{"line":795,"column":6},"end":{"line":795,"column":40}},"257":{"start":{"line":798,"column":6},"end":{"line":798,"column":16}},"258":{"start":{"line":803,"column":4},"end":{"line":817,"column":5}},"259":{"start":{"line":805,"column":21},"end":{"line":811,"column":8}},"260":{"start":{"line":813,"column":6},"end":{"line":813,"column":37}},"261":{"start":{"line":815,"column":6},"end":{"line":815,"column":23}},"262":{"start":{"line":816,"column":6},"end":{"line":816,"column":16}},"263":{"start":{"line":821,"column":4},"end":{"line":840,"column":5}},"264":{"start":{"line":822,"column":20},"end":{"line":822,"column":64}},"265":{"start":{"line":824,"column":6},"end":{"line":826,"column":7}},"266":{"start":{"line":825,"column":8},"end":{"line":825,"column":35}},"267":{"start":{"line":828,"column":21},"end":{"line":834,"column":8}},"268":{"start":{"line":836,"column":6},"end":{"line":836,"column":37}},"269":{"start":{"line":838,"column":6},"end":{"line":838,"column":23}},"270":{"start":{"line":839,"column":6},"end":{"line":839,"column":16}},"271":{"start":{"line":844,"column":0},"end":{"line":844,"column":28}}},"fnMap":{"0":{"name":"(anonymous_0)","decl":{"start":{"line":20,"column":2},"end":{"line":20,"column":3}},"loc":{"start":{"line":20,"column":47},"end":{"line":48,"column":3}},"line":20},"1":{"name":"(anonymous_1)","decl":{"start":{"line":50,"column":2},"end":{"line":50,"column":3}},"loc":{"start":{"line":50,"column":43},"end":{"line":87,"column":3}},"line":50},"2":{"name":"(anonymous_2)","decl":{"start":{"line":89,"column":2},"end":{"line":89,"column":3}},"loc":{"start":{"line":89,"column":46},"end":{"line":120,"column":3}},"line":89},"3":{"name":"(anonymous_3)","decl":{"start":{"line":122,"column":2},"end":{"line":122,"column":3}},"loc":{"start":{"line":122,"column":46},"end":{"line":142,"column":3}},"line":122},"4":{"name":"(anonymous_4)","decl":{"start":{"line":144,"column":2},"end":{"line":144,"column":3}},"loc":{"start":{"line":144,"column":44},"end":{"line":186,"column":3}},"line":144},"5":{"name":"(anonymous_5)","decl":{"start":{"line":189,"column":2},"end":{"line":189,"column":3}},"loc":{"start":{"line":189,"column":41},"end":{"line":207,"column":3}},"line":189},"6":{"name":"(anonymous_6)","decl":{"start":{"line":209,"column":2},"end":{"line":209,"column":3}},"loc":{"start":{"line":209,"column":42},"end":{"line":226,"column":3}},"line":209},"7":{"name":"(anonymous_7)","decl":{"start":{"line":229,"column":2},"end":{"line":229,"column":3}},"loc":{"start":{"line":229,"column":42},"end":{"line":253,"column":3}},"line":229},"8":{"name":"(anonymous_8)","decl":{"start":{"line":256,"column":2},"end":{"line":256,"column":3}},"loc":{"start":{"line":256,"column":45},"end":{"line":298,"column":3}},"line":256},"9":{"name":"(anonymous_9)","decl":{"start":{"line":301,"column":2},"end":{"line":301,"column":3}},"loc":{"start":{"line":301,"column":44},"end":{"line":335,"column":3}},"line":301},"10":{"name":"(anonymous_10)","decl":{"start":{"line":337,"column":2},"end":{"line":337,"column":3}},"loc":{"start":{"line":337,"column":43},"end":{"line":358,"column":3}},"line":337},"11":{"name":"(anonymous_11)","decl":{"start":{"line":360,"column":2},"end":{"line":360,"column":3}},"loc":{"start":{"line":360,"column":43},"end":{"line":388,"column":3}},"line":360},"12":{"name":"(anonymous_12)","decl":{"start":{"line":390,"column":2},"end":{"line":390,"column":3}},"loc":{"start":{"line":390,"column":46},"end":{"line":411,"column":3}},"line":390},"13":{"name":"(anonymous_13)","decl":{"start":{"line":415,"column":2},"end":{"line":415,"column":3}},"loc":{"start":{"line":415,"column":46},"end":{"line":446,"column":3}},"line":415},"14":{"name":"(anonymous_14)","decl":{"start":{"line":448,"column":2},"end":{"line":448,"column":3}},"loc":{"start":{"line":448,"column":46},"end":{"line":466,"column":3}},"line":448},"15":{"name":"(anonymous_15)","decl":{"start":{"line":468,"column":2},"end":{"line":468,"column":3}},"loc":{"start":{"line":468,"column":43},"end":{"line":488,"column":3}},"line":468},"16":{"name":"(anonymous_16)","decl":{"start":{"line":490,"column":2},"end":{"line":490,"column":3}},"loc":{"start":{"line":490,"column":41},"end":{"line":528,"column":3}},"line":490},"17":{"name":"(anonymous_17)","decl":{"start":{"line":530,"column":2},"end":{"line":530,"column":3}},"loc":{"start":{"line":530,"column":44},"end":{"line":549,"column":3}},"line":530},"18":{"name":"(anonymous_18)","decl":{"start":{"line":551,"column":2},"end":{"line":551,"column":3}},"loc":{"start":{"line":551,"column":42},"end":{"line":576,"column":3}},"line":551},"19":{"name":"(anonymous_19)","decl":{"start":{"line":578,"column":2},"end":{"line":578,"column":3}},"loc":{"start":{"line":578,"column":44},"end":{"line":595,"column":3}},"line":578},"20":{"name":"(anonymous_20)","decl":{"start":{"line":597,"column":2},"end":{"line":597,"column":3}},"loc":{"start":{"line":597,"column":41},"end":{"line":616,"column":3}},"line":597},"21":{"name":"(anonymous_21)","decl":{"start":{"line":618,"column":2},"end":{"line":618,"column":3}},"loc":{"start":{"line":618,"column":39},"end":{"line":653,"column":3}},"line":618},"22":{"name":"(anonymous_22)","decl":{"start":{"line":655,"column":2},"end":{"line":655,"column":3}},"loc":{"start":{"line":655,"column":42},"end":{"line":674,"column":3}},"line":655},"23":{"name":"(anonymous_23)","decl":{"start":{"line":676,"column":2},"end":{"line":676,"column":3}},"loc":{"start":{"line":676,"column":42},"end":{"line":705,"column":3}},"line":676},"24":{"name":"(anonymous_24)","decl":{"start":{"line":706,"column":2},"end":{"line":706,"column":3}},"loc":{"start":{"line":706,"column":47},"end":{"line":724,"column":3}},"line":706},"25":{"name":"(anonymous_25)","decl":{"start":{"line":725,"column":2},"end":{"line":725,"column":3}},"loc":{"start":{"line":725,"column":42},"end":{"line":761,"column":3}},"line":725},"26":{"name":"(anonymous_26)","decl":{"start":{"line":762,"column":2},"end":{"line":762,"column":3}},"loc":{"start":{"line":762,"column":45},"end":{"line":781,"column":3}},"line":762},"27":{"name":"(anonymous_27)","decl":{"start":{"line":783,"column":2},"end":{"line":783,"column":3}},"loc":{"start":{"line":783,"column":49},"end":{"line":800,"column":3}},"line":783},"28":{"name":"(anonymous_28)","decl":{"start":{"line":802,"column":2},"end":{"line":802,"column":3}},"loc":{"start":{"line":802,"column":48},"end":{"line":818,"column":3}},"line":802},"29":{"name":"(anonymous_29)","decl":{"start":{"line":820,"column":2},"end":{"line":820,"column":3}},"loc":{"start":{"line":820,"column":55},"end":{"line":841,"column":3}},"line":820}},"branchMap":{"0":{"loc":{"start":{"line":26,"column":6},"end":{"line":29,"column":7}},"type":"if","locations":[{"start":{"line":26,"column":6},"end":{"line":29,"column":7}},{"start":{},"end":{}}],"line":26},"1":{"loc":{"start":{"line":56,"column":6},"end":{"line":58,"column":7}},"type":"if","locations":[{"start":{"line":56,"column":6},"end":{"line":58,"column":7}},{"start":{},"end":{}}],"line":56},"2":{"loc":{"start":{"line":61,"column":6},"end":{"line":64,"column":7}},"type":"if","locations":[{"start":{"line":61,"column":6},"end":{"line":64,"column":7}},{"start":{},"end":{}}],"line":61},"3":{"loc":{"start":{"line":103,"column":6},"end":{"line":105,"column":7}},"type":"if","locations":[{"start":{"line":103,"column":6},"end":{"line":105,"column":7}},{"start":{},"end":{}}],"line":103},"4":{"loc":{"start":{"line":106,"column":6},"end":{"line":110,"column":7}},"type":"if","locations":[{"start":{"line":106,"column":6},"end":{"line":110,"column":7}},{"start":{},"end":{}}],"line":106},"5":{"loc":{"start":{"line":133,"column":6},"end":{"line":135,"column":7}},"type":"if","locations":[{"start":{"line":133,"column":6},"end":{"line":135,"column":7}},{"start":{},"end":{}}],"line":133},"6":{"loc":{"start":{"line":236,"column":6},"end":{"line":239,"column":7}},"type":"if","locations":[{"start":{"line":236,"column":6},"end":{"line":239,"column":7}},{"start":{},"end":{}}],"line":236},"7":{"loc":{"start":{"line":318,"column":6},"end":{"line":320,"column":7}},"type":"if","locations":[{"start":{"line":318,"column":6},"end":{"line":320,"column":7}},{"start":{},"end":{}}],"line":318},"8":{"loc":{"start":{"line":349,"column":6},"end":{"line":351,"column":7}},"type":"if","locations":[{"start":{"line":349,"column":6},"end":{"line":351,"column":7}},{"start":{},"end":{}}],"line":349},"9":{"loc":{"start":{"line":366,"column":6},"end":{"line":368,"column":7}},"type":"if","locations":[{"start":{"line":366,"column":6},"end":{"line":368,"column":7}},{"start":{},"end":{}}],"line":366},"10":{"loc":{"start":{"line":396,"column":6},"end":{"line":398,"column":7}},"type":"if","locations":[{"start":{"line":396,"column":6},"end":{"line":398,"column":7}},{"start":{},"end":{}}],"line":396},"11":{"loc":{"start":{"line":420,"column":6},"end":{"line":425,"column":7}},"type":"if","locations":[{"start":{"line":420,"column":6},"end":{"line":425,"column":7}},{"start":{},"end":{}}],"line":420},"12":{"loc":{"start":{"line":452,"column":6},"end":{"line":454,"column":7}},"type":"if","locations":[{"start":{"line":452,"column":6},"end":{"line":454,"column":7}},{"start":{},"end":{}}],"line":452},"13":{"loc":{"start":{"line":473,"column":6},"end":{"line":475,"column":7}},"type":"if","locations":[{"start":{"line":473,"column":6},"end":{"line":475,"column":7}},{"start":{},"end":{}}],"line":473},"14":{"loc":{"start":{"line":493,"column":6},"end":{"line":497,"column":7}},"type":"if","locations":[{"start":{"line":493,"column":6},"end":{"line":497,"column":7}},{"start":{},"end":{}}],"line":493},"15":{"loc":{"start":{"line":500,"column":6},"end":{"line":502,"column":7}},"type":"if","locations":[{"start":{"line":500,"column":6},"end":{"line":502,"column":7}},{"start":{},"end":{}}],"line":500},"16":{"loc":{"start":{"line":533,"column":6},"end":{"line":535,"column":7}},"type":"if","locations":[{"start":{"line":533,"column":6},"end":{"line":535,"column":7}},{"start":{},"end":{}}],"line":533},"17":{"loc":{"start":{"line":558,"column":6},"end":{"line":563,"column":7}},"type":"if","locations":[{"start":{"line":558,"column":6},"end":{"line":563,"column":7}},{"start":{},"end":{}}],"line":558},"18":{"loc":{"start":{"line":581,"column":6},"end":{"line":583,"column":7}},"type":"if","locations":[{"start":{"line":581,"column":6},"end":{"line":583,"column":7}},{"start":{},"end":{}}],"line":581},"19":{"loc":{"start":{"line":600,"column":6},"end":{"line":602,"column":7}},"type":"if","locations":[{"start":{"line":600,"column":6},"end":{"line":602,"column":7}},{"start":{},"end":{}}],"line":600},"20":{"loc":{"start":{"line":621,"column":6},"end":{"line":625,"column":7}},"type":"if","locations":[{"start":{"line":621,"column":6},"end":{"line":625,"column":7}},{"start":{},"end":{}}],"line":621},"21":{"loc":{"start":{"line":628,"column":6},"end":{"line":630,"column":7}},"type":"if","locations":[{"start":{"line":628,"column":6},"end":{"line":630,"column":7}},{"start":{},"end":{}}],"line":628},"22":{"loc":{"start":{"line":658,"column":6},"end":{"line":660,"column":7}},"type":"if","locations":[{"start":{"line":658,"column":6},"end":{"line":660,"column":7}},{"start":{},"end":{}}],"line":658},"23":{"loc":{"start":{"line":685,"column":6},"end":{"line":690,"column":7}},"type":"if","locations":[{"start":{"line":685,"column":6},"end":{"line":690,"column":7}},{"start":{},"end":{}}],"line":685},"24":{"loc":{"start":{"line":710,"column":6},"end":{"line":712,"column":7}},"type":"if","locations":[{"start":{"line":710,"column":6},"end":{"line":712,"column":7}},{"start":{},"end":{}}],"line":710},"25":{"loc":{"start":{"line":728,"column":6},"end":{"line":732,"column":7}},"type":"if","locations":[{"start":{"line":728,"column":6},"end":{"line":732,"column":7}},{"start":{},"end":{}}],"line":728},"26":{"loc":{"start":{"line":736,"column":6},"end":{"line":738,"column":7}},"type":"if","locations":[{"start":{"line":736,"column":6},"end":{"line":738,"column":7}},{"start":{},"end":{}}],"line":736},"27":{"loc":{"start":{"line":765,"column":6},"end":{"line":767,"column":7}},"type":"if","locations":[{"start":{"line":765,"column":6},"end":{"line":767,"column":7}},{"start":{},"end":{}}],"line":765},"28":{"loc":{"start":{"line":824,"column":6},"end":{"line":826,"column":7}},"type":"if","locations":[{"start":{"line":824,"column":6},"end":{"line":826,"column":7}},{"start":{},"end":{}}],"line":824}},"s":{"0":2,"1":2,"2":2,"3":2,"4":2,"5":2,"6":0,"7":0,"8":0,"9":0,"10":0,"11":0,"12":0,"13":0,"14":0,"15":0,"16":0,"17":0,"18":0,"19":0,"20":0,"21":0,"22":0,"23":0,"24":0,"25":0,"26":0,"27":0,"28":0,"29":0,"30":0,"31":0,"32":0,"33":0,"34":0,"35":0,"36":0,"37":0,"38":0,"39":0,"40":0,"41":0,"42":0,"43":0,"44":0,"45":0,"46":0,"47":0,"48":0,"49":0,"50":0,"51":0,"52":0,"53":0,"54":0,"55":0,"56":0,"57":0,"58":0,"59":0,"60":0,"61":0,"62":0,"63":0,"64":0,"65":0,"66":0,"67":0,"68":0,"69":0,"70":0,"71":0,"72":0,"73":0,"74":0,"75":0,"76":0,"77":0,"78":0,"79":0,"80":0,"81":0,"82":0,"83":0,"84":0,"85":0,"86":0,"87":0,"88":0,"89":0,"90":0,"91":0,"92":0,"93":0,"94":0,"95":0,"96":0,"97":2,"98":2,"99":2,"100":2,"101":2,"102":1,"103":1,"104":1,"105":1,"106":1,"107":2,"108":2,"109":2,"110":2,"111":1,"112":1,"113":1,"114":1,"115":2,"116":2,"117":2,"118":2,"119":2,"120":1,"121":1,"122":1,"123":1,"124":1,"125":2,"126":2,"127":2,"128":2,"129":2,"130":1,"131":1,"132":1,"133":1,"134":1,"135":4,"136":4,"137":4,"138":0,"139":0,"140":4,"141":1,"142":3,"143":2,"144":2,"145":2,"146":1,"147":1,"148":1,"149":1,"150":2,"151":2,"152":2,"153":1,"154":1,"155":1,"156":1,"157":2,"158":2,"159":2,"160":0,"161":0,"162":0,"163":2,"164":2,"165":1,"166":1,"167":1,"168":1,"169":1,"170":2,"171":2,"172":2,"173":1,"174":1,"175":1,"176":1,"177":0,"178":0,"179":0,"180":0,"181":0,"182":0,"183":0,"184":0,"185":0,"186":0,"187":0,"188":0,"189":0,"190":0,"191":0,"192":0,"193":0,"194":0,"195":0,"196":0,"197":0,"198":0,"199":0,"200":0,"201":0,"202":0,"203":0,"204":0,"205":0,"206":0,"207":0,"208":0,"209":0,"210":0,"211":0,"212":0,"213":0,"214":0,"215":0,"216":0,"217":0,"218":0,"219":0,"220":0,"221":0,"222":0,"223":0,"224":0,"225":0,"226":0,"227":0,"228":0,"229":0,"230":0,"231":0,"232":0,"233":0,"234":0,"235":0,"236":0,"237":0,"238":0,"239":0,"240":0,"241":0,"242":0,"243":0,"244":0,"245":0,"246":0,"247":0,"248":0,"249":0,"250":0,"251":0,"252":0,"253":0,"254":0,"255":0,"256":0,"257":0,"258":0,"259":0,"260":0,"261":0,"262":0,"263":0,"264":0,"265":0,"266":0,"267":0,"268":0,"269":0,"270":0,"271":2},"f":{"0":0,"1":0,"2":0,"3":0,"4":0,"5":0,"6":0,"7":0,"8":0,"9":2,"10":2,"11":2,"12":2,"13":4,"14":2,"15":2,"16":2,"17":2,"18":0,"19":0,"20":0,"21":0,"22":0,"23":0,"24":0,"25":0,"26":0,"27":0,"28":0,"29":0},"b":{"0":[0,0],"1":[0,0],"2":[0,0],"3":[0,0],"4":[0,0],"5":[0,0],"6":[0,0],"7":[1,1],"8":[1,1],"9":[1,1],"10":[1,1],"11":[0,4],"12":[1,1],"13":[1,1],"14":[0,2],"15":[1,1],"16":[1,1],"17":[0,0],"18":[0,0],"19":[0,0],"20":[0,0],"21":[0,0],"22":[0,0],"23":[0,0],"24":[0,0],"25":[0,0],"26":[0,0],"27":[0,0],"28":[0,0]},"_coverageSchema":"1a1c01bbd47fc00a2c39e90264f33305004495a9","hash":"59094c56e0047a5396ab81587982d13230c96a4d"}
,"C:\\Users\\devir\\Desktop\\challenge\\fsjs-t1-final-server\\services\\server2\\helpers\\imageKit.js": {"path":"C:\\Users\\devir\\Desktop\\challenge\\fsjs-t1-final-server\\services\\server2\\helpers\\imageKit.js","statementMap":{"0":{"start":{"line":1,"column":15},"end":{"line":1,"column":35}},"1":{"start":{"line":2,"column":14},"end":{"line":2,"column":30}},"2":{"start":{"line":5,"column":15},"end":{"line":5,"column":29}},"3":{"start":{"line":6,"column":2},"end":{"line":6,"column":70}},"4":{"start":{"line":7,"column":2},"end":{"line":7,"column":46}},"5":{"start":{"line":10,"column":13},"end":{"line":10,"column":27}},"6":{"start":{"line":12,"column":19},"end":{"line":19,"column":4}},"7":{"start":{"line":21,"column":2},"end":{"line":21,"column":13}},"8":{"start":{"line":24,"column":0},"end":{"line":24,"column":27}}},"fnMap":{"0":{"name":"ImageCloud","decl":{"start":{"line":4,"column":15},"end":{"line":4,"column":25}},"loc":{"start":{"line":4,"column":33},"end":{"line":22,"column":1}},"line":4}},"branchMap":{},"s":{"0":2,"1":2,"2":0,"3":0,"4":0,"5":0,"6":0,"7":0,"8":2},"f":{"0":0},"b":{},"_coverageSchema":"1a1c01bbd47fc00a2c39e90264f33305004495a9","hash":"814fe7b6d074b27555c3812a216ea68e90fb479a"}
,"C:\\Users\\devir\\Desktop\\challenge\\fsjs-t1-final-server\\services\\server2\\helpers\\multer.js": {"path":"C:\\Users\\devir\\Desktop\\challenge\\fsjs-t1-final-server\\services\\server2\\helpers\\multer.js","statementMap":{"0":{"start":{"line":1,"column":15},"end":{"line":1,"column":32}},"1":{"start":{"line":2,"column":11},"end":{"line":2,"column":26}},"2":{"start":{"line":4,"column":16},"end":{"line":4,"column":38}},"3":{"start":{"line":5,"column":15},"end":{"line":15,"column":2}},"4":{"start":{"line":17,"column":0},"end":{"line":17,"column":24}}},"fnMap":{},"branchMap":{},"s":{"0":2,"1":2,"2":2,"3":2,"4":2},"f":{},"b":{},"_coverageSchema":"1a1c01bbd47fc00a2c39e90264f33305004495a9","hash":"4539df69ca5e443ebdc1e93cd09098d0204c7743"}
,"C:\\Users\\devir\\Desktop\\challenge\\fsjs-t1-final-server\\services\\server2\\library\\seedDoctor.js": {"path":"C:\\Users\\devir\\Desktop\\challenge\\fsjs-t1-final-server\\services\\server2\\library\\seedDoctor.js","statementMap":{"0":{"start":{"line":1,"column":19},"end":{"line":1,"column":39}},"1":{"start":{"line":2,"column":11},"end":{"line":2,"column":31}},"2":{"start":{"line":3,"column":21},"end":{"line":3,"column":52}},"3":{"start":{"line":4,"column":23},"end":{"line":4,"column":55}},"4":{"start":{"line":7,"column":4},"end":{"line":25,"column":5}},"5":{"start":{"line":8,"column":4},"end":{"line":8,"column":105}},"6":{"start":{"line":11,"column":15},"end":{"line":11,"column":45}},"7":{"start":{"line":12,"column":4},"end":{"line":15,"column":6}},"8":{"start":{"line":13,"column":8},"end":{"line":14,"column":33}},"9":{"start":{"line":17,"column":17},"end":{"line":17,"column":46}},"10":{"start":{"line":19,"column":4},"end":{"line":19,"column":24}},"11":{"start":{"line":20,"column":4},"end":{"line":20,"column":17}},"12":{"start":{"line":24,"column":8},"end":{"line":24,"column":49}},"13":{"start":{"line":28,"column":0},"end":{"line":28,"column":27}}},"fnMap":{"0":{"name":"seedDoctor","decl":{"start":{"line":6,"column":15},"end":{"line":6,"column":25}},"loc":{"start":{"line":6,"column":28},"end":{"line":26,"column":1}},"line":6},"1":{"name":"(anonymous_1)","decl":{"start":{"line":12,"column":17},"end":{"line":12,"column":18}},"loc":{"start":{"line":12,"column":23},"end":{"line":15,"column":5}},"line":12}},"branchMap":{},"s":{"0":2,"1":2,"2":2,"3":2,"4":2,"5":2,"6":2,"7":2,"8":12,"9":2,"10":2,"11":2,"12":0,"13":2},"f":{"0":2,"1":12},"b":{},"_coverageSchema":"1a1c01bbd47fc00a2c39e90264f33305004495a9","hash":"b9de184d276615ce871dbba0b442c53050465a78"}
,"C:\\Users\\devir\\Desktop\\challenge\\fsjs-t1-final-server\\services\\server2\\library\\seedDoctorSchedule.js": {"path":"C:\\Users\\devir\\Desktop\\challenge\\fsjs-t1-final-server\\services\\server2\\library\\seedDoctorSchedule.js","statementMap":{"0":{"start":{"line":1,"column":27},"end":{"line":1,"column":47}},"1":{"start":{"line":2,"column":11},"end":{"line":2,"column":31}},"2":{"start":{"line":3,"column":23},"end":{"line":3,"column":55}},"3":{"start":{"line":6,"column":4},"end":{"line":20,"column":5}},"4":{"start":{"line":7,"column":4},"end":{"line":7,"column":113}},"5":{"start":{"line":10,"column":15},"end":{"line":10,"column":53}},"6":{"start":{"line":11,"column":4},"end":{"line":14,"column":6}},"7":{"start":{"line":12,"column":8},"end":{"line":13,"column":33}},"8":{"start":{"line":16,"column":3},"end":{"line":16,"column":40}},"9":{"start":{"line":19,"column":8},"end":{"line":19,"column":49}},"10":{"start":{"line":23,"column":0},"end":{"line":23,"column":29}}},"fnMap":{"0":{"name":"seedDocSched","decl":{"start":{"line":5,"column":15},"end":{"line":5,"column":27}},"loc":{"start":{"line":5,"column":30},"end":{"line":21,"column":1}},"line":5},"1":{"name":"(anonymous_1)","decl":{"start":{"line":11,"column":17},"end":{"line":11,"column":18}},"loc":{"start":{"line":11,"column":23},"end":{"line":14,"column":5}},"line":11}},"branchMap":{},"s":{"0":2,"1":2,"2":2,"3":3,"4":3,"5":3,"6":3,"7":24,"8":3,"9":0,"10":2},"f":{"0":3,"1":24},"b":{},"_coverageSchema":"1a1c01bbd47fc00a2c39e90264f33305004495a9","hash":"97b619170522f220d1482f8cf5f9a1ea761aed9e"}
,"C:\\Users\\devir\\Desktop\\challenge\\fsjs-t1-final-server\\services\\server2\\library\\seedPetshops.js": {"path":"C:\\Users\\devir\\Desktop\\challenge\\fsjs-t1-final-server\\services\\server2\\library\\seedPetshops.js","statementMap":{"0":{"start":{"line":1,"column":20},"end":{"line":1,"column":40}},"1":{"start":{"line":2,"column":11},"end":{"line":2,"column":31}},"2":{"start":{"line":3,"column":23},"end":{"line":3,"column":55}},"3":{"start":{"line":4,"column":18},"end":{"line":4,"column":30}},"4":{"start":{"line":7,"column":2},"end":{"line":29,"column":3}},"5":{"start":{"line":8,"column":4},"end":{"line":12,"column":6}},"6":{"start":{"line":15,"column":15},"end":{"line":15,"column":46}},"7":{"start":{"line":16,"column":4},"end":{"line":24,"column":7}},"8":{"start":{"line":17,"column":20},"end":{"line":17,"column":42}},"9":{"start":{"line":18,"column":6},"end":{"line":23,"column":36}},"10":{"start":{"line":26,"column":4},"end":{"line":26,"column":35}},"11":{"start":{"line":28,"column":4},"end":{"line":28,"column":46}},"12":{"start":{"line":32,"column":0},"end":{"line":32,"column":29}}},"fnMap":{"0":{"name":"seedPetshop","decl":{"start":{"line":6,"column":15},"end":{"line":6,"column":26}},"loc":{"start":{"line":6,"column":29},"end":{"line":30,"column":1}},"line":6},"1":{"name":"(anonymous_1)","decl":{"start":{"line":16,"column":17},"end":{"line":16,"column":18}},"loc":{"start":{"line":16,"column":25},"end":{"line":24,"column":5}},"line":16}},"branchMap":{},"s":{"0":2,"1":2,"2":2,"3":2,"4":2,"5":2,"6":2,"7":2,"8":6,"9":6,"10":2,"11":0,"12":2},"f":{"0":2,"1":6},"b":{},"_coverageSchema":"1a1c01bbd47fc00a2c39e90264f33305004495a9","hash":"cb2c1aeb949b07cafbb50b548601e09a79696548"}
,"C:\\Users\\devir\\Desktop\\challenge\\fsjs-t1-final-server\\services\\server2\\middlewares\\authentication.js": {"path":"C:\\Users\\devir\\Desktop\\challenge\\fsjs-t1-final-server\\services\\server2\\middlewares\\authentication.js","statementMap":{"0":{"start":{"line":1,"column":16},"end":{"line":1,"column":34}},"1":{"start":{"line":2,"column":12},"end":{"line":2,"column":21}},"2":{"start":{"line":3,"column":17},"end":{"line":3,"column":43}},"3":{"start":{"line":4,"column":35},"end":{"line":4,"column":64}},"4":{"start":{"line":5,"column":14},"end":{"line":5,"column":30}},"5":{"start":{"line":6,"column":19},"end":{"line":6,"column":68}},"6":{"start":{"line":7,"column":0},"end":{"line":7,"column":47}},"7":{"start":{"line":8,"column":0},"end":{"line":8,"column":23}},"8":{"start":{"line":12,"column":4},"end":{"line":46,"column":7}},"9":{"start":{"line":14,"column":27},"end":{"line":14,"column":51}},"10":{"start":{"line":15,"column":8},"end":{"line":15,"column":40}},"11":{"start":{"line":16,"column":8},"end":{"line":18,"column":9}},"12":{"start":{"line":17,"column":10},"end":{"line":17,"column":40}},"13":{"start":{"line":21,"column":22},"end":{"line":21,"column":47}},"14":{"start":{"line":22,"column":8},"end":{"line":22,"column":61}},"15":{"start":{"line":24,"column":30},"end":{"line":28,"column":10}},"16":{"start":{"line":29,"column":8},"end":{"line":29,"column":43}},"17":{"start":{"line":32,"column":8},"end":{"line":34,"column":9}},"18":{"start":{"line":33,"column":10},"end":{"line":33,"column":40}},"19":{"start":{"line":35,"column":8},"end":{"line":39,"column":9}},"20":{"start":{"line":42,"column":8},"end":{"line":42,"column":14}},"21":{"start":{"line":44,"column":8},"end":{"line":44,"column":24}},"22":{"start":{"line":45,"column":8},"end":{"line":45,"column":17}},"23":{"start":{"line":50,"column":0},"end":{"line":50,"column":31}}},"fnMap":{"0":{"name":"authentication","decl":{"start":{"line":11,"column":15},"end":{"line":11,"column":29}},"loc":{"start":{"line":11,"column":46},"end":{"line":47,"column":1}},"line":11}},"branchMap":{"0":{"loc":{"start":{"line":6,"column":19},"end":{"line":6,"column":68}},"type":"binary-expr","locations":[{"start":{"line":6,"column":19},"end":{"line":6,"column":41}},{"start":{"line":6,"column":45},"end":{"line":6,"column":68}}],"line":6},"1":{"loc":{"start":{"line":16,"column":8},"end":{"line":18,"column":9}},"type":"if","locations":[{"start":{"line":16,"column":8},"end":{"line":18,"column":9}},{"start":{},"end":{}}],"line":16},"2":{"loc":{"start":{"line":32,"column":8},"end":{"line":34,"column":9}},"type":"if","locations":[{"start":{"line":32,"column":8},"end":{"line":34,"column":9}},{"start":{},"end":{}}],"line":32}},"s":{"0":2,"1":2,"2":2,"3":2,"4":2,"5":2,"6":2,"7":2,"8":14,"9":14,"10":14,"11":14,"12":2,"13":12,"14":12,"15":12,"16":12,"17":12,"18":0,"19":12,"20":12,"21":2,"22":2,"23":2},"f":{"0":14},"b":{"0":[2,2],"1":[2,12],"2":[0,12]},"_coverageSchema":"1a1c01bbd47fc00a2c39e90264f33305004495a9","hash":"62e1f1a9a02f9a2dee0d231db5768790f8f192b8"}
,"C:\\Users\\devir\\Desktop\\challenge\\fsjs-t1-final-server\\services\\server2\\middlewares\\errorHandler.js": {"path":"C:\\Users\\devir\\Desktop\\challenge\\fsjs-t1-final-server\\services\\server2\\middlewares\\errorHandler.js","statementMap":{"0":{"start":{"line":1,"column":16},"end":{"line":1,"column":34}},"1":{"start":{"line":2,"column":12},"end":{"line":2,"column":21}},"2":{"start":{"line":3,"column":0},"end":{"line":3,"column":24}},"3":{"start":{"line":4,"column":0},"end":{"line":4,"column":48}},"4":{"start":{"line":7,"column":2},"end":{"line":31,"column":3}},"5":{"start":{"line":8,"column":4},"end":{"line":8,"column":60}},"6":{"start":{"line":9,"column":9},"end":{"line":31,"column":3}},"7":{"start":{"line":10,"column":4},"end":{"line":10,"column":61}},"8":{"start":{"line":11,"column":9},"end":{"line":31,"column":3}},"9":{"start":{"line":12,"column":4},"end":{"line":12,"column":55}},"10":{"start":{"line":13,"column":9},"end":{"line":31,"column":3}},"11":{"start":{"line":14,"column":4},"end":{"line":14,"column":61}},"12":{"start":{"line":15,"column":9},"end":{"line":31,"column":3}},"13":{"start":{"line":16,"column":4},"end":{"line":16,"column":65}},"14":{"start":{"line":17,"column":9},"end":{"line":31,"column":3}},"15":{"start":{"line":18,"column":4},"end":{"line":18,"column":59}},"16":{"start":{"line":19,"column":9},"end":{"line":31,"column":3}},"17":{"start":{"line":20,"column":4},"end":{"line":20,"column":62}},"18":{"start":{"line":21,"column":9},"end":{"line":31,"column":3}},"19":{"start":{"line":22,"column":4},"end":{"line":22,"column":55}},"20":{"start":{"line":23,"column":9},"end":{"line":31,"column":3}},"21":{"start":{"line":24,"column":4},"end":{"line":24,"column":64}},"22":{"start":{"line":25,"column":9},"end":{"line":31,"column":3}},"23":{"start":{"line":26,"column":4},"end":{"line":26,"column":64}},"24":{"start":{"line":27,"column":9},"end":{"line":31,"column":3}},"25":{"start":{"line":28,"column":4},"end":{"line":28,"column":78}},"26":{"start":{"line":30,"column":4},"end":{"line":30,"column":63}},"27":{"start":{"line":34,"column":0},"end":{"line":34,"column":30}}},"fnMap":{"0":{"name":"errorHandler","decl":{"start":{"line":6,"column":15},"end":{"line":6,"column":27}},"loc":{"start":{"line":6,"column":49},"end":{"line":32,"column":1}},"line":6}},"branchMap":{"0":{"loc":{"start":{"line":7,"column":2},"end":{"line":31,"column":3}},"type":"if","locations":[{"start":{"line":7,"column":2},"end":{"line":31,"column":3}},{"start":{"line":9,"column":9},"end":{"line":31,"column":3}}],"line":7},"1":{"loc":{"start":{"line":9,"column":9},"end":{"line":31,"column":3}},"type":"if","locations":[{"start":{"line":9,"column":9},"end":{"line":31,"column":3}},{"start":{"line":11,"column":9},"end":{"line":31,"column":3}}],"line":9},"2":{"loc":{"start":{"line":11,"column":9},"end":{"line":31,"column":3}},"type":"if","locations":[{"start":{"line":11,"column":9},"end":{"line":31,"column":3}},{"start":{"line":13,"column":9},"end":{"line":31,"column":3}}],"line":11},"3":{"loc":{"start":{"line":13,"column":9},"end":{"line":31,"column":3}},"type":"if","locations":[{"start":{"line":13,"column":9},"end":{"line":31,"column":3}},{"start":{"line":15,"column":9},"end":{"line":31,"column":3}}],"line":13},"4":{"loc":{"start":{"line":15,"column":9},"end":{"line":31,"column":3}},"type":"if","locations":[{"start":{"line":15,"column":9},"end":{"line":31,"column":3}},{"start":{"line":17,"column":9},"end":{"line":31,"column":3}}],"line":15},"5":{"loc":{"start":{"line":17,"column":9},"end":{"line":31,"column":3}},"type":"if","locations":[{"start":{"line":17,"column":9},"end":{"line":31,"column":3}},{"start":{"line":19,"column":9},"end":{"line":31,"column":3}}],"line":17},"6":{"loc":{"start":{"line":19,"column":9},"end":{"line":31,"column":3}},"type":"if","locations":[{"start":{"line":19,"column":9},"end":{"line":31,"column":3}},{"start":{"line":21,"column":9},"end":{"line":31,"column":3}}],"line":19},"7":{"loc":{"start":{"line":21,"column":9},"end":{"line":31,"column":3}},"type":"if","locations":[{"start":{"line":21,"column":9},"end":{"line":31,"column":3}},{"start":{"line":23,"column":9},"end":{"line":31,"column":3}}],"line":21},"8":{"loc":{"start":{"line":23,"column":9},"end":{"line":31,"column":3}},"type":"if","locations":[{"start":{"line":23,"column":9},"end":{"line":31,"column":3}},{"start":{"line":25,"column":9},"end":{"line":31,"column":3}}],"line":23},"9":{"loc":{"start":{"line":25,"column":9},"end":{"line":31,"column":3}},"type":"if","locations":[{"start":{"line":25,"column":9},"end":{"line":31,"column":3}},{"start":{"line":27,"column":9},"end":{"line":31,"column":3}}],"line":25},"10":{"loc":{"start":{"line":27,"column":9},"end":{"line":31,"column":3}},"type":"if","locations":[{"start":{"line":27,"column":9},"end":{"line":31,"column":3}},{"start":{"line":29,"column":9},"end":{"line":31,"column":3}}],"line":27}},"s":{"0":2,"1":2,"2":2,"3":2,"4":13,"5":7,"6":6,"7":3,"8":3,"9":0,"10":3,"11":0,"12":3,"13":0,"14":3,"15":0,"16":3,"17":0,"18":3,"19":2,"20":1,"21":0,"22":1,"23":1,"24":0,"25":0,"26":0,"27":2},"f":{"0":13},"b":{"0":[7,6],"1":[3,3],"2":[0,3],"3":[0,3],"4":[0,3],"5":[0,3],"6":[0,3],"7":[2,1],"8":[0,1],"9":[1,0],"10":[0,0]},"_coverageSchema":"1a1c01bbd47fc00a2c39e90264f33305004495a9","hash":"8365c4b0b68e7e130c9b9ca13b43b80abc02d310"}
,"C:\\Users\\devir\\Desktop\\challenge\\fsjs-t1-final-server\\services\\server2\\middlewares\\jwt.js": {"path":"C:\\Users\\devir\\Desktop\\challenge\\fsjs-t1-final-server\\services\\server2\\middlewares\\jwt.js","statementMap":{"0":{"start":{"line":1,"column":12},"end":{"line":1,"column":35}},"1":{"start":{"line":2,"column":15},"end":{"line":2,"column":33}},"2":{"start":{"line":5,"column":4},"end":{"line":5,"column":36}},"3":{"start":{"line":9,"column":4},"end":{"line":9,"column":36}},"4":{"start":{"line":12,"column":0},"end":{"line":12,"column":43}}},"fnMap":{"0":{"name":"createToken","decl":{"start":{"line":4,"column":9},"end":{"line":4,"column":20}},"loc":{"start":{"line":4,"column":31},"end":{"line":6,"column":1}},"line":4},"1":{"name":"decodeToken","decl":{"start":{"line":8,"column":9},"end":{"line":8,"column":20}},"loc":{"start":{"line":8,"column":29},"end":{"line":10,"column":1}},"line":8}},"branchMap":{},"s":{"0":2,"1":2,"2":1,"3":12,"4":2},"f":{"0":1,"1":12},"b":{},"_coverageSchema":"1a1c01bbd47fc00a2c39e90264f33305004495a9","hash":"9e590837ee8a9ad11ffc976964b6f7ebf7624d99"}
,"C:\\Users\\devir\\Desktop\\challenge\\fsjs-t1-final-server\\services\\server2\\models\\action.js": {"path":"C:\\Users\\devir\\Desktop\\challenge\\fsjs-t1-final-server\\services\\server2\\models\\action.js","statementMap":{"0":{"start":{"line":2,"column":18},"end":{"line":2,"column":38}},"1":{"start":{"line":3,"column":0},"end":{"line":49,"column":2}},"2":{"start":{"line":11,"column":6},"end":{"line":11,"column":45}},"3":{"start":{"line":12,"column":6},"end":{"line":12,"column":39}},"4":{"start":{"line":15,"column":2},"end":{"line":47,"column":4}},"5":{"start":{"line":48,"column":2},"end":{"line":48,"column":16}}},"fnMap":{"0":{"name":"(anonymous_0)","decl":{"start":{"line":3,"column":17},"end":{"line":3,"column":18}},"loc":{"start":{"line":3,"column":43},"end":{"line":49,"column":1}},"line":3},"1":{"name":"(anonymous_1)","decl":{"start":{"line":10,"column":4},"end":{"line":10,"column":5}},"loc":{"start":{"line":10,"column":29},"end":{"line":13,"column":5}},"line":10}},"branchMap":{},"s":{"0":2,"1":2,"2":2,"3":2,"4":2,"5":2},"f":{"0":2,"1":2},"b":{},"_coverageSchema":"1a1c01bbd47fc00a2c39e90264f33305004495a9","hash":"d20480e16619e551b50cccc63af2ba06d0c86e1f"}
,"C:\\Users\\devir\\Desktop\\challenge\\fsjs-t1-final-server\\services\\server2\\models\\doctor.js": {"path":"C:\\Users\\devir\\Desktop\\challenge\\fsjs-t1-final-server\\services\\server2\\models\\doctor.js","statementMap":{"0":{"start":{"line":4,"column":4},"end":{"line":4,"column":24}},"1":{"start":{"line":5,"column":0},"end":{"line":59,"column":2}},"2":{"start":{"line":13,"column":6},"end":{"line":13,"column":38}},"3":{"start":{"line":14,"column":6},"end":{"line":14,"column":43}},"4":{"start":{"line":15,"column":6},"end":{"line":15,"column":42}},"5":{"start":{"line":20,"column":2},"end":{"line":57,"column":5}},"6":{"start":{"line":58,"column":2},"end":{"line":58,"column":16}}},"fnMap":{"0":{"name":"(anonymous_0)","decl":{"start":{"line":5,"column":17},"end":{"line":5,"column":18}},"loc":{"start":{"line":5,"column":43},"end":{"line":59,"column":1}},"line":5},"1":{"name":"(anonymous_1)","decl":{"start":{"line":12,"column":4},"end":{"line":12,"column":5}},"loc":{"start":{"line":12,"column":29},"end":{"line":18,"column":5}},"line":12}},"branchMap":{},"s":{"0":2,"1":2,"2":2,"3":2,"4":2,"5":2,"6":2},"f":{"0":2,"1":2},"b":{},"_coverageSchema":"1a1c01bbd47fc00a2c39e90264f33305004495a9","hash":"2ed29ad391d34de2475050202ecfd804d702b539"}
,"C:\\Users\\devir\\Desktop\\challenge\\fsjs-t1-final-server\\services\\server2\\models\\doctorschedule.js": {"path":"C:\\Users\\devir\\Desktop\\challenge\\fsjs-t1-final-server\\services\\server2\\models\\doctorschedule.js","statementMap":{"0":{"start":{"line":4,"column":4},"end":{"line":4,"column":24}},"1":{"start":{"line":5,"column":0},"end":{"line":66,"column":2}},"2":{"start":{"line":13,"column":6},"end":{"line":13,"column":46}},"3":{"start":{"line":14,"column":6},"end":{"line":14,"column":45}},"4":{"start":{"line":15,"column":6},"end":{"line":15,"column":47}},"5":{"start":{"line":20,"column":2},"end":{"line":64,"column":5}},"6":{"start":{"line":65,"column":2},"end":{"line":65,"column":24}}},"fnMap":{"0":{"name":"(anonymous_0)","decl":{"start":{"line":5,"column":17},"end":{"line":5,"column":18}},"loc":{"start":{"line":5,"column":43},"end":{"line":66,"column":1}},"line":5},"1":{"name":"(anonymous_1)","decl":{"start":{"line":12,"column":4},"end":{"line":12,"column":5}},"loc":{"start":{"line":12,"column":29},"end":{"line":18,"column":5}},"line":12}},"branchMap":{},"s":{"0":2,"1":2,"2":2,"3":2,"4":2,"5":2,"6":2},"f":{"0":2,"1":2},"b":{},"_coverageSchema":"1a1c01bbd47fc00a2c39e90264f33305004495a9","hash":"98d2b2f75f92db25b92cf23c65a8934da3a76ffc"}
,"C:\\Users\\devir\\Desktop\\challenge\\fsjs-t1-final-server\\services\\server2\\models\\index.js": {"path":"C:\\Users\\devir\\Desktop\\challenge\\fsjs-t1-final-server\\services\\server2\\models\\index.js","statementMap":{"0":{"start":{"line":3,"column":11},"end":{"line":3,"column":24}},"1":{"start":{"line":4,"column":13},"end":{"line":4,"column":28}},"2":{"start":{"line":5,"column":18},"end":{"line":5,"column":38}},"3":{"start":{"line":6,"column":16},"end":{"line":6,"column":34}},"4":{"start":{"line":7,"column":17},"end":{"line":7,"column":42}},"5":{"start":{"line":8,"column":12},"end":{"line":8,"column":49}},"6":{"start":{"line":9,"column":15},"end":{"line":9,"column":65}},"7":{"start":{"line":10,"column":11},"end":{"line":10,"column":13}},"8":{"start":{"line":13,"column":0},"end":{"line":17,"column":1}},"9":{"start":{"line":14,"column":2},"end":{"line":14,"column":74}},"10":{"start":{"line":16,"column":2},"end":{"line":16,"column":87}},"11":{"start":{"line":19,"column":0},"end":{"line":32,"column":5}},"12":{"start":{"line":22,"column":4},"end":{"line":27,"column":6}},"13":{"start":{"line":30,"column":18},"end":{"line":30,"column":85}},"14":{"start":{"line":31,"column":4},"end":{"line":31,"column":27}},"15":{"start":{"line":34,"column":0},"end":{"line":38,"column":3}},"16":{"start":{"line":35,"column":2},"end":{"line":37,"column":3}},"17":{"start":{"line":36,"column":4},"end":{"line":36,"column":32}},"18":{"start":{"line":40,"column":0},"end":{"line":40,"column":25}},"19":{"start":{"line":41,"column":0},"end":{"line":41,"column":25}},"20":{"start":{"line":43,"column":0},"end":{"line":43,"column":20}}},"fnMap":{"0":{"name":"(anonymous_0)","decl":{"start":{"line":21,"column":10},"end":{"line":21,"column":11}},"loc":{"start":{"line":21,"column":18},"end":{"line":28,"column":3}},"line":21},"1":{"name":"(anonymous_1)","decl":{"start":{"line":29,"column":11},"end":{"line":29,"column":12}},"loc":{"start":{"line":29,"column":19},"end":{"line":32,"column":3}},"line":29},"2":{"name":"(anonymous_2)","decl":{"start":{"line":34,"column":24},"end":{"line":34,"column":25}},"loc":{"start":{"line":34,"column":37},"end":{"line":38,"column":1}},"line":34}},"branchMap":{"0":{"loc":{"start":{"line":8,"column":12},"end":{"line":8,"column":49}},"type":"binary-expr","locations":[{"start":{"line":8,"column":12},"end":{"line":8,"column":32}},{"start":{"line":8,"column":36},"end":{"line":8,"column":49}}],"line":8},"1":{"loc":{"start":{"line":13,"column":0},"end":{"line":17,"column":1}},"type":"if","locations":[{"start":{"line":13,"column":0},"end":{"line":17,"column":1}},{"start":{"line":15,"column":7},"end":{"line":17,"column":1}}],"line":13},"2":{"loc":{"start":{"line":23,"column":6},"end":{"line":26,"column":37}},"type":"binary-expr","locations":[{"start":{"line":23,"column":6},"end":{"line":23,"column":29}},{"start":{"line":24,"column":6},"end":{"line":24,"column":23}},{"start":{"line":25,"column":6},"end":{"line":25,"column":30}},{"start":{"line":26,"column":6},"end":{"line":26,"column":37}}],"line":23},"3":{"loc":{"start":{"line":35,"column":2},"end":{"line":37,"column":3}},"type":"if","locations":[{"start":{"line":35,"column":2},"end":{"line":37,"column":3}},{"start":{},"end":{}}],"line":35}},"s":{"0":2,"1":2,"2":2,"3":2,"4":2,"5":2,"6":2,"7":2,"8":2,"9":0,"10":2,"11":2,"12":18,"13":16,"14":16,"15":2,"16":16,"17":16,"18":2,"19":2,"20":2},"f":{"0":18,"1":16,"2":16},"b":{"0":[2,0],"1":[0,2],"2":[18,18,16,16],"3":[16,0]},"_coverageSchema":"1a1c01bbd47fc00a2c39e90264f33305004495a9","hash":"607e159df22d27d99c235634b3489f693a468582"}
,"C:\\Users\\devir\\Desktop\\challenge\\fsjs-t1-final-server\\services\\server2\\models\\medicalrecord.js": {"path":"C:\\Users\\devir\\Desktop\\challenge\\fsjs-t1-final-server\\services\\server2\\models\\medicalrecord.js","statementMap":{"0":{"start":{"line":4,"column":4},"end":{"line":4,"column":24}},"1":{"start":{"line":5,"column":0},"end":{"line":60,"column":2}},"2":{"start":{"line":14,"column":6},"end":{"line":14,"column":42}},"3":{"start":{"line":15,"column":6},"end":{"line":15,"column":44}},"4":{"start":{"line":16,"column":6},"end":{"line":16,"column":49}},"5":{"start":{"line":17,"column":6},"end":{"line":17,"column":45}},"6":{"start":{"line":21,"column":2},"end":{"line":58,"column":5}},"7":{"start":{"line":59,"column":2},"end":{"line":59,"column":23}}},"fnMap":{"0":{"name":"(anonymous_0)","decl":{"start":{"line":5,"column":17},"end":{"line":5,"column":18}},"loc":{"start":{"line":5,"column":43},"end":{"line":60,"column":1}},"line":5},"1":{"name":"(anonymous_1)","decl":{"start":{"line":12,"column":4},"end":{"line":12,"column":5}},"loc":{"start":{"line":12,"column":29},"end":{"line":19,"column":5}},"line":12}},"branchMap":{},"s":{"0":2,"1":2,"2":2,"3":2,"4":2,"5":2,"6":2,"7":2},"f":{"0":2,"1":2},"b":{},"_coverageSchema":"1a1c01bbd47fc00a2c39e90264f33305004495a9","hash":"dabfa07a6dc6dd375cdea7533531ba45d4ffc182"}
,"C:\\Users\\devir\\Desktop\\challenge\\fsjs-t1-final-server\\services\\server2\\models\\petschedule.js": {"path":"C:\\Users\\devir\\Desktop\\challenge\\fsjs-t1-final-server\\services\\server2\\models\\petschedule.js","statementMap":{"0":{"start":{"line":4,"column":4},"end":{"line":4,"column":24}},"1":{"start":{"line":5,"column":0},"end":{"line":53,"column":2}},"2":{"start":{"line":13,"column":6},"end":{"line":13,"column":43}},"3":{"start":{"line":14,"column":6},"end":{"line":14,"column":50}},"4":{"start":{"line":15,"column":6},"end":{"line":15,"column":46}},"5":{"start":{"line":18,"column":2},"end":{"line":48,"column":5}},"6":{"start":{"line":49,"column":2},"end":{"line":51,"column":4}},"7":{"start":{"line":50,"column":4},"end":{"line":50,"column":28}},"8":{"start":{"line":52,"column":2},"end":{"line":52,"column":21}}},"fnMap":{"0":{"name":"(anonymous_0)","decl":{"start":{"line":5,"column":17},"end":{"line":5,"column":18}},"loc":{"start":{"line":5,"column":43},"end":{"line":53,"column":1}},"line":5},"1":{"name":"(anonymous_1)","decl":{"start":{"line":12,"column":4},"end":{"line":12,"column":5}},"loc":{"start":{"line":12,"column":29},"end":{"line":16,"column":5}},"line":12},"2":{"name":"(anonymous_2)","decl":{"start":{"line":49,"column":27},"end":{"line":49,"column":28}},"loc":{"start":{"line":49,"column":43},"end":{"line":51,"column":3}},"line":49}},"branchMap":{},"s":{"0":2,"1":2,"2":2,"3":2,"4":2,"5":2,"6":2,"7":0,"8":2},"f":{"0":2,"1":2,"2":0},"b":{},"_coverageSchema":"1a1c01bbd47fc00a2c39e90264f33305004495a9","hash":"9a1dfd3ebb06dd76cbc9f613e6bfdccfda1811c0"}
,"C:\\Users\\devir\\Desktop\\challenge\\fsjs-t1-final-server\\services\\server2\\models\\petshop.js": {"path":"C:\\Users\\devir\\Desktop\\challenge\\fsjs-t1-final-server\\services\\server2\\models\\petshop.js","statementMap":{"0":{"start":{"line":4,"column":4},"end":{"line":4,"column":24}},"1":{"start":{"line":5,"column":0},"end":{"line":49,"column":2}},"2":{"start":{"line":13,"column":6},"end":{"line":13,"column":36}},"3":{"start":{"line":14,"column":6},"end":{"line":14,"column":44}},"4":{"start":{"line":15,"column":6},"end":{"line":15,"column":34}},"5":{"start":{"line":16,"column":6},"end":{"line":16,"column":64}},"6":{"start":{"line":17,"column":6},"end":{"line":17,"column":41}},"7":{"start":{"line":18,"column":6},"end":{"line":18,"column":43}},"8":{"start":{"line":24,"column":2},"end":{"line":47,"column":5}},"9":{"start":{"line":48,"column":2},"end":{"line":48,"column":17}}},"fnMap":{"0":{"name":"(anonymous_0)","decl":{"start":{"line":5,"column":17},"end":{"line":5,"column":18}},"loc":{"start":{"line":5,"column":43},"end":{"line":49,"column":1}},"line":5},"1":{"name":"(anonymous_1)","decl":{"start":{"line":12,"column":4},"end":{"line":12,"column":5}},"loc":{"start":{"line":12,"column":29},"end":{"line":22,"column":5}},"line":12}},"branchMap":{},"s":{"0":2,"1":2,"2":2,"3":2,"4":2,"5":2,"6":2,"7":2,"8":2,"9":2},"f":{"0":2,"1":2},"b":{},"_coverageSchema":"1a1c01bbd47fc00a2c39e90264f33305004495a9","hash":"5548a7f3ea5998ad3dddf3dcc4256449db55a0a7"}
,"C:\\Users\\devir\\Desktop\\challenge\\fsjs-t1-final-server\\services\\server2\\models\\post.js": {"path":"C:\\Users\\devir\\Desktop\\challenge\\fsjs-t1-final-server\\services\\server2\\models\\post.js","statementMap":{"0":{"start":{"line":4,"column":4},"end":{"line":4,"column":24}},"1":{"start":{"line":5,"column":0},"end":{"line":52,"column":2}},"2":{"start":{"line":13,"column":6},"end":{"line":13,"column":36}},"3":{"start":{"line":16,"column":2},"end":{"line":46,"column":5}},"4":{"start":{"line":48,"column":2},"end":{"line":50,"column":4}},"5":{"start":{"line":49,"column":4},"end":{"line":49,"column":26}},"6":{"start":{"line":51,"column":2},"end":{"line":51,"column":14}}},"fnMap":{"0":{"name":"(anonymous_0)","decl":{"start":{"line":5,"column":17},"end":{"line":5,"column":18}},"loc":{"start":{"line":5,"column":43},"end":{"line":52,"column":1}},"line":5},"1":{"name":"(anonymous_1)","decl":{"start":{"line":12,"column":4},"end":{"line":12,"column":5}},"loc":{"start":{"line":12,"column":29},"end":{"line":14,"column":5}},"line":12},"2":{"name":"(anonymous_2)","decl":{"start":{"line":48,"column":20},"end":{"line":48,"column":21}},"loc":{"start":{"line":48,"column":37},"end":{"line":50,"column":3}},"line":48}},"branchMap":{},"s":{"0":2,"1":2,"2":2,"3":2,"4":2,"5":0,"6":2},"f":{"0":2,"1":2,"2":0},"b":{},"_coverageSchema":"1a1c01bbd47fc00a2c39e90264f33305004495a9","hash":"c236f01dd70225b2fcf5716296a87f3897b36824"}
,"C:\\Users\\devir\\Desktop\\challenge\\fsjs-t1-final-server\\services\\server2\\models\\service.js": {"path":"C:\\Users\\devir\\Desktop\\challenge\\fsjs-t1-final-server\\services\\server2\\models\\service.js","statementMap":{"0":{"start":{"line":4,"column":4},"end":{"line":4,"column":24}},"1":{"start":{"line":5,"column":0},"end":{"line":57,"column":2}},"2":{"start":{"line":14,"column":6},"end":{"line":14,"column":66}},"3":{"start":{"line":15,"column":6},"end":{"line":15,"column":35}},"4":{"start":{"line":18,"column":2},"end":{"line":55,"column":5}},"5":{"start":{"line":56,"column":2},"end":{"line":56,"column":17}}},"fnMap":{"0":{"name":"(anonymous_0)","decl":{"start":{"line":5,"column":17},"end":{"line":5,"column":18}},"loc":{"start":{"line":5,"column":43},"end":{"line":57,"column":1}},"line":5},"1":{"name":"(anonymous_1)","decl":{"start":{"line":12,"column":4},"end":{"line":12,"column":5}},"loc":{"start":{"line":12,"column":29},"end":{"line":16,"column":5}},"line":12}},"branchMap":{},"s":{"0":2,"1":2,"2":2,"3":2,"4":2,"5":2},"f":{"0":2,"1":2},"b":{},"_coverageSchema":"1a1c01bbd47fc00a2c39e90264f33305004495a9","hash":"a94d752dbc800ccf058fede8b52074f21a137dc0"}
}
