TN:
SF:app.js
FNF:0
FNH:0
DA:1,7
DA:2,7
DA:5,7
DA:6,7
DA:7,7
DA:8,7
DA:10,7
DA:11,7
DA:12,7
DA:14,7
DA:15,7
DA:16,7
DA:17,7
DA:18,7
DA:19,7
DA:20,7
DA:26,7
DA:27,7
DA:28,7
DA:29,7
DA:30,7
DA:33,7
DA:34,7
DA:35,7
DA:37,7
DA:40,7
DA:41,7
DA:42,7
DA:43,7
DA:47,7
DA:48,7
DA:49,7
DA:50,7
DA:51,7
DA:55,7
DA:56,7
DA:57,7
DA:58,7
DA:59,7
DA:62,7
DA:63,7
DA:64,7
DA:65,7
DA:67,7
DA:70,7
DA:71,7
DA:72,7
DA:74,7
DA:79,7
DA:85,7
LF:50
LH:50
BRDA:1,0,0,7
BRDA:1,0,1,0
BRDA:8,1,0,7
BRDA:8,1,1,7
BRF:4
BRH:3
end_of_record
TN:
SF:controllers\controller.js
FN:20,(anonymous_0)
FN:50,(anonymous_1)
FN:89,(anonymous_2)
FN:122,(anonymous_3)
FN:144,(anonymous_4)
FN:189,(anonymous_5)
FN:209,(anonymous_6)
FN:229,(anonymous_7)
FN:256,(anonymous_8)
FN:301,(anonymous_9)
FN:337,(anonymous_10)
FN:360,(anonymous_11)
FN:390,(anonymous_12)
FN:415,(anonymous_13)
FN:448,(anonymous_14)
FN:463,(anonymous_15)
FN:479,(anonymous_16)
FN:514,(anonymous_17)
FN:535,(anonymous_18)
FN:562,(anonymous_19)
FN:577,(anonymous_20)
FN:593,(anonymous_21)
FN:625,(anonymous_22)
FN:646,(anonymous_23)
FN:676,(anonymous_24)
FN:690,(anonymous_25)
FN:721,(anonymous_26)
FN:742,(anonymous_27)
FN:761,(anonymous_28)
FN:778,(anonymous_29)
FNF:30
FNH:29
FNDA:2,(anonymous_0)
FNDA:3,(anonymous_1)
FNDA:5,(anonymous_2)
FNDA:2,(anonymous_3)
FNDA:2,(anonymous_4)
FNDA:1,(anonymous_5)
FNDA:1,(anonymous_6)
FNDA:1,(anonymous_7)
FNDA:0,(anonymous_8)
FNDA:2,(anonymous_9)
FNDA:2,(anonymous_10)
FNDA:2,(anonymous_11)
FNDA:2,(anonymous_12)
FNDA:4,(anonymous_13)
FNDA:1,(anonymous_14)
FNDA:1,(anonymous_15)
FNDA:1,(anonymous_16)
FNDA:1,(anonymous_17)
FNDA:3,(anonymous_18)
FNDA:1,(anonymous_19)
FNDA:1,(anonymous_20)
FNDA:1,(anonymous_21)
FNDA:1,(anonymous_22)
FNDA:4,(anonymous_23)
FNDA:1,(anonymous_24)
FNDA:1,(anonymous_25)
FNDA:1,(anonymous_26)
FNDA:2,(anonymous_27)
FNDA:1,(anonymous_28)
FNDA:1,(anonymous_29)
DA:10,7
DA:11,7
DA:12,7
DA:13,7
DA:14,7
DA:15,7
DA:21,2
DA:23,2
DA:25,2
DA:26,2
DA:27,0
DA:28,0
DA:32,2
DA:43,1
DA:45,1
DA:46,1
DA:51,3
DA:52,3
DA:53,3
DA:55,3
DA:56,3
DA:57,1
DA:60,2
DA:61,2
DA:62,0
DA:63,0
DA:67,2
DA:82,1
DA:84,2
DA:85,2
DA:90,5
DA:92,5
DA:94,5
DA:95,5
DA:103,5
DA:104,2
DA:106,5
DA:107,2
DA:112,5
DA:114,5
DA:115,5
DA:117,0
DA:118,0
DA:123,2
DA:124,2
DA:128,2
DA:129,2
DA:133,2
DA:134,1
DA:137,1
DA:139,1
DA:140,1
DA:145,2
DA:148,2
DA:149,2
DA:150,2
DA:152,2
DA:180,2
DA:181,2
DA:183,0
DA:184,0
DA:190,1
DA:191,1
DA:192,1
DA:202,1
DA:204,0
DA:205,0
DA:210,1
DA:211,1
DA:213,1
DA:221,1
DA:223,0
DA:224,0
DA:230,1
DA:231,1
DA:232,1
DA:234,1
DA:235,1
DA:236,1
DA:237,0
DA:238,0
DA:241,1
DA:247,1
DA:248,1
DA:250,0
DA:251,0
DA:257,0
DA:259,0
DA:260,0
DA:265,0
DA:270,0
DA:271,0
DA:273,0
DA:287,0
DA:293,0
DA:295,0
DA:296,0
DA:302,2
DA:303,2
DA:304,2
DA:307,2
DA:318,2
DA:319,1
DA:322,1
DA:330,1
DA:332,1
DA:333,1
DA:339,2
DA:340,2
DA:342,2
DA:349,2
DA:350,1
DA:353,1
DA:355,1
DA:356,1
DA:361,2
DA:362,2
DA:363,2
DA:365,2
DA:366,2
DA:367,1
DA:370,1
DA:383,1
DA:385,1
DA:386,1
DA:391,2
DA:392,2
DA:393,2
DA:394,2
DA:396,2
DA:397,1
DA:400,1
DA:406,1
DA:408,1
DA:409,1
DA:416,4
DA:419,4
DA:420,4
DA:421,0
DA:424,0
DA:433,4
DA:441,1
DA:444,3
DA:449,1
DA:450,1
DA:456,1
DA:459,0
DA:464,1
DA:465,1
DA:472,1
DA:475,0
DA:480,1
DA:481,1
DA:482,1
DA:483,0
DA:484,0
DA:485,0
DA:488,1
DA:505,1
DA:509,0
DA:510,0
DA:515,1
DA:516,1
DA:517,1
DA:518,0
DA:521,1
DA:528,1
DA:531,0
DA:536,3
DA:541,3
DA:542,3
DA:543,0
DA:546,0
DA:549,3
DA:555,1
DA:558,2
DA:563,1
DA:564,1
DA:570,1
DA:572,0
DA:573,0
DA:578,1
DA:579,1
DA:586,1
DA:589,0
DA:594,1
DA:595,1
DA:596,1
DA:597,0
DA:598,0
DA:599,0
DA:602,1
DA:618,1
DA:620,0
DA:621,0
DA:626,1
DA:627,1
DA:628,1
DA:629,0
DA:632,1
DA:639,1
DA:642,0
DA:647,4
DA:654,4
DA:655,4
DA:656,0
DA:659,0
DA:663,4
DA:670,1
DA:673,3
DA:677,1
DA:678,1
DA:684,1
DA:687,0
DA:691,1
DA:692,1
DA:693,1
DA:694,0
DA:696,0
DA:699,1
DA:715,1
DA:718,0
DA:722,1
DA:723,1
DA:724,1
DA:725,0
DA:728,1
DA:735,1
DA:738,0
DA:743,2
DA:744,2
DA:748,2
DA:754,1
DA:757,1
DA:762,1
DA:763,1
DA:771,1
DA:773,0
DA:774,0
DA:779,1
DA:780,1
DA:788,1
DA:790,0
DA:791,0
DA:796,7
LF:245
LH:183
BRDA:26,0,0,0
BRDA:26,0,1,2
BRDA:56,1,0,1
BRDA:56,1,1,2
BRDA:61,2,0,0
BRDA:61,2,1,2
BRDA:103,3,0,2
BRDA:103,3,1,3
BRDA:106,4,0,2
BRDA:106,4,1,3
BRDA:133,5,0,1
BRDA:133,5,1,1
BRDA:236,6,0,0
BRDA:236,6,1,1
BRDA:318,7,0,1
BRDA:318,7,1,1
BRDA:349,8,0,1
BRDA:349,8,1,1
BRDA:366,9,0,1
BRDA:366,9,1,1
BRDA:396,10,0,1
BRDA:396,10,1,1
BRDA:420,11,0,0
BRDA:420,11,1,4
BRDA:482,12,0,0
BRDA:482,12,1,1
BRDA:517,13,0,0
BRDA:517,13,1,1
BRDA:542,14,0,0
BRDA:542,14,1,3
BRDA:596,15,0,0
BRDA:596,15,1,1
BRDA:628,16,0,0
BRDA:628,16,1,1
BRDA:655,17,0,0
BRDA:655,17,1,4
BRDA:693,18,0,0
BRDA:693,18,1,1
BRDA:724,19,0,0
BRDA:724,19,1,1
BRF:40
BRH:28
end_of_record
TN:
SF:helpers\imageKit.js
FN:4,ImageCloud
FNF:1
FNH:0
FNDA:0,ImageCloud
DA:1,7
DA:2,7
DA:5,0
DA:6,0
DA:7,0
DA:10,0
DA:12,0
DA:21,0
DA:24,7
LF:9
LH:3
BRF:0
BRH:0
end_of_record
TN:
SF:helpers\multer.js
FNF:0
FNH:0
DA:1,7
DA:2,7
DA:4,7
DA:5,7
DA:17,7
LF:5
LH:5
BRF:0
BRH:0
end_of_record
TN:
SF:library\seedAction.js
FN:5,seedAction
FN:14,(anonymous_1)
FNF:2
FNH:2
FNDA:1,seedAction
FNDA:2,(anonymous_1)
DA:1,1
DA:2,1
DA:3,1
DA:6,1
DA:7,1
DA:13,1
DA:14,1
DA:15,2
DA:16,2
DA:17,2
DA:18,2
DA:21,1
DA:23,0
DA:27,1
LF:14
LH:13
BRF:0
BRH:0
end_of_record
TN:
SF:library\seedDoctor.js
FN:6,seedDoctor
FN:12,(anonymous_1)
FNF:2
FNH:2
FNDA:4,seedDoctor
FNDA:24,(anonymous_1)
DA:1,5
DA:2,5
DA:3,5
DA:4,5
DA:7,4
DA:8,4
DA:11,4
DA:12,4
DA:13,24
DA:17,4
DA:19,4
DA:20,4
DA:24,0
DA:28,5
LF:14
LH:13
BRF:0
BRH:0
end_of_record
TN:
SF:library\seedDoctorSchedule.js
FN:5,seedDocSched
FN:11,(anonymous_1)
FNF:2
FNH:2
FNDA:6,seedDocSched
FNDA:48,(anonymous_1)
DA:1,6
DA:2,6
DA:3,6
DA:6,6
DA:7,6
DA:10,6
DA:11,6
DA:12,48
DA:16,6
DA:19,0
DA:23,6
LF:11
LH:10
BRF:0
BRH:0
end_of_record
TN:
SF:library\seedMedicalRecord.js
FN:5,seedMedicalRecord
FN:14,(anonymous_1)
FNF:2
FNH:2
FNDA:1,seedMedicalRecord
FNDA:1,(anonymous_1)
DA:1,1
DA:2,1
DA:3,1
DA:6,1
DA:7,1
DA:13,1
DA:14,1
DA:15,1
DA:16,1
DA:17,1
DA:18,1
DA:21,1
DA:23,0
DA:27,1
LF:14
LH:13
BRF:0
BRH:0
end_of_record
TN:
SF:library\seedPetSchedule.js
FN:5,seedPetSchedule
FN:16,(anonymous_1)
FNF:2
FNH:2
FNDA:1,seedPetSchedule
FNDA:3,(anonymous_1)
DA:1,1
DA:2,1
DA:3,1
DA:6,1
DA:7,1
DA:15,1
DA:16,1
DA:17,3
DA:18,3
DA:19,3
DA:22,1
DA:24,1
DA:28,0
DA:32,1
LF:14
LH:13
BRF:0
BRH:0
end_of_record
TN:
SF:library\seedPetshops.js
FN:6,seedPetshop
FN:16,(anonymous_1)
FNF:2
FNH:2
FNDA:7,seedPetshop
FNDA:21,(anonymous_1)
DA:1,7
DA:2,7
DA:3,7
DA:4,7
DA:7,7
DA:8,7
DA:15,7
DA:16,7
DA:17,21
DA:18,21
DA:26,7
DA:28,0
DA:32,7
LF:13
LH:12
BRF:0
BRH:0
end_of_record
TN:
SF:library\seedPost.js
FN:5,seedPost
FN:11,(anonymous_1)
FNF:2
FNH:2
FNDA:1,seedPost
FNDA:2,(anonymous_1)
DA:1,1
DA:2,1
DA:3,1
DA:6,1
DA:7,1
DA:10,1
DA:11,1
DA:12,2
DA:16,1
DA:18,0
DA:22,1
LF:11
LH:10
BRF:0
BRH:0
end_of_record
TN:
SF:library\seedService.js
FN:5,seedService
FN:14,(anonymous_1)
FNF:2
FNH:2
FNDA:3,seedService
FNDA:69,(anonymous_1)
DA:1,3
DA:2,3
DA:3,3
DA:6,3
DA:7,3
DA:13,3
DA:14,3
DA:15,69
DA:16,69
DA:17,69
DA:20,3
DA:22,0
DA:26,3
LF:13
LH:12
BRF:0
BRH:0
end_of_record
TN:
SF:middlewares\authentication.js
FN:11,authentication
FNF:1
FNH:1
FNDA:4,authentication
DA:1,7
DA:2,7
DA:3,7
DA:4,7
DA:5,7
DA:6,7
DA:7,7
DA:8,7
DA:12,4
DA:14,4
DA:15,4
DA:16,4
DA:17,0
DA:21,4
DA:22,4
DA:24,4
DA:29,4
DA:32,4
DA:33,0
DA:35,4
DA:42,4
DA:44,0
DA:45,0
DA:50,7
LF:24
LH:20
BRDA:6,0,0,7
BRDA:6,0,1,7
BRDA:16,1,0,0
BRDA:16,1,1,4
BRDA:32,2,0,0
BRDA:32,2,1,4
BRF:6
BRH:4
end_of_record
TN:
SF:middlewares\errorHandler.js
FN:6,errorHandler
FNF:1
FNH:1
FNDA:17,errorHandler
DA:1,7
DA:2,7
DA:3,7
DA:4,7
DA:7,17
DA:8,5
DA:9,12
DA:10,11
DA:11,1
DA:12,0
DA:13,1
DA:14,0
DA:15,1
DA:16,0
DA:17,1
DA:18,0
DA:19,1
DA:20,0
DA:21,1
DA:22,0
DA:23,1
DA:24,0
DA:25,1
DA:26,1
DA:27,0
DA:28,0
DA:30,0
DA:34,7
LF:28
LH:18
BRDA:7,0,0,5
BRDA:7,0,1,12
BRDA:9,1,0,11
BRDA:9,1,1,1
BRDA:11,2,0,0
BRDA:11,2,1,1
BRDA:13,3,0,0
BRDA:13,3,1,1
BRDA:15,4,0,0
BRDA:15,4,1,1
BRDA:17,5,0,0
BRDA:17,5,1,1
BRDA:19,6,0,0
BRDA:19,6,1,1
BRDA:21,7,0,0
BRDA:21,7,1,1
BRDA:23,8,0,0
BRDA:23,8,1,1
BRDA:25,9,0,1
BRDA:25,9,1,0
BRDA:27,10,0,0
BRDA:27,10,1,0
BRF:22
BRH:12
end_of_record
TN:
SF:middlewares\jwt.js
FN:4,createToken
FN:8,decodeToken
FNF:2
FNH:2
FNDA:4,createToken
FNDA:4,decodeToken
DA:1,7
DA:2,7
DA:5,4
DA:9,4
DA:12,7
LF:5
LH:5
BRF:0
BRH:0
end_of_record
TN:
SF:models\action.js
FN:3,(anonymous_0)
FN:10,(anonymous_1)
FNF:2
FNH:2
FNDA:7,(anonymous_0)
FNDA:7,(anonymous_1)
DA:2,7
DA:3,7
DA:11,7
DA:12,7
DA:15,7
DA:48,7
LF:6
LH:6
BRF:0
BRH:0
end_of_record
TN:
SF:models\doctor.js
FN:5,(anonymous_0)
FN:12,(anonymous_1)
FNF:2
FNH:2
FNDA:7,(anonymous_0)
FNDA:7,(anonymous_1)
DA:4,7
DA:5,7
DA:13,7
DA:14,7
DA:15,7
DA:20,7
DA:58,7
LF:7
LH:7
BRF:0
BRH:0
end_of_record
TN:
SF:models\doctorschedule.js
FN:5,(anonymous_0)
FN:12,(anonymous_1)
FNF:2
FNH:2
FNDA:7,(anonymous_0)
FNDA:7,(anonymous_1)
DA:4,7
DA:5,7
DA:13,7
DA:14,7
DA:15,7
DA:20,7
DA:65,7
LF:7
LH:7
BRF:0
BRH:0
end_of_record
TN:
SF:models\index.js
FN:21,(anonymous_0)
FN:29,(anonymous_1)
FN:34,(anonymous_2)
FNF:3
FNH:3
FNDA:63,(anonymous_0)
FNDA:56,(anonymous_1)
FNDA:56,(anonymous_2)
DA:3,7
DA:4,7
DA:5,7
DA:6,7
DA:7,7
DA:8,7
DA:9,7
DA:10,7
DA:13,7
DA:14,0
DA:16,7
DA:19,7
DA:22,63
DA:30,56
DA:31,56
DA:34,7
DA:35,56
DA:36,56
DA:40,7
DA:41,7
DA:43,7
LF:21
LH:20
BRDA:8,0,0,7
BRDA:8,0,1,0
BRDA:13,1,0,0
BRDA:13,1,1,7
BRDA:23,2,0,63
BRDA:23,2,1,63
BRDA:23,2,2,56
BRDA:23,2,3,56
BRDA:35,3,0,56
BRDA:35,3,1,0
BRF:10
BRH:7
end_of_record
TN:
SF:models\medicalrecord.js
FN:5,(anonymous_0)
FN:12,(anonymous_1)
FNF:2
FNH:2
FNDA:7,(anonymous_0)
FNDA:7,(anonymous_1)
DA:4,7
DA:5,7
DA:14,7
DA:15,7
DA:16,7
DA:17,7
DA:21,7
DA:59,7
LF:8
LH:8
BRF:0
BRH:0
end_of_record
TN:
SF:models\petschedule.js
FN:5,(anonymous_0)
FN:12,(anonymous_1)
FN:49,(anonymous_2)
FNF:3
FNH:3
FNDA:7,(anonymous_0)
FNDA:7,(anonymous_1)
FNDA:1,(anonymous_2)
DA:4,7
DA:5,7
DA:13,7
DA:14,7
DA:15,7
DA:18,7
DA:49,7
DA:50,1
DA:52,7
LF:9
LH:9
BRF:0
BRH:0
end_of_record
TN:
SF:models\petshop.js
FN:5,(anonymous_0)
FN:12,(anonymous_1)
FNF:2
FNH:2
FNDA:7,(anonymous_0)
FNDA:7,(anonymous_1)
DA:4,7
DA:5,7
DA:13,7
DA:14,7
DA:15,7
DA:16,7
DA:17,7
DA:18,7
DA:24,7
DA:48,7
LF:10
LH:10
BRF:0
BRH:0
end_of_record
TN:
SF:models\post.js
FN:5,(anonymous_0)
FN:12,(anonymous_1)
FN:48,(anonymous_2)
FNF:3
FNH:3
FNDA:7,(anonymous_0)
FNDA:7,(anonymous_1)
FNDA:1,(anonymous_2)
DA:4,7
DA:5,7
DA:13,7
DA:16,7
DA:48,7
DA:49,1
DA:51,7
LF:7
LH:7
BRF:0
BRH:0
end_of_record
TN:
SF:models\service.js
FN:5,(anonymous_0)
FN:12,(anonymous_1)
FNF:2
FNH:2
FNDA:7,(anonymous_0)
FNDA:7,(anonymous_1)
DA:4,7
DA:5,7
DA:14,7
DA:15,7
DA:18,7
DA:56,7
LF:6
LH:6
BRF:0
BRH:0
end_of_record
